IQ-TREE multicore version 2.2.6 COVID-edition for Linux 64-bit built Dec  8 2023
Developed by Bui Quang Minh, James Barbetti, Nguyen Lam Tung,
Olga Chernomor, Heiko Schmidt, Dominik Schrempf, Michael Woodhams, Ly Trong Nhan.

Host:    bioinf-serv2.cob.lu.se (AVX2, FMA3, 2003 GB RAM)
Command: iqtree2 -nt 32 -s ../14_PHYLO-ALIGN/24759at5794_tRNA-align.faa -m MFP -B 1000 --prefix 24759at5794_tRNA/24759at5794_tRNA
Seed:    97989 (Using SPRNG - Scalable Parallel Random Number Generator)
Time:    Fri Mar  1 10:54:18 2024
Kernel:  AVX+FMA - 32 threads (256 CPU cores detected)

Reading alignment file ../14_PHYLO-ALIGN/24759at5794_tRNA-align.faa ... Fasta format detected
Reading fasta file: done in 0.000114073 secs using 19.29% CPU
Alignment most likely contains protein sequences
Constructing alignment: done in 0.000826235 secs using 89.44% CPU
Alignment has 8 sequences with 513 columns, 310 distinct patterns
105 parsimony-informative, 142 singleton sites, 266 constant sites
           Gap/Ambiguity  Composition  p-value
Analyzing sequences: done in 7.03027e-05 secs using 89.61% CPU
   1  548_g_Ht    44.83%    passed     55.26%
   2  3384_g_Pb   37.62%    passed     13.92%
   3  2031_g_Pc   36.65%    passed     98.02%
   4  153_g_Pf    38.40%    passed     35.80%
   5  2069_g_Pk   38.40%    passed     99.78%
   6  1988_g_Pv   26.90%    passed     57.92%
   7  1081_g_Py   38.01%    passed     13.02%
   8  3148_g_Tg   36.84%    failed      0.00%
****  TOTAL       37.21%  1 sequences failed composition chi2 test (p-value<5%; df=19)
Checking for duplicate sequences: done in 5.08912e-05 secs using 88.42% CPU


Create initial parsimony tree by phylogenetic likelihood library (PLL)... 0.000 seconds
WARNING: Number of threads seems too high for short alignments. Use -T AUTO to determine best number of threads.
Perform fast likelihood tree search using LG+I+G model...
Estimate model parameters (epsilon = 5.000)
Perform nearest neighbor interchange...
Optimizing NNI: done in 0.0478249 secs using 3184% CPU
Estimate model parameters (epsilon = 1.000)
1. Initial log-likelihood: -3800.231
2. Current log-likelihood: -3798.235
3. Current log-likelihood: -3796.953
Optimal log-likelihood: -3796.053
Proportion of invariable sites: 0.112
Gamma shape alpha: 0.750
Parameters optimization took 3 rounds (0.046 sec)
Time for fast ML tree search: 0.137 seconds

NOTE: ModelFinder requires 5 MB RAM!
ModelFinder will test up to 1232 protein models (sample size: 513) ...
 No. Model         -LnL         df  AIC          AICc         BIC
WARNING: Number of threads seems too high for short alignments. Use -T AUTO to determine best number of threads.
  1  LG            3893.779     13  7813.559     7814.288     7868.682
WARNING: Number of threads seems too high for short alignments. Use -T AUTO to determine best number of threads.
  2  LG+I          3862.355     14  7752.711     7753.554     7812.074
WARNING: Number of threads seems too high for short alignments. Use -T AUTO to determine best number of threads.
  3  LG+G4         3791.451     14  7610.901     7611.745     7670.265
WARNING: Number of threads seems too high for short alignments. Use -T AUTO to determine best number of threads.
  4  LG+I+G4       3792.630     15  7615.261     7616.227     7678.865
WARNING: Number of threads seems too high for short alignments. Use -T AUTO to determine best number of threads.
  5  LG+R2         3784.593     15  7599.187     7600.153     7662.791
WARNING: Number of threads seems too high for short alignments. Use -T AUTO to determine best number of threads.
  6  LG+R3         3778.121     17  7590.243     7591.479     7662.328
WARNING: Number of threads seems too high for short alignments. Use -T AUTO to determine best number of threads.
  7  LG+R4         3777.030     19  7592.061     7593.602     7672.626
WARNING: Number of threads seems too high for short alignments. Use -T AUTO to determine best number of threads.
 14  LG+I+R2       3781.615     16  7595.230     7596.327     7663.075
WARNING: Number of threads seems too high for short alignments. Use -T AUTO to determine best number of threads.
 15  LG+I+R3       3776.805     18  7589.611     7590.995     7665.936
WARNING: Number of threads seems too high for short alignments. Use -T AUTO to determine best number of threads.
 25  LG+F+G4       3777.963     33  7621.926     7626.610     7761.855
WARNING: Number of threads seems too high for short alignments. Use -T AUTO to determine best number of threads.
 27  LG+F+R2       3771.527     34  7611.054     7616.033     7755.224
WARNING: Number of threads seems too high for short alignments. Use -T AUTO to determine best number of threads.
 28  LG+F+R3       3765.107     36  7602.213     7607.810     7754.863
WARNING: Number of threads seems too high for short alignments. Use -T AUTO to determine best number of threads.
 36  LG+F+I+R2     3767.389     35  7604.778     7610.061     7753.188
WARNING: Number of threads seems too high for short alignments. Use -T AUTO to determine best number of threads.
 37  LG+F+I+R3     3765.258     37  7604.516     7610.436     7761.406
WARNING: Number of threads seems too high for short alignments. Use -T AUTO to determine best number of threads.
 47  WAG+G4        3794.242     14  7616.483     7617.327     7675.847
WARNING: Number of threads seems too high for short alignments. Use -T AUTO to determine best number of threads.
 49  WAG+R2        3787.614     15  7605.228     7606.194     7668.832
WARNING: Number of threads seems too high for short alignments. Use -T AUTO to determine best number of threads.
 50  WAG+R3        3783.671     17  7601.341     7602.577     7673.426
WARNING: Number of threads seems too high for short alignments. Use -T AUTO to determine best number of threads.
 58  WAG+I+R2      3785.587     16  7603.174     7604.271     7671.018
WARNING: Number of threads seems too high for short alignments. Use -T AUTO to determine best number of threads.
 59  WAG+I+R3      3784.379     18  7604.757     7606.142     7681.082
WARNING: Number of threads seems too high for short alignments. Use -T AUTO to determine best number of threads.
 69  WAG+F+G4      3784.401     33  7634.802     7639.487     7774.731
WARNING: Number of threads seems too high for short alignments. Use -T AUTO to determine best number of threads.
 71  WAG+F+R2      3778.599     34  7625.199     7630.178     7769.368
WARNING: Number of threads seems too high for short alignments. Use -T AUTO to determine best number of threads.
 72  WAG+F+R3      3774.007     36  7620.013     7625.610     7772.663
WARNING: Number of threads seems too high for short alignments. Use -T AUTO to determine best number of threads.
 80  WAG+F+I+R2    3775.054     35  7620.108     7625.391     7768.518
WARNING: Number of threads seems too high for short alignments. Use -T AUTO to determine best number of threads.
 81  WAG+F+I+R3    3774.320     37  7622.639     7628.559     7779.529
WARNING: Number of threads seems too high for short alignments. Use -T AUTO to determine best number of threads.
 91  JTT+G4        3779.592     14  7587.183     7588.027     7646.547
WARNING: Number of threads seems too high for short alignments. Use -T AUTO to determine best number of threads.
 93  JTT+R2        3776.834     15  7583.669     7584.635     7647.273
WARNING: Number of threads seems too high for short alignments. Use -T AUTO to determine best number of threads.
 94  JTT+R3        3772.520     17  7579.039     7580.276     7651.124
WARNING: Number of threads seems too high for short alignments. Use -T AUTO to determine best number of threads.
102  JTT+I+R2      3773.480     16  7578.960     7580.057     7646.805
WARNING: Number of threads seems too high for short alignments. Use -T AUTO to determine best number of threads.
103  JTT+I+R3      3772.720     18  7581.441     7582.826     7657.766
WARNING: Number of threads seems too high for short alignments. Use -T AUTO to determine best number of threads.
113  JTT+F+G4      3767.063     33  7600.127     7604.811     7740.056
WARNING: Number of threads seems too high for short alignments. Use -T AUTO to determine best number of threads.
115  JTT+F+R2      3764.141     34  7596.282     7601.261     7740.451
WARNING: Number of threads seems too high for short alignments. Use -T AUTO to determine best number of threads.
116  JTT+F+R3      3759.971     36  7591.941     7597.538     7744.591
WARNING: Number of threads seems too high for short alignments. Use -T AUTO to determine best number of threads.
124  JTT+F+I+R2    3759.818     35  7589.637     7594.920     7738.046
WARNING: Number of threads seems too high for short alignments. Use -T AUTO to determine best number of threads.
125  JTT+F+I+R3    3759.518     37  7593.035     7598.955     7749.925
WARNING: Normalizing state frequencies so that sum of them equals to 1
WARNING: Number of threads seems too high for short alignments. Use -T AUTO to determine best number of threads.
135  Q.pfam+G4     3797.241     14  7622.482     7623.326     7681.846
WARNING: Normalizing state frequencies so that sum of them equals to 1
WARNING: Number of threads seems too high for short alignments. Use -T AUTO to determine best number of threads.
137  Q.pfam+R2     3791.085     15  7612.170     7613.136     7675.774
WARNING: Normalizing state frequencies so that sum of them equals to 1
WARNING: Number of threads seems too high for short alignments. Use -T AUTO to determine best number of threads.
138  Q.pfam+R3     3784.211     17  7602.421     7603.658     7674.506
WARNING: Normalizing state frequencies so that sum of them equals to 1
WARNING: Number of threads seems too high for short alignments. Use -T AUTO to determine best number of threads.
146  Q.pfam+I+R2   3788.231     16  7608.462     7609.559     7676.307
WARNING: Normalizing state frequencies so that sum of them equals to 1
WARNING: Number of threads seems too high for short alignments. Use -T AUTO to determine best number of threads.
147  Q.pfam+I+R3   3783.354     18  7602.708     7604.093     7679.033
WARNING: Normalizing state frequencies so that sum of them equals to 1
WARNING: Number of threads seems too high for short alignments. Use -T AUTO to determine best number of threads.
157  Q.pfam+F+G4   3781.957     33  7629.914     7634.598     7769.843
WARNING: Normalizing state frequencies so that sum of them equals to 1
WARNING: Number of threads seems too high for short alignments. Use -T AUTO to determine best number of threads.
159  Q.pfam+F+R2   3775.828     34  7619.655     7624.634     7763.824
WARNING: Normalizing state frequencies so that sum of them equals to 1
WARNING: Number of threads seems too high for short alignments. Use -T AUTO to determine best number of threads.
160  Q.pfam+F+R3   3769.724     36  7611.448     7617.044     7764.098
WARNING: Normalizing state frequencies so that sum of them equals to 1
WARNING: Number of threads seems too high for short alignments. Use -T AUTO to determine best number of threads.
168  Q.pfam+F+I+R2 3771.813     35  7613.625     7618.908     7762.035
WARNING: Normalizing state frequencies so that sum of them equals to 1
WARNING: Number of threads seems too high for short alignments. Use -T AUTO to determine best number of threads.
169  Q.pfam+F+I+R3 3769.777     37  7613.554     7619.474     7770.444
WARNING: Normalizing state frequencies so that sum of them equals to 1
WARNING: Number of threads seems too high for short alignments. Use -T AUTO to determine best number of threads.
179  Q.bird+G4     3793.127     14  7614.254     7615.097     7673.618
WARNING: Normalizing state frequencies so that sum of them equals to 1
WARNING: Number of threads seems too high for short alignments. Use -T AUTO to determine best number of threads.
181  Q.bird+R2     3794.679     15  7619.358     7620.324     7682.962
WARNING: Normalizing state frequencies so that sum of them equals to 1
WARNING: Number of threads seems too high for short alignments. Use -T AUTO to determine best number of threads.
182  Q.bird+R3     3787.366     17  7608.731     7609.968     7680.816
WARNING: Normalizing state frequencies so that sum of them equals to 1
WARNING: Number of threads seems too high for short alignments. Use -T AUTO to determine best number of threads.
190  Q.bird+I+R2   3788.012     16  7608.023     7609.120     7675.867
WARNING: Normalizing state frequencies so that sum of them equals to 1
WARNING: Number of threads seems too high for short alignments. Use -T AUTO to determine best number of threads.
191  Q.bird+I+R3   3786.752     18  7609.505     7610.890     7685.830
WARNING: Normalizing state frequencies so that sum of them equals to 1
WARNING: Number of threads seems too high for short alignments. Use -T AUTO to determine best number of threads.
201  Q.bird+F+G4   3777.203     33  7620.407     7625.092     7760.336
WARNING: Normalizing state frequencies so that sum of them equals to 1
WARNING: Number of threads seems too high for short alignments. Use -T AUTO to determine best number of threads.
203  Q.bird+F+R2   3777.165     34  7622.330     7627.310     7766.500
WARNING: Normalizing state frequencies so that sum of them equals to 1
WARNING: Number of threads seems too high for short alignments. Use -T AUTO to determine best number of threads.
204  Q.bird+F+R3   3770.865     36  7613.729     7619.326     7766.379
WARNING: Normalizing state frequencies so that sum of them equals to 1
WARNING: Number of threads seems too high for short alignments. Use -T AUTO to determine best number of threads.
212  Q.bird+F+I+R2 3770.706     35  7611.412     7616.695     7759.822
WARNING: Normalizing state frequencies so that sum of them equals to 1
WARNING: Number of threads seems too high for short alignments. Use -T AUTO to determine best number of threads.
213  Q.bird+F+I+R3 3770.025     37  7614.049     7619.969     7770.940
WARNING: Normalizing state frequencies so that sum of them equals to 1
WARNING: Number of threads seems too high for short alignments. Use -T AUTO to determine best number of threads.
223  Q.mammal+G4   3796.650     14  7621.300     7622.143     7680.664
WARNING: Normalizing state frequencies so that sum of them equals to 1
WARNING: Number of threads seems too high for short alignments. Use -T AUTO to determine best number of threads.
225  Q.mammal+R2   3795.677     15  7621.353     7622.319     7684.957
WARNING: Normalizing state frequencies so that sum of them equals to 1
WARNING: Number of threads seems too high for short alignments. Use -T AUTO to determine best number of threads.
226  Q.mammal+R3   3789.565     17  7613.129     7614.366     7685.214
WARNING: Normalizing state frequencies so that sum of them equals to 1
WARNING: Number of threads seems too high for short alignments. Use -T AUTO to determine best number of threads.
234  Q.mammal+I+R2 3790.403     16  7612.805     7613.902     7680.649
WARNING: Normalizing state frequencies so that sum of them equals to 1
WARNING: Number of threads seems too high for short alignments. Use -T AUTO to determine best number of threads.
235  Q.mammal+I+R3 3789.386     18  7614.773     7616.157     7691.098
WARNING: Normalizing state frequencies so that sum of them equals to 1
WARNING: Number of threads seems too high for short alignments. Use -T AUTO to determine best number of threads.
245  Q.mammal+F+G4 3778.229     33  7622.459     7627.143     7762.388
WARNING: Normalizing state frequencies so that sum of them equals to 1
WARNING: Number of threads seems too high for short alignments. Use -T AUTO to determine best number of threads.
247  Q.mammal+F+R2 3775.927     34  7619.855     7624.834     7764.024
WARNING: Normalizing state frequencies so that sum of them equals to 1
WARNING: Number of threads seems too high for short alignments. Use -T AUTO to determine best number of threads.
248  Q.mammal+F+R3 3770.739     36  7613.477     7619.074     7766.127
WARNING: Normalizing state frequencies so that sum of them equals to 1
WARNING: Number of threads seems too high for short alignments. Use -T AUTO to determine best number of threads.
256  Q.mammal+F+I+R2 3770.664     35  7611.329     7616.612     7759.739
WARNING: Normalizing state frequencies so that sum of them equals to 1
WARNING: Number of threads seems too high for short alignments. Use -T AUTO to determine best number of threads.
257  Q.mammal+F+I+R3 3770.196     37  7614.391     7620.311     7771.281
WARNING: Number of threads seems too high for short alignments. Use -T AUTO to determine best number of threads.
267  Q.insect+G4   3783.927     14  7595.855     7596.698     7655.218
WARNING: Number of threads seems too high for short alignments. Use -T AUTO to determine best number of threads.
269  Q.insect+R2   3779.984     15  7589.967     7590.933     7653.572
WARNING: Number of threads seems too high for short alignments. Use -T AUTO to determine best number of threads.
270  Q.insect+R3   3773.316     17  7580.631     7581.867     7652.716
WARNING: Number of threads seems too high for short alignments. Use -T AUTO to determine best number of threads.
278  Q.insect+I+R2 3775.325     16  7582.650     7583.746     7650.494
WARNING: Number of threads seems too high for short alignments. Use -T AUTO to determine best number of threads.
279  Q.insect+I+R3 3773.446     18  7582.893     7584.277     7659.218
WARNING: Number of threads seems too high for short alignments. Use -T AUTO to determine best number of threads.
289  Q.insect+F+G4 3776.178     33  7618.357     7623.042     7758.286
WARNING: Number of threads seems too high for short alignments. Use -T AUTO to determine best number of threads.
291  Q.insect+F+R2 3772.456     34  7612.911     7617.890     7757.081
WARNING: Number of threads seems too high for short alignments. Use -T AUTO to determine best number of threads.
292  Q.insect+F+R3 3766.192     36  7604.385     7609.982     7757.035
WARNING: Number of threads seems too high for short alignments. Use -T AUTO to determine best number of threads.
300  Q.insect+F+I+R2 3767.405     35  7604.810     7610.093     7753.220
WARNING: Number of threads seems too high for short alignments. Use -T AUTO to determine best number of threads.
301  Q.insect+F+I+R3 3766.315     37  7606.630     7612.550     7763.520
WARNING: Normalizing state frequencies so that sum of them equals to 1
WARNING: Number of threads seems too high for short alignments. Use -T AUTO to determine best number of threads.
311  Q.plant+G4    3772.258     14  7572.516     7573.359     7631.880
WARNING: Normalizing state frequencies so that sum of them equals to 1
WARNING: Number of threads seems too high for short alignments. Use -T AUTO to determine best number of threads.
313  Q.plant+R2    3767.662     15  7565.323     7566.289     7628.927
WARNING: Normalizing state frequencies so that sum of them equals to 1
WARNING: Number of threads seems too high for short alignments. Use -T AUTO to determine best number of threads.
314  Q.plant+R3    3760.805     17  7555.609     7556.846     7627.694
WARNING: Normalizing state frequencies so that sum of them equals to 1
WARNING: Number of threads seems too high for short alignments. Use -T AUTO to determine best number of threads.
322  Q.plant+I+R2  3763.414     16  7558.828     7559.924     7626.672
WARNING: Normalizing state frequencies so that sum of them equals to 1
WARNING: Number of threads seems too high for short alignments. Use -T AUTO to determine best number of threads.
323  Q.plant+I+R3  3760.796     18  7557.592     7558.977     7633.917
WARNING: Normalizing state frequencies so that sum of them equals to 1
WARNING: Number of threads seems too high for short alignments. Use -T AUTO to determine best number of threads.
333  Q.plant+F+G4  3761.932     33  7589.864     7594.549     7729.793
WARNING: Normalizing state frequencies so that sum of them equals to 1
WARNING: Number of threads seems too high for short alignments. Use -T AUTO to determine best number of threads.
335  Q.plant+F+R2  3756.240     34  7580.480     7585.459     7724.649
WARNING: Normalizing state frequencies so that sum of them equals to 1
WARNING: Number of threads seems too high for short alignments. Use -T AUTO to determine best number of threads.
336  Q.plant+F+R3  3750.652     36  7573.305     7578.901     7725.955
WARNING: Normalizing state frequencies so that sum of them equals to 1
WARNING: Number of threads seems too high for short alignments. Use -T AUTO to determine best number of threads.
344  Q.plant+F+I+R2 3751.603     35  7573.207     7578.490     7721.617
WARNING: Normalizing state frequencies so that sum of them equals to 1
WARNING: Number of threads seems too high for short alignments. Use -T AUTO to determine best number of threads.
345  Q.plant+F+I+R3 3750.564     37  7575.128     7581.048     7732.018
WARNING: Normalizing state frequencies so that sum of them equals to 1
WARNING: Number of threads seems too high for short alignments. Use -T AUTO to determine best number of threads.
355  Q.yeast+G4    3780.688     14  7589.376     7590.219     7648.740
WARNING: Normalizing state frequencies so that sum of them equals to 1
WARNING: Number of threads seems too high for short alignments. Use -T AUTO to determine best number of threads.
357  Q.yeast+R2    3775.958     15  7581.916     7582.882     7645.520
WARNING: Normalizing state frequencies so that sum of them equals to 1
WARNING: Number of threads seems too high for short alignments. Use -T AUTO to determine best number of threads.
358  Q.yeast+R3    3768.745     17  7571.491     7572.727     7643.575
WARNING: Normalizing state frequencies so that sum of them equals to 1
WARNING: Number of threads seems too high for short alignments. Use -T AUTO to determine best number of threads.
366  Q.yeast+I+R2  3771.420     16  7574.839     7575.936     7642.684
WARNING: Normalizing state frequencies so that sum of them equals to 1
WARNING: Number of threads seems too high for short alignments. Use -T AUTO to determine best number of threads.
367  Q.yeast+I+R3  3768.491     18  7572.981     7574.366     7649.306
WARNING: Normalizing state frequencies so that sum of them equals to 1
WARNING: Number of threads seems too high for short alignments. Use -T AUTO to determine best number of threads.
377  Q.yeast+F+G4  3773.005     33  7612.011     7616.695     7751.940
WARNING: Normalizing state frequencies so that sum of them equals to 1
WARNING: Number of threads seems too high for short alignments. Use -T AUTO to determine best number of threads.
379  Q.yeast+F+R2  3768.556     34  7605.112     7610.091     7749.282
WARNING: Normalizing state frequencies so that sum of them equals to 1
WARNING: Number of threads seems too high for short alignments. Use -T AUTO to determine best number of threads.
380  Q.yeast+F+R3  3761.967     36  7595.934     7601.530     7748.584
WARNING: Normalizing state frequencies so that sum of them equals to 1
WARNING: Number of threads seems too high for short alignments. Use -T AUTO to determine best number of threads.
388  Q.yeast+F+I+R2 3763.697     35  7597.395     7602.678     7745.804
WARNING: Normalizing state frequencies so that sum of them equals to 1
WARNING: Number of threads seems too high for short alignments. Use -T AUTO to determine best number of threads.
389  Q.yeast+F+I+R3 3761.904     37  7597.808     7603.728     7754.698
WARNING: Number of threads seems too high for short alignments. Use -T AUTO to determine best number of threads.
399  JTTDCMut+G4   3780.287     14  7588.574     7589.418     7647.938
WARNING: Number of threads seems too high for short alignments. Use -T AUTO to determine best number of threads.
401  JTTDCMut+R2   3777.461     15  7584.922     7585.887     7648.526
WARNING: Number of threads seems too high for short alignments. Use -T AUTO to determine best number of threads.
402  JTTDCMut+R3   3773.127     17  7580.255     7581.491     7652.339
WARNING: Number of threads seems too high for short alignments. Use -T AUTO to determine best number of threads.
410  JTTDCMut+I+R2 3774.037     16  7580.073     7581.170     7647.918
WARNING: Number of threads seems too high for short alignments. Use -T AUTO to determine best number of threads.
411  JTTDCMut+I+R3 3773.301     18  7582.602     7583.986     7658.927
WARNING: Number of threads seems too high for short alignments. Use -T AUTO to determine best number of threads.
421  JTTDCMut+F+G4 3767.959     33  7601.918     7606.603     7741.847
WARNING: Number of threads seems too high for short alignments. Use -T AUTO to determine best number of threads.
423  JTTDCMut+F+R2 3765.159     34  7598.318     7603.297     7742.487
WARNING: Number of threads seems too high for short alignments. Use -T AUTO to determine best number of threads.
424  JTTDCMut+F+R3 3760.878     36  7593.756     7599.353     7746.406
WARNING: Number of threads seems too high for short alignments. Use -T AUTO to determine best number of threads.
432  JTTDCMut+F+I+R2 3760.654     35  7591.307     7596.590     7739.717
WARNING: Number of threads seems too high for short alignments. Use -T AUTO to determine best number of threads.
433  JTTDCMut+F+I+R3 3760.375     37  7594.749     7600.669     7751.639
WARNING: Number of threads seems too high for short alignments. Use -T AUTO to determine best number of threads.
443  DCMut+G4      3809.266     14  7646.532     7647.375     7705.896
WARNING: Number of threads seems too high for short alignments. Use -T AUTO to determine best number of threads.
445  DCMut+R2      3807.955     15  7645.910     7646.876     7709.514
WARNING: Number of threads seems too high for short alignments. Use -T AUTO to determine best number of threads.
446  DCMut+R3      3801.339     17  7636.679     7637.915     7708.763
WARNING: Number of threads seems too high for short alignments. Use -T AUTO to determine best number of threads.
454  DCMut+I+R2    3804.048     16  7640.096     7641.192     7707.940
WARNING: Number of threads seems too high for short alignments. Use -T AUTO to determine best number of threads.
455  DCMut+I+R3    3801.572     18  7639.144     7640.529     7715.469
WARNING: Number of threads seems too high for short alignments. Use -T AUTO to determine best number of threads.
465  DCMut+F+G4    3793.242     33  7652.484     7657.169     7792.413
WARNING: Number of threads seems too high for short alignments. Use -T AUTO to determine best number of threads.
467  DCMut+F+R2    3792.616     34  7653.232     7658.211     7797.401
WARNING: Number of threads seems too high for short alignments. Use -T AUTO to determine best number of threads.
468  DCMut+F+R3    3786.060     36  7644.120     7649.716     7796.770
WARNING: Number of threads seems too high for short alignments. Use -T AUTO to determine best number of threads.
476  DCMut+F+I+R2  3786.413     35  7642.826     7648.109     7791.236
WARNING: Number of threads seems too high for short alignments. Use -T AUTO to determine best number of threads.
477  DCMut+F+I+R3  3785.468     37  7644.935     7650.855     7801.826
WARNING: Number of threads seems too high for short alignments. Use -T AUTO to determine best number of threads.
487  VT+G4         3798.580     14  7625.161     7626.004     7684.524
WARNING: Number of threads seems too high for short alignments. Use -T AUTO to determine best number of threads.
489  VT+R2         3793.266     15  7616.531     7617.497     7680.135
WARNING: Number of threads seems too high for short alignments. Use -T AUTO to determine best number of threads.
490  VT+R3         3790.585     17  7615.169     7616.405     7687.254
WARNING: Number of threads seems too high for short alignments. Use -T AUTO to determine best number of threads.
498  VT+I+R2       3791.385     16  7614.770     7615.867     7682.615
WARNING: Number of threads seems too high for short alignments. Use -T AUTO to determine best number of threads.
499  VT+I+R3       3791.125     18  7618.251     7619.635     7694.575
WARNING: Number of threads seems too high for short alignments. Use -T AUTO to determine best number of threads.
509  VT+F+G4       3792.532     33  7651.064     7655.749     7790.993
WARNING: Number of threads seems too high for short alignments. Use -T AUTO to determine best number of threads.
511  VT+F+R2       3787.324     34  7642.648     7647.627     7786.817
WARNING: Number of threads seems too high for short alignments. Use -T AUTO to determine best number of threads.
512  VT+F+R3       3784.506     36  7641.012     7646.608     7793.661
WARNING: Number of threads seems too high for short alignments. Use -T AUTO to determine best number of threads.
520  VT+F+I+R2     3784.692     35  7639.384     7644.667     7787.794
WARNING: Number of threads seems too high for short alignments. Use -T AUTO to determine best number of threads.
521  VT+F+I+R3     3784.539     37  7643.077     7648.997     7799.968
WARNING: Number of threads seems too high for short alignments. Use -T AUTO to determine best number of threads.
531  PMB+G4        3839.943     14  7707.886     7708.729     7767.250
WARNING: Number of threads seems too high for short alignments. Use -T AUTO to determine best number of threads.
533  PMB+R2        3834.410     15  7698.821     7699.787     7762.425
WARNING: Number of threads seems too high for short alignments. Use -T AUTO to determine best number of threads.
534  PMB+R3        3832.774     17  7699.549     7700.785     7771.633
WARNING: Number of threads seems too high for short alignments. Use -T AUTO to determine best number of threads.
542  PMB+I+R2      3833.241     16  7698.481     7699.578     7766.326
WARNING: Number of threads seems too high for short alignments. Use -T AUTO to determine best number of threads.
543  PMB+I+R3      3833.076     18  7702.151     7703.536     7778.476
WARNING: Number of threads seems too high for short alignments. Use -T AUTO to determine best number of threads.
553  PMB+F+G4      3818.528     33  7703.055     7707.740     7842.984
WARNING: Number of threads seems too high for short alignments. Use -T AUTO to determine best number of threads.
555  PMB+F+R2      3813.074     34  7694.148     7699.127     7838.317
WARNING: Number of threads seems too high for short alignments. Use -T AUTO to determine best number of threads.
556  PMB+F+R3      3810.770     36  7693.541     7699.137     7846.190
WARNING: Number of threads seems too high for short alignments. Use -T AUTO to determine best number of threads.
564  PMB+F+I+R2    3810.885     35  7691.770     7697.054     7840.180
WARNING: Number of threads seems too high for short alignments. Use -T AUTO to determine best number of threads.
565  PMB+F+I+R3    3810.798     37  7695.596     7701.516     7852.486
WARNING: Number of threads seems too high for short alignments. Use -T AUTO to determine best number of threads.
575  Blosum62+G4   3835.499     14  7698.998     7699.841     7758.362
WARNING: Number of threads seems too high for short alignments. Use -T AUTO to determine best number of threads.
577  Blosum62+R2   3828.927     15  7687.855     7688.821     7751.459
WARNING: Number of threads seems too high for short alignments. Use -T AUTO to determine best number of threads.
578  Blosum62+R3   3827.303     17  7688.605     7689.842     7760.690
WARNING: Number of threads seems too high for short alignments. Use -T AUTO to determine best number of threads.
586  Blosum62+I+R2 3827.848     16  7687.697     7688.794     7755.541
WARNING: Number of threads seems too high for short alignments. Use -T AUTO to determine best number of threads.
587  Blosum62+I+R3 3827.658     18  7691.316     7692.701     7767.641
WARNING: Number of threads seems too high for short alignments. Use -T AUTO to determine best number of threads.
597  Blosum62+F+G4 3817.825     33  7701.649     7706.334     7841.578
WARNING: Number of threads seems too high for short alignments. Use -T AUTO to determine best number of threads.
599  Blosum62+F+R2 3811.618     34  7691.237     7696.216     7835.406
WARNING: Number of threads seems too high for short alignments. Use -T AUTO to determine best number of threads.
600  Blosum62+F+R3 3809.237     36  7690.474     7696.070     7843.124
WARNING: Number of threads seems too high for short alignments. Use -T AUTO to determine best number of threads.
608  Blosum62+F+I+R2 3809.738     35  7689.477     7694.760     7837.886
WARNING: Number of threads seems too high for short alignments. Use -T AUTO to determine best number of threads.
609  Blosum62+F+I+R3 3809.565     37  7693.129     7699.049     7850.019
WARNING: Number of threads seems too high for short alignments. Use -T AUTO to determine best number of threads.
619  Dayhoff+G4    3809.067     14  7646.134     7646.977     7705.498
WARNING: Number of threads seems too high for short alignments. Use -T AUTO to determine best number of threads.
621  Dayhoff+R2    3807.772     15  7645.543     7646.509     7709.147
WARNING: Number of threads seems too high for short alignments. Use -T AUTO to determine best number of threads.
622  Dayhoff+R3    3801.134     17  7636.268     7637.504     7708.352
WARNING: Number of threads seems too high for short alignments. Use -T AUTO to determine best number of threads.
630  Dayhoff+I+R2  3803.850     16  7639.700     7640.797     7707.544
WARNING: Number of threads seems too high for short alignments. Use -T AUTO to determine best number of threads.
631  Dayhoff+I+R3  3801.363     18  7638.726     7640.110     7715.051
WARNING: Number of threads seems too high for short alignments. Use -T AUTO to determine best number of threads.
641  Dayhoff+F+G4  3793.039     33  7652.078     7656.763     7792.007
WARNING: Number of threads seems too high for short alignments. Use -T AUTO to determine best number of threads.
643  Dayhoff+F+R2  3792.441     34  7652.881     7657.860     7797.050
WARNING: Number of threads seems too high for short alignments. Use -T AUTO to determine best number of threads.
644  Dayhoff+F+R3  3785.865     36  7643.730     7649.326     7796.380
WARNING: Number of threads seems too high for short alignments. Use -T AUTO to determine best number of threads.
652  Dayhoff+F+I+R2 3786.204     35  7642.408     7647.691     7790.817
WARNING: Number of threads seems too high for short alignments. Use -T AUTO to determine best number of threads.
653  Dayhoff+F+I+R3 3785.256     37  7644.512     7650.432     7801.402
WARNING: Number of threads seems too high for short alignments. Use -T AUTO to determine best number of threads.
663  mtREV+G4      4013.190     14  8054.379     8055.223     8113.743
WARNING: Number of threads seems too high for short alignments. Use -T AUTO to determine best number of threads.
665  mtREV+R2      4016.205     15  8062.410     8063.376     8126.014
WARNING: Number of threads seems too high for short alignments. Use -T AUTO to determine best number of threads.
666  mtREV+R3      4002.290     17  8038.579     8039.816     8110.664
WARNING: Number of threads seems too high for short alignments. Use -T AUTO to determine best number of threads.
674  mtREV+I+R2    4012.515     16  8057.030     8058.127     8124.874
WARNING: Number of threads seems too high for short alignments. Use -T AUTO to determine best number of threads.
675  mtREV+I+R3    4001.444     18  8038.888     8040.272     8115.213
WARNING: Number of threads seems too high for short alignments. Use -T AUTO to determine best number of threads.
685  mtREV+F+G4    3814.330     33  7694.660     7699.345     7834.589
WARNING: Number of threads seems too high for short alignments. Use -T AUTO to determine best number of threads.
687  mtREV+F+R2    3812.581     34  7693.161     7698.140     7837.331
WARNING: Number of threads seems too high for short alignments. Use -T AUTO to determine best number of threads.
688  mtREV+F+R3    3798.357     36  7668.714     7674.311     7821.364
WARNING: Number of threads seems too high for short alignments. Use -T AUTO to determine best number of threads.
696  mtREV+F+I+R2  3807.554     35  7685.108     7690.391     7833.517
WARNING: Number of threads seems too high for short alignments. Use -T AUTO to determine best number of threads.
697  mtREV+F+I+R3  3797.588     37  7669.177     7675.097     7826.067
WARNING: Number of threads seems too high for short alignments. Use -T AUTO to determine best number of threads.
707  mtART+G4      4047.427     14  8122.854     8123.697     8182.218
WARNING: Number of threads seems too high for short alignments. Use -T AUTO to determine best number of threads.
709  mtART+R2      4054.239     15  8138.479     8139.444     8202.083
WARNING: Number of threads seems too high for short alignments. Use -T AUTO to determine best number of threads.
710  mtART+R3      4039.602     17  8113.203     8114.439     8185.288
WARNING: Number of threads seems too high for short alignments. Use -T AUTO to determine best number of threads.
718  mtART+I+R2    4047.222     16  8126.445     8127.541     8194.289
WARNING: Number of threads seems too high for short alignments. Use -T AUTO to determine best number of threads.
719  mtART+I+R3    4038.815     18  8113.629     8115.014     8189.954
WARNING: Number of threads seems too high for short alignments. Use -T AUTO to determine best number of threads.
729  mtART+F+G4    3834.092     33  7734.184     7738.869     7874.114
WARNING: Number of threads seems too high for short alignments. Use -T AUTO to determine best number of threads.
731  mtART+F+R2    3831.758     34  7731.516     7736.495     7875.685
WARNING: Number of threads seems too high for short alignments. Use -T AUTO to determine best number of threads.
732  mtART+F+R3    3815.772     36  7703.544     7709.141     7856.194
WARNING: Number of threads seems too high for short alignments. Use -T AUTO to determine best number of threads.
740  mtART+F+I+R2  3825.133     35  7720.267     7725.550     7868.676
WARNING: Number of threads seems too high for short alignments. Use -T AUTO to determine best number of threads.
741  mtART+F+I+R3  3814.519     37  7703.038     7708.958     7859.929
WARNING: Number of threads seems too high for short alignments. Use -T AUTO to determine best number of threads.
751  mtZOA+G4      3993.492     14  8014.983     8015.826     8074.347
WARNING: Number of threads seems too high for short alignments. Use -T AUTO to determine best number of threads.
753  mtZOA+R2      3999.482     15  8028.963     8029.929     8092.568
WARNING: Number of threads seems too high for short alignments. Use -T AUTO to determine best number of threads.
754  mtZOA+R3      3983.774     17  8001.548     8002.784     8073.632
WARNING: Number of threads seems too high for short alignments. Use -T AUTO to determine best number of threads.
762  mtZOA+I+R2    3994.654     16  8021.307     8022.404     8089.151
WARNING: Number of threads seems too high for short alignments. Use -T AUTO to determine best number of threads.
763  mtZOA+I+R3    3982.668     18  8001.336     8002.721     8077.661
WARNING: Number of threads seems too high for short alignments. Use -T AUTO to determine best number of threads.
773  mtZOA+F+G4    3802.863     33  7671.726     7676.411     7811.655
WARNING: Number of threads seems too high for short alignments. Use -T AUTO to determine best number of threads.
775  mtZOA+F+R2    3800.149     34  7668.298     7673.277     7812.468
WARNING: Number of threads seems too high for short alignments. Use -T AUTO to determine best number of threads.
776  mtZOA+F+R3    3785.438     36  7642.876     7648.473     7795.526
WARNING: Number of threads seems too high for short alignments. Use -T AUTO to determine best number of threads.
784  mtZOA+F+I+R2  3793.662     35  7657.324     7662.607     7805.734
WARNING: Number of threads seems too high for short alignments. Use -T AUTO to determine best number of threads.
785  mtZOA+F+I+R3  3784.115     37  7642.230     7648.150     7799.120
WARNING: Number of threads seems too high for short alignments. Use -T AUTO to determine best number of threads.
795  mtMet+G4      3994.395     14  8016.789     8017.633     8076.153
WARNING: Number of threads seems too high for short alignments. Use -T AUTO to determine best number of threads.
797  mtMet+R2      3998.940     15  8027.880     8028.846     8091.484
WARNING: Number of threads seems too high for short alignments. Use -T AUTO to determine best number of threads.
798  mtMet+R3      3988.549     17  8011.097     8012.334     8083.182
WARNING: Number of threads seems too high for short alignments. Use -T AUTO to determine best number of threads.
806  mtMet+I+R2    3992.816     16  8017.633     8018.730     8085.477
WARNING: Number of threads seems too high for short alignments. Use -T AUTO to determine best number of threads.
807  mtMet+I+R3    3986.780     18  8009.561     8010.945     8085.886
WARNING: Number of threads seems too high for short alignments. Use -T AUTO to determine best number of threads.
817  mtMet+F+G4    3796.699     33  7659.399     7664.084     7799.328
WARNING: Number of threads seems too high for short alignments. Use -T AUTO to determine best number of threads.
819  mtMet+F+R2    3795.754     34  7659.508     7664.487     7803.678
WARNING: Number of threads seems too high for short alignments. Use -T AUTO to determine best number of threads.
820  mtMet+F+R3    3786.234     36  7644.468     7650.065     7797.118
WARNING: Number of threads seems too high for short alignments. Use -T AUTO to determine best number of threads.
828  mtMet+F+I+R2  3788.978     35  7647.955     7653.238     7796.365
WARNING: Number of threads seems too high for short alignments. Use -T AUTO to determine best number of threads.
829  mtMet+F+I+R3  3785.498     37  7644.996     7650.916     7801.887
WARNING: Number of threads seems too high for short alignments. Use -T AUTO to determine best number of threads.
839  mtVer+G4      4016.113     14  8060.225     8061.068     8119.589
WARNING: Number of threads seems too high for short alignments. Use -T AUTO to determine best number of threads.
841  mtVer+R2      4026.591     15  8083.181     8084.147     8146.785
WARNING: Number of threads seems too high for short alignments. Use -T AUTO to determine best number of threads.
842  mtVer+R3      4009.712     17  8053.424     8054.661     8125.509
WARNING: Number of threads seems too high for short alignments. Use -T AUTO to determine best number of threads.
850  mtVer+I+R2    4017.227     16  8066.455     8067.551     8134.299
WARNING: Number of threads seems too high for short alignments. Use -T AUTO to determine best number of threads.
851  mtVer+I+R3    4008.649     18  8053.299     8054.683     8129.624
WARNING: Number of threads seems too high for short alignments. Use -T AUTO to determine best number of threads.
861  mtVer+F+G4    3817.201     33  7700.401     7705.086     7840.330
WARNING: Number of threads seems too high for short alignments. Use -T AUTO to determine best number of threads.
863  mtVer+F+R2    3818.289     34  7704.578     7709.558     7848.748
WARNING: Number of threads seems too high for short alignments. Use -T AUTO to determine best number of threads.
864  mtVer+F+R3    3805.461     36  7682.922     7688.519     7835.572
WARNING: Number of threads seems too high for short alignments. Use -T AUTO to determine best number of threads.
872  mtVer+F+I+R2  3808.018     35  7686.035     7691.318     7834.445
WARNING: Number of threads seems too high for short alignments. Use -T AUTO to determine best number of threads.
873  mtVer+F+I+R3  3805.051     37  7684.102     7690.022     7840.993
WARNING: Number of threads seems too high for short alignments. Use -T AUTO to determine best number of threads.
883  mtInv+G4      4036.623     14  8101.246     8102.089     8160.610
WARNING: Number of threads seems too high for short alignments. Use -T AUTO to determine best number of threads.
885  mtInv+R2      4038.504     15  8107.008     8107.974     8170.612
WARNING: Number of threads seems too high for short alignments. Use -T AUTO to determine best number of threads.
886  mtInv+R3      4030.123     17  8094.246     8095.482     8166.330
WARNING: Number of threads seems too high for short alignments. Use -T AUTO to determine best number of threads.
894  mtInv+I+R2    4033.840     16  8099.680     8100.777     8167.524
WARNING: Number of threads seems too high for short alignments. Use -T AUTO to determine best number of threads.
895  mtInv+I+R3    4029.872     18  8095.745     8097.129     8172.069
WARNING: Number of threads seems too high for short alignments. Use -T AUTO to determine best number of threads.
905  mtInv+F+G4    3792.273     33  7650.546     7655.231     7790.475
WARNING: Number of threads seems too high for short alignments. Use -T AUTO to determine best number of threads.
907  mtInv+F+R2    3789.377     34  7646.754     7651.733     7790.923
WARNING: Number of threads seems too high for short alignments. Use -T AUTO to determine best number of threads.
908  mtInv+F+R3    3780.965     36  7633.931     7639.527     7786.581
WARNING: Number of threads seems too high for short alignments. Use -T AUTO to determine best number of threads.
916  mtInv+F+I+R2  3784.294     35  7638.587     7643.870     7786.997
WARNING: Number of threads seems too high for short alignments. Use -T AUTO to determine best number of threads.
917  mtInv+F+I+R3  3780.285     37  7634.570     7640.490     7791.460
WARNING: Number of threads seems too high for short alignments. Use -T AUTO to determine best number of threads.
927  mtMAM+G4      4035.738     14  8099.476     8100.320     8158.840
WARNING: Number of threads seems too high for short alignments. Use -T AUTO to determine best number of threads.
929  mtMAM+R2      4048.387     15  8126.774     8127.740     8190.378
WARNING: Number of threads seems too high for short alignments. Use -T AUTO to determine best number of threads.
930  mtMAM+R3      4030.864     17  8095.728     8096.965     8167.813
WARNING: Number of threads seems too high for short alignments. Use -T AUTO to determine best number of threads.
938  mtMAM+I+R2    4038.480     16  8108.960     8110.057     8176.804
WARNING: Number of threads seems too high for short alignments. Use -T AUTO to determine best number of threads.
939  mtMAM+I+R3    4029.551     18  8095.101     8096.486     8171.426
WARNING: Number of threads seems too high for short alignments. Use -T AUTO to determine best number of threads.
949  mtMAM+F+G4    3836.378     33  7738.757     7743.441     7878.686
WARNING: Number of threads seems too high for short alignments. Use -T AUTO to determine best number of threads.
951  mtMAM+F+R2    3839.534     34  7747.067     7752.046     7891.237
WARNING: Number of threads seems too high for short alignments. Use -T AUTO to determine best number of threads.
952  mtMAM+F+R3    3825.848     36  7723.695     7729.292     7876.345
WARNING: Number of threads seems too high for short alignments. Use -T AUTO to determine best number of threads.
960  mtMAM+F+I+R2  3830.480     35  7730.959     7736.242     7879.369
WARNING: Number of threads seems too high for short alignments. Use -T AUTO to determine best number of threads.
961  mtMAM+F+I+R3  3824.975     37  7723.951     7729.871     7880.841
WARNING: Normalizing state frequencies so that sum of them equals to 1
WARNING: Number of threads seems too high for short alignments. Use -T AUTO to determine best number of threads.
971  FLAVI+G4      3872.322     14  7772.644     7773.487     7832.007
WARNING: Normalizing state frequencies so that sum of them equals to 1
WARNING: Number of threads seems too high for short alignments. Use -T AUTO to determine best number of threads.
973  FLAVI+R2      3874.020     15  7778.040     7779.005     7841.644
WARNING: Normalizing state frequencies so that sum of them equals to 1
WARNING: Number of threads seems too high for short alignments. Use -T AUTO to determine best number of threads.
974  FLAVI+R3      3863.173     17  7760.347     7761.583     7832.431
WARNING: Normalizing state frequencies so that sum of them equals to 1
WARNING: Number of threads seems too high for short alignments. Use -T AUTO to determine best number of threads.
982  FLAVI+I+R2    3867.466     16  7766.931     7768.028     7834.776
WARNING: Normalizing state frequencies so that sum of them equals to 1
WARNING: Number of threads seems too high for short alignments. Use -T AUTO to determine best number of threads.
983  FLAVI+I+R3    3862.935     18  7761.871     7763.255     7838.196
WARNING: Normalizing state frequencies so that sum of them equals to 1
WARNING: Number of threads seems too high for short alignments. Use -T AUTO to determine best number of threads.
993  FLAVI+F+G4    3814.766     33  7695.532     7700.217     7835.461
WARNING: Normalizing state frequencies so that sum of them equals to 1
WARNING: Number of threads seems too high for short alignments. Use -T AUTO to determine best number of threads.
995  FLAVI+F+R2    3815.491     34  7698.981     7703.960     7843.150
WARNING: Normalizing state frequencies so that sum of them equals to 1
WARNING: Number of threads seems too high for short alignments. Use -T AUTO to determine best number of threads.
996  FLAVI+F+R3    3804.956     36  7681.912     7687.509     7834.562
WARNING: Normalizing state frequencies so that sum of them equals to 1
WARNING: Number of threads seems too high for short alignments. Use -T AUTO to determine best number of threads.
1004  FLAVI+F+I+R2  3807.747     35  7685.495     7690.778     7833.905
WARNING: Normalizing state frequencies so that sum of them equals to 1
WARNING: Number of threads seems too high for short alignments. Use -T AUTO to determine best number of threads.
1005  FLAVI+F+I+R3  3804.605     37  7683.211     7689.131     7840.101
WARNING: Number of threads seems too high for short alignments. Use -T AUTO to determine best number of threads.
1015  HIVb+G4       3811.710     14  7651.421     7652.264     7710.784
WARNING: Number of threads seems too high for short alignments. Use -T AUTO to determine best number of threads.
1017  HIVb+R2       3811.212     15  7652.423     7653.389     7716.027
WARNING: Number of threads seems too high for short alignments. Use -T AUTO to determine best number of threads.
1018  HIVb+R3       3800.660     17  7635.320     7636.556     7707.404
WARNING: Number of threads seems too high for short alignments. Use -T AUTO to determine best number of threads.
1026  HIVb+I+R2     3807.545     16  7647.091     7648.188     7714.935
WARNING: Number of threads seems too high for short alignments. Use -T AUTO to determine best number of threads.
1027  HIVb+I+R3     3800.360     18  7636.720     7638.105     7713.045
WARNING: Number of threads seems too high for short alignments. Use -T AUTO to determine best number of threads.
1037  HIVb+F+G4     3789.701     33  7645.402     7650.087     7785.331
WARNING: Number of threads seems too high for short alignments. Use -T AUTO to determine best number of threads.
1039  HIVb+F+R2     3789.135     34  7646.270     7651.249     7790.439
WARNING: Number of threads seems too high for short alignments. Use -T AUTO to determine best number of threads.
1040  HIVb+F+R3     3780.158     36  7632.316     7637.913     7784.966
WARNING: Number of threads seems too high for short alignments. Use -T AUTO to determine best number of threads.
1048  HIVb+F+I+R2   3783.983     35  7637.965     7643.248     7786.375
WARNING: Number of threads seems too high for short alignments. Use -T AUTO to determine best number of threads.
1049  HIVb+F+I+R3   3779.623     37  7633.246     7639.166     7790.136
WARNING: Number of threads seems too high for short alignments. Use -T AUTO to determine best number of threads.
1059  HIVw+G4       3876.476     14  7780.952     7781.795     7840.315
WARNING: Number of threads seems too high for short alignments. Use -T AUTO to determine best number of threads.
1061  HIVw+R2       3884.869     15  7799.738     7800.704     7863.342
WARNING: Number of threads seems too high for short alignments. Use -T AUTO to determine best number of threads.
1062  HIVw+R3       3873.177     17  7780.354     7781.590     7852.439
WARNING: Number of threads seems too high for short alignments. Use -T AUTO to determine best number of threads.
1070  HIVw+I+R2     3876.540     16  7785.080     7786.176     7852.924
WARNING: Number of threads seems too high for short alignments. Use -T AUTO to determine best number of threads.
1071  HIVw+I+R3     3872.143     18  7780.286     7781.671     7856.611
WARNING: Number of threads seems too high for short alignments. Use -T AUTO to determine best number of threads.
1081  HIVw+F+G4     3835.247     33  7736.494     7741.179     7876.423
WARNING: Number of threads seems too high for short alignments. Use -T AUTO to determine best number of threads.
1083  HIVw+F+R2     3842.677     34  7753.354     7758.333     7897.523
WARNING: Number of threads seems too high for short alignments. Use -T AUTO to determine best number of threads.
1084  HIVw+F+R3     3832.023     36  7736.046     7741.642     7888.696
WARNING: Number of threads seems too high for short alignments. Use -T AUTO to determine best number of threads.
1092  HIVw+F+I+R2   3833.638     35  7737.277     7742.560     7885.686
WARNING: Number of threads seems too high for short alignments. Use -T AUTO to determine best number of threads.
1093  HIVw+F+I+R3   3830.848     37  7735.696     7741.616     7892.586
WARNING: Number of threads seems too high for short alignments. Use -T AUTO to determine best number of threads.
1103  FLU+G4        3806.773     14  7641.546     7642.390     7700.910
WARNING: Number of threads seems too high for short alignments. Use -T AUTO to determine best number of threads.
1105  FLU+R2        3803.933     15  7637.866     7638.832     7701.470
WARNING: Number of threads seems too high for short alignments. Use -T AUTO to determine best number of threads.
1106  FLU+R3        3797.113     17  7628.227     7629.463     7700.312
WARNING: Number of threads seems too high for short alignments. Use -T AUTO to determine best number of threads.
1114  FLU+I+R2      3799.358     16  7630.716     7631.813     7698.561
WARNING: Number of threads seems too high for short alignments. Use -T AUTO to determine best number of threads.
1115  FLU+I+R3      3796.887     18  7629.773     7631.158     7706.098
WARNING: Number of threads seems too high for short alignments. Use -T AUTO to determine best number of threads.
1125  FLU+F+G4      3807.053     33  7680.105     7684.790     7820.035
WARNING: Number of threads seems too high for short alignments. Use -T AUTO to determine best number of threads.
1127  FLU+F+R2      3804.666     34  7677.331     7682.310     7821.500
WARNING: Number of threads seems too high for short alignments. Use -T AUTO to determine best number of threads.
1128  FLU+F+R3      3797.700     36  7667.400     7672.997     7820.050
WARNING: Number of threads seems too high for short alignments. Use -T AUTO to determine best number of threads.
1136  FLU+F+I+R2    3799.212     35  7668.423     7673.706     7816.833
WARNING: Number of threads seems too high for short alignments. Use -T AUTO to determine best number of threads.
1137  FLU+F+I+R3    3797.255     37  7668.511     7674.431     7825.401
WARNING: Number of threads seems too high for short alignments. Use -T AUTO to determine best number of threads.
1147  rtREV+G4      3842.353     14  7712.707     7713.550     7772.071
WARNING: Number of threads seems too high for short alignments. Use -T AUTO to determine best number of threads.
1149  rtREV+R2      3835.479     15  7700.958     7701.924     7764.562
WARNING: Number of threads seems too high for short alignments. Use -T AUTO to determine best number of threads.
1150  rtREV+R3      3827.125     17  7688.250     7689.486     7760.334
WARNING: Number of threads seems too high for short alignments. Use -T AUTO to determine best number of threads.
1158  rtREV+I+R2    3833.146     16  7698.292     7699.389     7766.137
WARNING: Number of threads seems too high for short alignments. Use -T AUTO to determine best number of threads.
1159  rtREV+I+R3    3827.111     18  7690.221     7691.606     7766.546
WARNING: Number of threads seems too high for short alignments. Use -T AUTO to determine best number of threads.
1169  rtREV+F+G4    3803.303     33  7672.607     7677.291     7812.536
WARNING: Number of threads seems too high for short alignments. Use -T AUTO to determine best number of threads.
1171  rtREV+F+R2    3798.386     34  7664.773     7669.752     7808.942
WARNING: Number of threads seems too high for short alignments. Use -T AUTO to determine best number of threads.
1172  rtREV+F+R3    3790.465     36  7652.931     7658.527     7805.580
WARNING: Number of threads seems too high for short alignments. Use -T AUTO to determine best number of threads.
1180  rtREV+F+I+R2  3793.782     35  7657.563     7662.846     7805.973
WARNING: Number of threads seems too high for short alignments. Use -T AUTO to determine best number of threads.
1181  rtREV+F+I+R3  3789.816     37  7653.633     7659.553     7810.523
WARNING: Number of threads seems too high for short alignments. Use -T AUTO to determine best number of threads.
1191  cpREV+G4      3805.881     14  7639.762     7640.606     7699.126
WARNING: Number of threads seems too high for short alignments. Use -T AUTO to determine best number of threads.
1193  cpREV+R2      3795.904     15  7621.807     7622.773     7685.411
WARNING: Number of threads seems too high for short alignments. Use -T AUTO to determine best number of threads.
1194  cpREV+R3      3791.929     17  7617.858     7619.095     7689.943
WARNING: Number of threads seems too high for short alignments. Use -T AUTO to determine best number of threads.
1202  cpREV+I+R2    3794.863     16  7621.727     7622.823     7689.571
WARNING: Number of threads seems too high for short alignments. Use -T AUTO to determine best number of threads.
1203  cpREV+I+R3    3792.203     18  7620.406     7621.790     7696.731
WARNING: Number of threads seems too high for short alignments. Use -T AUTO to determine best number of threads.
1213  cpREV+F+G4    3786.208     33  7638.416     7643.100     7778.345
WARNING: Number of threads seems too high for short alignments. Use -T AUTO to determine best number of threads.
1215  cpREV+F+R2    3776.127     34  7620.254     7625.233     7764.423
WARNING: Number of threads seems too high for short alignments. Use -T AUTO to determine best number of threads.
1216  cpREV+F+R3    3772.296     36  7616.592     7622.189     7769.242
WARNING: Number of threads seems too high for short alignments. Use -T AUTO to determine best number of threads.
1224  cpREV+F+I+R2  3774.051     35  7618.103     7623.386     7766.512
WARNING: Number of threads seems too high for short alignments. Use -T AUTO to determine best number of threads.
1225  cpREV+F+I+R3  3772.797     37  7619.594     7625.514     7776.484
Akaike Information Criterion:           Q.plant+R3
Corrected Akaike Information Criterion: Q.plant+R3
Bayesian Information Criterion:         Q.plant+I+R2
Best-fit model: Q.plant+I+R2 chosen according to BIC

All model information printed to 24759at5794_tRNA/24759at5794_tRNA.model.gz
CPU time for ModelFinder: 789.079 seconds (0h:13m:9s)
Wall-clock time for ModelFinder: 24.816 seconds (0h:0m:24s)
Generating 1000 samples for ultrafast bootstrap (seed: 97989)...
WARNING: Normalizing state frequencies so that sum of them equals to 1

NOTE: 2 MB RAM (0 GB) is required!
WARNING: Number of threads seems too high for short alignments. Use -T AUTO to determine best number of threads.
Estimate model parameters (epsilon = 0.100)
1. Initial log-likelihood: -3763.414
Optimal log-likelihood: -3763.385
Proportion of invariable sites: 0.108
Site proportion and rates:  (0.647,0.269) (0.245,3.366)
Parameters optimization took 1 rounds (0.012 sec)
Wrote distance file to... 
Computing ML distances based on estimated model parameters...
Calculating distance matrix: done in 0.000942267 secs using 3263% CPU
Computing ML distances took 0.001093 sec (of wall-clock time) 0.030911 sec (of CPU time)
Setting up auxiliary I and S matrices: done in 0.0120533 secs using 1126% CPU
Constructing RapidNJ tree: done in 0.0716374 secs using 1006% CPU
Computing RapidNJ tree took 0.083925 sec (of wall-clock time) 0.867440 sec (of CPU time)
Log-likelihood of RapidNJ tree: -3764.810
--------------------------------------------------------------------
|             INITIALIZING CANDIDATE TREE SET                      |
--------------------------------------------------------------------
Generating 98 parsimony trees... 0.032 second
Computing log-likelihood of 61 initial trees ... 0.260 seconds
Current best score: -3763.385

Do NNI search on 20 best initial trees
Optimizing NNI: done in 0.0150312 secs using 3123% CPU
Estimate model parameters (epsilon = 0.100)
BETTER TREE FOUND at iteration 1: -3763.372
Optimizing NNI: done in 0.0314629 secs using 3130% CPU
Optimizing NNI: done in 0.0653212 secs using 3170% CPU
Optimizing NNI: done in 0.0485869 secs using 3209% CPU
Optimizing NNI: done in 0.0468329 secs using 3126% CPU
Optimizing NNI: done in 0.0668081 secs using 3192% CPU
Optimizing NNI: done in 0.049389 secs using 3222% CPU
Optimizing NNI: done in 0.0466417 secs using 3202% CPU
Optimizing NNI: done in 0.0492718 secs using 3224% CPU
Optimizing NNI: done in 0.0494324 secs using 3154% CPU
Iteration 10 / LogL: -3763.579 / Time: 0h:0m:0s
Optimizing NNI: done in 0.0489571 secs using 3183% CPU
Optimizing NNI: done in 0.0639345 secs using 3187% CPU
Optimizing NNI: done in 0.0441214 secs using 3175% CPU
Optimizing NNI: done in 0.0644044 secs using 3209% CPU
Optimizing NNI: done in 0.0346111 secs using 3217% CPU
Optimizing NNI: done in 0.064096 secs using 3226% CPU
Optimizing NNI: done in 0.0332556 secs using 3162% CPU
Optimizing NNI: done in 0.0651803 secs using 3176% CPU
Optimizing NNI: done in 0.050046 secs using 3184% CPU
Optimizing NNI: done in 0.0667566 secs using 3193% CPU
Iteration 20 / LogL: -3765.479 / Time: 0h:0m:1s
Finish initializing candidate tree set (4)
Current best tree score: -3763.372 / CPU time: 1.320
Number of iterations: 20
--------------------------------------------------------------------
|               OPTIMIZING CANDIDATE TREE SET                      |
--------------------------------------------------------------------
Optimizing NNI: done in 0.0319353 secs using 3190% CPU
Optimizing NNI: done in 0.0140394 secs using 3176% CPU
UPDATE BEST LOG-LIKELIHOOD: -3763.372
Optimizing NNI: done in 0.0511817 secs using 3172% CPU
Optimizing NNI: done in 0.0660419 secs using 3178% CPU
Optimizing NNI: done in 0.0330212 secs using 3182% CPU
Optimizing NNI: done in 0.069459 secs using 3162% CPU
Optimizing NNI: done in 0.0545656 secs using 3207% CPU
Optimizing NNI: done in 0.0143798 secs using 3317% CPU
Optimizing NNI: done in 0.0488572 secs using 3127% CPU
Optimizing NNI: done in 0.053892 secs using 3188% CPU
Iteration 30 / LogL: -3764.722 / Time: 0h:0m:1s (0h:0m:4s left)
Optimizing NNI: done in 0.0141894 secs using 3137% CPU
UPDATE BEST LOG-LIKELIHOOD: -3763.372
Optimizing NNI: done in 0.0656542 secs using 3201% CPU
Optimizing NNI: done in 0.0335215 secs using 3138% CPU
Optimizing NNI: done in 0.0467819 secs using 3198% CPU
Optimizing NNI: done in 0.0330302 secs using 3183% CPU
Optimizing NNI: done in 0.0718197 secs using 3191% CPU
Optimizing NNI: done in 0.0557491 secs using 3200% CPU
Optimizing NNI: done in 0.032308 secs using 3157% CPU
Optimizing NNI: done in 0.0812437 secs using 3174% CPU
Optimizing NNI: done in 0.0327594 secs using 3207% CPU
Iteration 40 / LogL: -3764.483 / Time: 0h:0m:2s (0h:0m:3s left)
Optimizing NNI: done in 0.0526481 secs using 3201% CPU
Optimizing NNI: done in 0.0338966 secs using 3194% CPU
Optimizing NNI: done in 0.0303293 secs using 3151% CPU
Optimizing NNI: done in 0.0538391 secs using 3188% CPU
Optimizing NNI: done in 0.0343977 secs using 3147% CPU
Optimizing NNI: done in 0.0319482 secs using 3180% CPU
Optimizing NNI: done in 0.0342549 secs using 3160% CPU
Optimizing NNI: done in 0.0484947 secs using 3216% CPU
Optimizing NNI: done in 0.0288414 secs using 3095% CPU
Optimizing NNI: done in 0.0151897 secs using 3351% CPU
Iteration 50 / LogL: -3764.441 / Time: 0h:0m:2s (0h:0m:2s left)
Log-likelihood cutoff on original alignment: -3787.743
Optimizing NNI: done in 0.073244 secs using 3168% CPU
Optimizing NNI: done in 0.0747051 secs using 3198% CPU
Optimizing NNI: done in 0.0450885 secs using 3181% CPU
Optimizing NNI: done in 0.0337312 secs using 3204% CPU
Optimizing NNI: done in 0.0375837 secs using 3131% CPU
Optimizing NNI: done in 0.0322793 secs using 3159% CPU
Optimizing NNI: done in 0.0339614 secs using 3184% CPU
Optimizing NNI: done in 0.0331279 secs using 3169% CPU
Optimizing NNI: done in 0.0489754 secs using 3184% CPU
Optimizing NNI: done in 0.031349 secs using 3149% CPU
Iteration 60 / LogL: -3765.505 / Time: 0h:0m:3s (0h:0m:2s left)
Optimizing NNI: done in 0.050162 secs using 3168% CPU
Optimizing NNI: done in 0.0573435 secs using 3218% CPU
Optimizing NNI: done in 0.0496942 secs using 3197% CPU
Optimizing NNI: done in 0.0325385 secs using 3227% CPU
Optimizing NNI: done in 0.047581 secs using 3208% CPU
Optimizing NNI: done in 0.0147928 secs using 3223% CPU
Optimizing NNI: done in 0.0532929 secs using 3165% CPU
Optimizing NNI: done in 0.0361777 secs using 3164% CPU
Optimizing NNI: done in 0.0340515 secs using 3179% CPU
Optimizing NNI: done in 0.0482722 secs using 3168% CPU
Iteration 70 / LogL: -3763.906 / Time: 0h:0m:3s (0h:0m:1s left)
Optimizing NNI: done in 0.0527679 secs using 3200% CPU
Optimizing NNI: done in 0.0503107 secs using 3163% CPU
Optimizing NNI: done in 0.014518 secs using 3078% CPU
Optimizing NNI: done in 0.0745651 secs using 3200% CPU
Optimizing NNI: done in 0.0350461 secs using 3183% CPU
Optimizing NNI: done in 0.0512715 secs using 3170% CPU
Optimizing NNI: done in 0.0329333 secs using 3186% CPU
Optimizing NNI: done in 0.0517494 secs using 3200% CPU
Optimizing NNI: done in 0.0158077 secs using 3222% CPU
Optimizing NNI: done in 0.0337129 secs using 3213% CPU
Iteration 80 / LogL: -3763.373 / Time: 0h:0m:4s (0h:0m:1s left)
Optimizing NNI: done in 0.0475575 secs using 3147% CPU
Optimizing NNI: done in 0.0470782 secs using 3179% CPU
Optimizing NNI: done in 0.0739856 secs using 3183% CPU
Optimizing NNI: done in 0.0358804 secs using 3192% CPU
Optimizing NNI: done in 0.0495557 secs using 3211% CPU
Optimizing NNI: done in 0.0506571 secs using 3146% CPU
Optimizing NNI: done in 0.0389644 secs using 3185% CPU
Optimizing NNI: done in 0.0332868 secs using 3158% CPU
Optimizing NNI: done in 0.0379703 secs using 3187% CPU
Optimizing NNI: done in 0.0350402 secs using 3181% CPU
Iteration 90 / LogL: -3765.774 / Time: 0h:0m:4s (0h:0m:0s left)
Optimizing NNI: done in 0.0356908 secs using 3209% CPU
Optimizing NNI: done in 0.0520114 secs using 3185% CPU
Optimizing NNI: done in 0.0148782 secs using 3208% CPU
Optimizing NNI: done in 0.0575777 secs using 3209% CPU
Optimizing NNI: done in 0.0349388 secs using 3191% CPU
Optimizing NNI: done in 0.0345657 secs using 3135% CPU
Optimizing NNI: done in 0.076202 secs using 3177% CPU
Optimizing NNI: done in 0.0296693 secs using 3212% CPU
Optimizing NNI: done in 0.0332792 secs using 3152% CPU
Optimizing NNI: done in 0.0724976 secs using 3202% CPU
Iteration 100 / LogL: -3763.378 / Time: 0h:0m:5s (0h:0m:0s left)
Log-likelihood cutoff on original alignment: -3787.743
NOTE: Bootstrap correlation coefficient of split occurrence frequencies: 1.000
Optimizing NNI: done in 0.0414224 secs using 3173% CPU
Optimizing NNI: done in 0.0724422 secs using 3208% CPU
TREE SEARCH COMPLETED AFTER 102 ITERATIONS / Time: 0h:0m:5s

--------------------------------------------------------------------
|                    FINALIZING TREE SEARCH                        |
--------------------------------------------------------------------
Performs final model parameters optimization
Estimate model parameters (epsilon = 0.010)
1. Initial log-likelihood: -3763.372
Optimal log-likelihood: -3763.366
Proportion of invariable sites: 0.104
Site proportion and rates:  (0.651,0.267) (0.245,3.369)
Parameters optimization took 1 rounds (0.015 sec)
BEST SCORE FOUND : -3763.366
Creating bootstrap support values...
Split supports printed to NEXUS file 24759at5794_tRNA/24759at5794_tRNA.splits.nex
Total tree length: 8.951

Total number of iterations: 102
CPU time used for tree search: 162.340 sec (0h:2m:42s)
Wall-clock time used for tree search: 5.140 sec (0h:0m:5s)
Total CPU time used: 165.567 sec (0h:2m:45s)
Total wall-clock time used: 5.345 sec (0h:0m:5s)

Computing bootstrap consensus tree...
Reading input file 24759at5794_tRNA/24759at5794_tRNA.splits.nex...
8 taxa and 36 splits.
Consensus tree written to 24759at5794_tRNA/24759at5794_tRNA.contree
Reading input trees file 24759at5794_tRNA/24759at5794_tRNA.contree
Log-likelihood of consensus tree: -3763.366

Analysis results written to: 
  IQ-TREE report:                24759at5794_tRNA/24759at5794_tRNA.iqtree
  Maximum-likelihood tree:       24759at5794_tRNA/24759at5794_tRNA.treefile
  Likelihood distances:          24759at5794_tRNA/24759at5794_tRNA.mldist

Ultrafast bootstrap approximation results written to:
  Split support values:          24759at5794_tRNA/24759at5794_tRNA.splits.nex
  Consensus tree:                24759at5794_tRNA/24759at5794_tRNA.contree
  Screen log file:               24759at5794_tRNA/24759at5794_tRNA.log

Date and Time: Fri Mar  1 10:54:48 2024
