IQ-TREE multicore version 2.2.6 COVID-edition for Linux 64-bit built Dec  8 2023
Developed by Bui Quang Minh, James Barbetti, Nguyen Lam Tung,
Olga Chernomor, Heiko Schmidt, Dominik Schrempf, Michael Woodhams, Ly Trong Nhan.

Host:    bioinf-serv2.cob.lu.se (AVX2, FMA3, 2003 GB RAM)
Command: iqtree2 -nt 32 -s ../14_PHYLO-ALIGN/25958at5794_Uracil-DNA-align.faa -m MFP -B 1000 --prefix 25958at5794_Uracil-DNA-align.faa/25958at5794_Uracil-DNA-align.faa
Seed:    108863 (Using SPRNG - Scalable Parallel Random Number Generator)
Time:    Fri Mar  1 09:00:10 2024
Kernel:  AVX+FMA - 32 threads (256 CPU cores detected)

Reading alignment file ../14_PHYLO-ALIGN/25958at5794_Uracil-DNA-align.faa ... Fasta format detected
Reading fasta file: done in 0.000100643 secs using 32.79% CPU
Alignment most likely contains protein sequences
Constructing alignment: done in 0.000622761 secs using 4438% CPU
Alignment has 8 sequences with 382 columns, 266 distinct patterns
103 parsimony-informative, 119 singleton sites, 160 constant sites
           Gap/Ambiguity  Composition  p-value
Analyzing sequences: done in 3.36608e-05 secs using 86.15% CPU
   1  3133_g_Ht   19.11%    passed     91.77%
   2  1497_g_Pb   15.18%    passed     78.57%
   3  1746_g_Pc    0.79%    passed     39.85%
   4  1429_g_Pf   15.71%    passed     46.34%
   5  1789_g_Pk    9.95%    passed     97.07%
   6  1717_g_Pv   10.21%    passed     89.66%
   7  2526_g_Py   15.45%    passed     38.32%
   8  3014_g_Tg   65.97%    failed      0.00%
WARNING: 1 sequences contain more than 50% gaps/ambiguity
****  TOTAL       19.04%  1 sequences failed composition chi2 test (p-value<5%; df=19)
Checking for duplicate sequences: done in 8.07932e-05 secs using 91.59% CPU


Create initial parsimony tree by phylogenetic likelihood library (PLL)... 0.000 seconds
WARNING: Number of threads seems too high for short alignments. Use -T AUTO to determine best number of threads.
Perform fast likelihood tree search using LG+I+G model...
Estimate model parameters (epsilon = 5.000)
Perform nearest neighbor interchange...
Optimizing NNI: done in 0.0370437 secs using 3180% CPU
Estimate model parameters (epsilon = 1.000)
1. Initial log-likelihood: -3182.817
Optimal log-likelihood: -3182.470
Proportion of invariable sites: 0.173
Gamma shape alpha: 0.600
Parameters optimization took 1 rounds (0.018 sec)
Time for fast ML tree search: 0.095 seconds

NOTE: ModelFinder requires 4 MB RAM!
ModelFinder will test up to 1232 protein models (sample size: 382) ...
 No. Model         -LnL         df  AIC          AICc         BIC
WARNING: Number of threads seems too high for short alignments. Use -T AUTO to determine best number of threads.
  1  LG            3305.842     13  6637.683     6638.672     6688.974
WARNING: Number of threads seems too high for short alignments. Use -T AUTO to determine best number of threads.
  2  LG+I          3229.708     14  6487.416     6488.560     6542.652
WARNING: Number of threads seems too high for short alignments. Use -T AUTO to determine best number of threads.
  3  LG+G4         3180.426     14  6388.853     6389.997     6444.089
WARNING: Number of threads seems too high for short alignments. Use -T AUTO to determine best number of threads.
  4  LG+I+G4       3181.815     15  6393.630     6394.941     6452.811
WARNING: Number of threads seems too high for short alignments. Use -T AUTO to determine best number of threads.
  5  LG+R2         3183.237     15  6396.473     6397.785     6455.654
WARNING: Number of threads seems too high for short alignments. Use -T AUTO to determine best number of threads.
  6  LG+R3         3179.097     17  6392.195     6393.876     6459.267
WARNING: Number of threads seems too high for short alignments. Use -T AUTO to determine best number of threads.
 14  LG+I+R2       3180.855     16  6393.709     6395.200     6456.836
WARNING: Number of threads seems too high for short alignments. Use -T AUTO to determine best number of threads.
 15  LG+I+R3       3179.443     18  6394.885     6396.770     6465.903
WARNING: Number of threads seems too high for short alignments. Use -T AUTO to determine best number of threads.
 25  LG+F+G4       3128.913     33  6323.825     6330.274     6454.024
WARNING: Number of threads seems too high for short alignments. Use -T AUTO to determine best number of threads.
 26  LG+F+I+G4     3130.354     34  6328.707     6335.566     6462.851
WARNING: Number of threads seems too high for short alignments. Use -T AUTO to determine best number of threads.
 47  WAG+G4        3173.425     14  6374.850     6375.995     6430.086
WARNING: Number of threads seems too high for short alignments. Use -T AUTO to determine best number of threads.
 48  WAG+I+G4      3174.944     15  6379.888     6381.199     6439.069
WARNING: Number of threads seems too high for short alignments. Use -T AUTO to determine best number of threads.
 69  WAG+F+G4      3125.093     33  6316.186     6322.634     6446.385
WARNING: Number of threads seems too high for short alignments. Use -T AUTO to determine best number of threads.
 70  WAG+F+I+G4    3126.700     34  6321.400     6328.259     6455.544
WARNING: Number of threads seems too high for short alignments. Use -T AUTO to determine best number of threads.
 91  JTT+G4        3165.920     14  6359.840     6360.984     6415.076
WARNING: Number of threads seems too high for short alignments. Use -T AUTO to determine best number of threads.
 92  JTT+I+G4      3167.335     15  6364.670     6365.982     6423.852
WARNING: Number of threads seems too high for short alignments. Use -T AUTO to determine best number of threads.
113  JTT+F+G4      3108.919     33  6283.838     6290.286     6414.037
WARNING: Number of threads seems too high for short alignments. Use -T AUTO to determine best number of threads.
114  JTT+F+I+G4    3110.301     34  6288.603     6295.462     6422.747
WARNING: Normalizing state frequencies so that sum of them equals to 1
WARNING: Number of threads seems too high for short alignments. Use -T AUTO to determine best number of threads.
135  Q.pfam+G4     3188.095     14  6404.190     6405.335     6459.426
WARNING: Normalizing state frequencies so that sum of them equals to 1
WARNING: Number of threads seems too high for short alignments. Use -T AUTO to determine best number of threads.
136  Q.pfam+I+G4   3189.362     15  6408.724     6410.035     6467.905
WARNING: Normalizing state frequencies so that sum of them equals to 1
WARNING: Number of threads seems too high for short alignments. Use -T AUTO to determine best number of threads.
157  Q.pfam+F+G4   3128.899     33  6323.799     6330.247     6453.998
WARNING: Normalizing state frequencies so that sum of them equals to 1
WARNING: Number of threads seems too high for short alignments. Use -T AUTO to determine best number of threads.
158  Q.pfam+F+I+G4 3130.299     34  6328.599     6335.458     6462.743
WARNING: Normalizing state frequencies so that sum of them equals to 1
WARNING: Number of threads seems too high for short alignments. Use -T AUTO to determine best number of threads.
179  Q.bird+G4     3181.756     14  6391.512     6392.656     6446.748
WARNING: Normalizing state frequencies so that sum of them equals to 1
WARNING: Number of threads seems too high for short alignments. Use -T AUTO to determine best number of threads.
180  Q.bird+I+G4   3182.677     15  6395.354     6396.666     6454.536
WARNING: Normalizing state frequencies so that sum of them equals to 1
WARNING: Number of threads seems too high for short alignments. Use -T AUTO to determine best number of threads.
201  Q.bird+F+G4   3113.209     33  6292.418     6298.867     6422.617
WARNING: Normalizing state frequencies so that sum of them equals to 1
WARNING: Number of threads seems too high for short alignments. Use -T AUTO to determine best number of threads.
202  Q.bird+F+I+G4 3114.212     34  6296.424     6303.282     6430.568
WARNING: Normalizing state frequencies so that sum of them equals to 1
WARNING: Number of threads seems too high for short alignments. Use -T AUTO to determine best number of threads.
223  Q.mammal+G4   3186.567     14  6401.133     6402.278     6456.369
WARNING: Normalizing state frequencies so that sum of them equals to 1
WARNING: Number of threads seems too high for short alignments. Use -T AUTO to determine best number of threads.
224  Q.mammal+I+G4 3187.681     15  6405.362     6406.673     6464.543
WARNING: Normalizing state frequencies so that sum of them equals to 1
WARNING: Number of threads seems too high for short alignments. Use -T AUTO to determine best number of threads.
245  Q.mammal+F+G4 3110.990     33  6287.980     6294.429     6418.179
WARNING: Normalizing state frequencies so that sum of them equals to 1
WARNING: Number of threads seems too high for short alignments. Use -T AUTO to determine best number of threads.
246  Q.mammal+F+I+G4 3112.119     34  6292.238     6299.097     6426.383
WARNING: Number of threads seems too high for short alignments. Use -T AUTO to determine best number of threads.
267  Q.insect+G4   3167.684     14  6363.368     6364.512     6418.603
WARNING: Number of threads seems too high for short alignments. Use -T AUTO to determine best number of threads.
268  Q.insect+I+G4 3168.876     15  6367.751     6369.063     6426.932
WARNING: Number of threads seems too high for short alignments. Use -T AUTO to determine best number of threads.
289  Q.insect+F+G4 3122.764     33  6311.529     6317.977     6441.728
WARNING: Number of threads seems too high for short alignments. Use -T AUTO to determine best number of threads.
290  Q.insect+F+I+G4 3124.028     34  6316.056     6322.915     6450.201
WARNING: Normalizing state frequencies so that sum of them equals to 1
WARNING: Number of threads seems too high for short alignments. Use -T AUTO to determine best number of threads.
311  Q.plant+G4    3168.785     14  6365.571     6366.715     6420.807
WARNING: Normalizing state frequencies so that sum of them equals to 1
WARNING: Number of threads seems too high for short alignments. Use -T AUTO to determine best number of threads.
312  Q.plant+I+G4  3169.744     15  6369.487     6370.799     6428.669
WARNING: Normalizing state frequencies so that sum of them equals to 1
WARNING: Number of threads seems too high for short alignments. Use -T AUTO to determine best number of threads.
333  Q.plant+F+G4  3118.413     33  6302.827     6309.275     6433.026
WARNING: Normalizing state frequencies so that sum of them equals to 1
WARNING: Number of threads seems too high for short alignments. Use -T AUTO to determine best number of threads.
334  Q.plant+F+I+G4 3119.410     34  6306.821     6313.680     6440.965
WARNING: Normalizing state frequencies so that sum of them equals to 1
WARNING: Number of threads seems too high for short alignments. Use -T AUTO to determine best number of threads.
355  Q.yeast+G4    3162.687     14  6353.375     6354.519     6408.610
WARNING: Normalizing state frequencies so that sum of them equals to 1
WARNING: Number of threads seems too high for short alignments. Use -T AUTO to determine best number of threads.
356  Q.yeast+I+G4  3163.890     15  6357.779     6359.091     6416.961
WARNING: Normalizing state frequencies so that sum of them equals to 1
WARNING: Number of threads seems too high for short alignments. Use -T AUTO to determine best number of threads.
377  Q.yeast+F+G4  3122.656     33  6311.312     6317.760     6441.511
WARNING: Normalizing state frequencies so that sum of them equals to 1
WARNING: Number of threads seems too high for short alignments. Use -T AUTO to determine best number of threads.
378  Q.yeast+F+I+G4 3123.919     34  6315.838     6322.697     6449.983
WARNING: Number of threads seems too high for short alignments. Use -T AUTO to determine best number of threads.
399  JTTDCMut+G4   3165.897     14  6359.795     6360.939     6415.031
WARNING: Number of threads seems too high for short alignments. Use -T AUTO to determine best number of threads.
400  JTTDCMut+I+G4 3167.265     15  6364.530     6365.841     6423.711
WARNING: Number of threads seems too high for short alignments. Use -T AUTO to determine best number of threads.
421  JTTDCMut+F+G4 3109.055     33  6284.109     6290.557     6414.308
WARNING: Number of threads seems too high for short alignments. Use -T AUTO to determine best number of threads.
422  JTTDCMut+F+I+G4 3110.352     34  6288.705     6295.564     6422.849
WARNING: Number of threads seems too high for short alignments. Use -T AUTO to determine best number of threads.
443  DCMut+G4      3177.411     14  6382.823     6383.967     6438.058
WARNING: Number of threads seems too high for short alignments. Use -T AUTO to determine best number of threads.
444  DCMut+I+G4    3178.839     15  6387.677     6388.989     6446.859
WARNING: Number of threads seems too high for short alignments. Use -T AUTO to determine best number of threads.
465  DCMut+F+G4    3121.314     33  6308.627     6315.075     6438.826
WARNING: Number of threads seems too high for short alignments. Use -T AUTO to determine best number of threads.
466  DCMut+F+I+G4  3122.657     34  6313.314     6320.173     6447.459
WARNING: Number of threads seems too high for short alignments. Use -T AUTO to determine best number of threads.
487  VT+G4         3177.463     14  6382.926     6384.071     6438.162
WARNING: Number of threads seems too high for short alignments. Use -T AUTO to determine best number of threads.
488  VT+I+G4       3178.894     15  6387.788     6389.099     6446.969
WARNING: Number of threads seems too high for short alignments. Use -T AUTO to determine best number of threads.
509  VT+F+G4       3129.053     33  6324.107     6330.555     6454.305
WARNING: Number of threads seems too high for short alignments. Use -T AUTO to determine best number of threads.
510  VT+F+I+G4     3130.503     34  6329.005     6335.864     6463.149
WARNING: Number of threads seems too high for short alignments. Use -T AUTO to determine best number of threads.
531  PMB+G4        3220.293     14  6468.586     6469.730     6523.822
WARNING: Number of threads seems too high for short alignments. Use -T AUTO to determine best number of threads.
532  PMB+I+G4      3221.638     15  6473.276     6474.587     6532.457
WARNING: Number of threads seems too high for short alignments. Use -T AUTO to determine best number of threads.
553  PMB+F+G4      3148.751     33  6363.501     6369.950     6493.700
WARNING: Number of threads seems too high for short alignments. Use -T AUTO to determine best number of threads.
554  PMB+F+I+G4    3150.263     34  6368.527     6375.385     6502.671
WARNING: Number of threads seems too high for short alignments. Use -T AUTO to determine best number of threads.
575  Blosum62+G4   3207.552     14  6443.105     6444.249     6498.341
WARNING: Number of threads seems too high for short alignments. Use -T AUTO to determine best number of threads.
576  Blosum62+I+G4 3208.991     15  6447.981     6449.293     6507.163
WARNING: Number of threads seems too high for short alignments. Use -T AUTO to determine best number of threads.
597  Blosum62+F+G4 3149.961     33  6365.922     6372.370     6496.121
WARNING: Number of threads seems too high for short alignments. Use -T AUTO to determine best number of threads.
598  Blosum62+F+I+G4 3151.535     34  6371.070     6377.929     6505.215
WARNING: Number of threads seems too high for short alignments. Use -T AUTO to determine best number of threads.
619  Dayhoff+G4    3177.181     14  6382.362     6383.506     6437.598
WARNING: Number of threads seems too high for short alignments. Use -T AUTO to determine best number of threads.
620  Dayhoff+I+G4  3178.607     15  6387.214     6388.525     6446.395
WARNING: Number of threads seems too high for short alignments. Use -T AUTO to determine best number of threads.
641  Dayhoff+F+G4  3121.112     33  6308.224     6314.673     6438.423
WARNING: Number of threads seems too high for short alignments. Use -T AUTO to determine best number of threads.
642  Dayhoff+F+I+G4 3122.532     34  6313.065     6319.923     6447.209
WARNING: Number of threads seems too high for short alignments. Use -T AUTO to determine best number of threads.
663  mtREV+G4      3378.786     14  6785.573     6786.717     6840.809
WARNING: Number of threads seems too high for short alignments. Use -T AUTO to determine best number of threads.
664  mtREV+I+G4    3379.876     15  6789.752     6791.063     6848.933
WARNING: Number of threads seems too high for short alignments. Use -T AUTO to determine best number of threads.
685  mtREV+F+G4    3152.198     33  6370.395     6376.843     6500.594
WARNING: Number of threads seems too high for short alignments. Use -T AUTO to determine best number of threads.
686  mtREV+F+I+G4  3153.359     34  6374.719     6381.578     6508.863
WARNING: Number of threads seems too high for short alignments. Use -T AUTO to determine best number of threads.
707  mtART+G4      3405.293     14  6838.585     6839.730     6893.821
WARNING: Number of threads seems too high for short alignments. Use -T AUTO to determine best number of threads.
708  mtART+I+G4    3405.404     15  6840.809     6842.120     6899.990
WARNING: Number of threads seems too high for short alignments. Use -T AUTO to determine best number of threads.
729  mtART+F+G4    3168.979     33  6403.957     6410.406     6534.156
WARNING: Number of threads seems too high for short alignments. Use -T AUTO to determine best number of threads.
730  mtART+F+I+G4  3169.778     34  6407.556     6414.414     6541.700
WARNING: Number of threads seems too high for short alignments. Use -T AUTO to determine best number of threads.
751  mtZOA+G4      3368.244     14  6764.487     6765.632     6819.723
WARNING: Number of threads seems too high for short alignments. Use -T AUTO to determine best number of threads.
752  mtZOA+I+G4    3368.856     15  6767.713     6769.024     6826.894
WARNING: Number of threads seems too high for short alignments. Use -T AUTO to determine best number of threads.
773  mtZOA+F+G4    3141.847     33  6349.694     6356.142     6479.893
WARNING: Number of threads seems too high for short alignments. Use -T AUTO to determine best number of threads.
774  mtZOA+F+I+G4  3142.997     34  6353.994     6360.853     6488.138
WARNING: Number of threads seems too high for short alignments. Use -T AUTO to determine best number of threads.
795  mtMet+G4      3327.181     14  6682.362     6683.507     6737.598
WARNING: Number of threads seems too high for short alignments. Use -T AUTO to determine best number of threads.
796  mtMet+I+G4    3328.376     15  6686.751     6688.062     6745.932
WARNING: Number of threads seems too high for short alignments. Use -T AUTO to determine best number of threads.
817  mtMet+F+G4    3130.824     33  6327.648     6334.097     6457.847
WARNING: Number of threads seems too high for short alignments. Use -T AUTO to determine best number of threads.
818  mtMet+F+I+G4  3132.005     34  6332.011     6338.869     6466.155
WARNING: Number of threads seems too high for short alignments. Use -T AUTO to determine best number of threads.
839  mtVer+G4      3356.828     14  6741.656     6742.800     6796.891
WARNING: Number of threads seems too high for short alignments. Use -T AUTO to determine best number of threads.
840  mtVer+I+G4    3357.901     15  6745.801     6747.113     6804.982
WARNING: Number of threads seems too high for short alignments. Use -T AUTO to determine best number of threads.
861  mtVer+F+G4    3144.494     33  6354.988     6361.436     6485.187
WARNING: Number of threads seems too high for short alignments. Use -T AUTO to determine best number of threads.
862  mtVer+F+I+G4  3145.241     34  6358.481     6365.340     6492.625
WARNING: Number of threads seems too high for short alignments. Use -T AUTO to determine best number of threads.
883  mtInv+G4      3356.293     14  6740.586     6741.730     6795.822
WARNING: Number of threads seems too high for short alignments. Use -T AUTO to determine best number of threads.
884  mtInv+I+G4    3357.701     15  6745.402     6746.714     6804.584
WARNING: Number of threads seems too high for short alignments. Use -T AUTO to determine best number of threads.
905  mtInv+F+G4    3133.667     33  6333.335     6339.783     6463.534
WARNING: Number of threads seems too high for short alignments. Use -T AUTO to determine best number of threads.
906  mtInv+F+I+G4  3135.094     34  6338.188     6345.047     6472.332
WARNING: Number of threads seems too high for short alignments. Use -T AUTO to determine best number of threads.
927  mtMAM+G4      3407.440     14  6842.881     6844.025     6898.117
WARNING: Number of threads seems too high for short alignments. Use -T AUTO to determine best number of threads.
928  mtMAM+I+G4    3407.404     15  6844.808     6846.119     6903.989
WARNING: Number of threads seems too high for short alignments. Use -T AUTO to determine best number of threads.
949  mtMAM+F+G4    3175.572     33  6417.144     6423.592     6547.342
WARNING: Number of threads seems too high for short alignments. Use -T AUTO to determine best number of threads.
950  mtMAM+F+I+G4  3175.719     34  6419.438     6426.297     6553.582
WARNING: Normalizing state frequencies so that sum of them equals to 1
WARNING: Number of threads seems too high for short alignments. Use -T AUTO to determine best number of threads.
971  FLAVI+G4      3215.008     14  6458.016     6459.160     6513.252
WARNING: Normalizing state frequencies so that sum of them equals to 1
WARNING: Number of threads seems too high for short alignments. Use -T AUTO to determine best number of threads.
972  FLAVI+I+G4    3215.563     15  6461.125     6462.437     6520.307
WARNING: Normalizing state frequencies so that sum of them equals to 1
WARNING: Number of threads seems too high for short alignments. Use -T AUTO to determine best number of threads.
993  FLAVI+F+G4    3134.389     33  6334.779     6341.227     6464.977
WARNING: Normalizing state frequencies so that sum of them equals to 1
WARNING: Number of threads seems too high for short alignments. Use -T AUTO to determine best number of threads.
994  FLAVI+F+I+G4  3134.874     34  6337.747     6344.606     6471.891
WARNING: Number of threads seems too high for short alignments. Use -T AUTO to determine best number of threads.
1015  HIVb+G4       3185.319     14  6398.639     6399.783     6453.875
WARNING: Number of threads seems too high for short alignments. Use -T AUTO to determine best number of threads.
1016  HIVb+I+G4     3186.560     15  6403.120     6404.432     6462.302
WARNING: Number of threads seems too high for short alignments. Use -T AUTO to determine best number of threads.
1037  HIVb+F+G4     3116.448     33  6298.895     6305.344     6429.094
WARNING: Number of threads seems too high for short alignments. Use -T AUTO to determine best number of threads.
1038  HIVb+F+I+G4   3117.478     34  6302.956     6309.815     6437.100
WARNING: Number of threads seems too high for short alignments. Use -T AUTO to determine best number of threads.
1059  HIVw+G4       3187.775     14  6403.549     6404.694     6458.785
WARNING: Number of threads seems too high for short alignments. Use -T AUTO to determine best number of threads.
1060  HIVw+I+G4     3188.848     15  6407.696     6409.007     6466.877
WARNING: Number of threads seems too high for short alignments. Use -T AUTO to determine best number of threads.
1081  HIVw+F+G4     3132.858     33  6331.715     6338.163     6461.914
WARNING: Number of threads seems too high for short alignments. Use -T AUTO to determine best number of threads.
1082  HIVw+F+I+G4   3133.655     34  6335.309     6342.168     6469.454
WARNING: Number of threads seems too high for short alignments. Use -T AUTO to determine best number of threads.
1103  FLU+G4        3163.274     14  6354.549     6355.693     6409.785
WARNING: Number of threads seems too high for short alignments. Use -T AUTO to determine best number of threads.
1104  FLU+I+G4      3164.416     15  6358.832     6360.143     6418.013
WARNING: Number of threads seems too high for short alignments. Use -T AUTO to determine best number of threads.
1125  FLU+F+G4      3121.361     33  6308.722     6315.170     6438.921
WARNING: Number of threads seems too high for short alignments. Use -T AUTO to determine best number of threads.
1126  FLU+F+I+G4    3122.172     34  6312.344     6319.202     6446.488
WARNING: Number of threads seems too high for short alignments. Use -T AUTO to determine best number of threads.
1147  rtREV+G4      3211.488     14  6450.977     6452.121     6506.213
WARNING: Number of threads seems too high for short alignments. Use -T AUTO to determine best number of threads.
1148  rtREV+I+G4    3212.945     15  6455.889     6457.201     6515.070
WARNING: Number of threads seems too high for short alignments. Use -T AUTO to determine best number of threads.
1169  rtREV+F+G4    3142.209     33  6350.419     6356.867     6480.618
WARNING: Number of threads seems too high for short alignments. Use -T AUTO to determine best number of threads.
1170  rtREV+F+I+G4  3143.609     34  6355.218     6362.077     6489.363
WARNING: Number of threads seems too high for short alignments. Use -T AUTO to determine best number of threads.
1191  cpREV+G4      3195.624     14  6419.248     6420.393     6474.484
WARNING: Number of threads seems too high for short alignments. Use -T AUTO to determine best number of threads.
1192  cpREV+I+G4    3197.006     15  6424.012     6425.323     6483.193
WARNING: Number of threads seems too high for short alignments. Use -T AUTO to determine best number of threads.
1213  cpREV+F+G4    3129.246     33  6324.493     6330.941     6454.691
WARNING: Number of threads seems too high for short alignments. Use -T AUTO to determine best number of threads.
1214  cpREV+F+I+G4  3130.806     34  6329.612     6336.471     6463.756
Akaike Information Criterion:           JTT+F+G4
Corrected Akaike Information Criterion: JTT+F+G4
Bayesian Information Criterion:         Q.yeast+G4
Best-fit model: Q.yeast+G4 chosen according to BIC

All model information printed to 25958at5794_Uracil-DNA-align.faa/25958at5794_Uracil-DNA-align.faa.model.gz
CPU time for ModelFinder: 261.983 seconds (0h:4m:21s)
Wall-clock time for ModelFinder: 8.237 seconds (0h:0m:8s)
Generating 1000 samples for ultrafast bootstrap (seed: 108863)...
WARNING: Normalizing state frequencies so that sum of them equals to 1

NOTE: 2 MB RAM (0 GB) is required!
WARNING: Number of threads seems too high for short alignments. Use -T AUTO to determine best number of threads.
Estimate model parameters (epsilon = 0.100)
1. Initial log-likelihood: -3162.687
Optimal log-likelihood: -3162.671
Gamma shape alpha: 0.377
Parameters optimization took 1 rounds (0.013 sec)
Wrote distance file to... 
Computing ML distances based on estimated model parameters...
Calculating distance matrix: done in 0.00229501 secs using 4128% CPU
Computing ML distances took 0.002513 sec (of wall-clock time) 0.094981 sec (of CPU time)
WARNING: Some pairwise ML distances are too long (saturated)
Setting up auxiliary I and S matrices: done in 0.0127194 secs using 997.1% CPU
Constructing RapidNJ tree: done in 0.0759131 secs using 1024% CPU
Computing RapidNJ tree took 0.088840 sec (of wall-clock time) 0.926361 sec (of CPU time)
Log-likelihood of RapidNJ tree: -3162.657
--------------------------------------------------------------------
|             INITIALIZING CANDIDATE TREE SET                      |
--------------------------------------------------------------------
Generating 99 parsimony trees... 0.031 second
Computing log-likelihood of 53 initial trees ... 0.286 seconds
Current best score: -3162.657

Do NNI search on 20 best initial trees
Optimizing NNI: done in 0.019003 secs using 2951% CPU
Estimate model parameters (epsilon = 0.100)
BETTER TREE FOUND at iteration 1: -3162.656
Optimizing NNI: done in 0.0704843 secs using 3166% CPU
Optimizing NNI: done in 0.0720255 secs using 3186% CPU
Estimate model parameters (epsilon = 0.100)
BETTER TREE FOUND at iteration 3: -3162.081
Optimizing NNI: done in 0.0360036 secs using 3184% CPU
Optimizing NNI: done in 0.0662288 secs using 3175% CPU
Estimate model parameters (epsilon = 0.100)
BETTER TREE FOUND at iteration 5: -3162.053
Optimizing NNI: done in 0.0864134 secs using 3171% CPU
Optimizing NNI: done in 0.0782509 secs using 3174% CPU
Optimizing NNI: done in 0.115349 secs using 3200% CPU
Optimizing NNI: done in 0.0574948 secs using 3211% CPU
Optimizing NNI: done in 0.153795 secs using 3164% CPU
WARNING: NNI search needs unusual large number of steps (8) to converge!
Iteration 10 / LogL: -3162.056 / Time: 0h:0m:1s
Optimizing NNI: done in 0.0551868 secs using 3174% CPU
Optimizing NNI: done in 0.0907788 secs using 3192% CPU
Optimizing NNI: done in 0.154795 secs using 3188% CPU
Optimizing NNI: done in 0.0824265 secs using 3206% CPU
Optimizing NNI: done in 0.0925837 secs using 3166% CPU
Optimizing NNI: done in 0.0546279 secs using 3202% CPU
Optimizing NNI: done in 0.0568824 secs using 3135% CPU
Optimizing NNI: done in 0.0532715 secs using 3226% CPU
Optimizing NNI: done in 0.0859392 secs using 3181% CPU
Optimizing NNI: done in 0.107768 secs using 3189% CPU
UPDATE BEST LOG-LIKELIHOOD: -3162.046
Iteration 20 / LogL: -3162.046 / Time: 0h:0m:2s
Finish initializing candidate tree set (7)
Current best tree score: -3162.046 / CPU time: 1.953
Number of iterations: 20
--------------------------------------------------------------------
|               OPTIMIZING CANDIDATE TREE SET                      |
--------------------------------------------------------------------
Optimizing NNI: done in 0.110115 secs using 3177% CPU
Optimizing NNI: done in 0.0626391 secs using 3203% CPU
Optimizing NNI: done in 0.0364562 secs using 3148% CPU
Optimizing NNI: done in 0.0449082 secs using 3193% CPU
UPDATE BEST LOG-LIKELIHOOD: -3162.044
Optimizing NNI: done in 0.0814635 secs using 3205% CPU
Optimizing NNI: done in 0.0871399 secs using 3181% CPU
Optimizing NNI: done in 0.113674 secs using 3192% CPU
Optimizing NNI: done in 0.0682898 secs using 3214% CPU
Optimizing NNI: done in 0.0484862 secs using 3217% CPU
Optimizing NNI: done in 0.0691937 secs using 3172% CPU
Iteration 30 / LogL: -3162.054 / Time: 0h:0m:2s (0h:0m:7s left)
Optimizing NNI: done in 0.12083 secs using 3187% CPU
Optimizing NNI: done in 0.156114 secs using 3197% CPU
WARNING: NNI search needs unusual large number of steps (8) to converge!
Optimizing NNI: done in 0.0185934 secs using 3085% CPU
UPDATE BEST LOG-LIKELIHOOD: -3162.044
Optimizing NNI: done in 0.0897529 secs using 3192% CPU
Optimizing NNI: done in 0.141627 secs using 3193% CPU
Optimizing NNI: done in 0.0217796 secs using 3206% CPU
Optimizing NNI: done in 0.0438913 secs using 3189% CPU
Optimizing NNI: done in 0.108645 secs using 3194% CPU
Optimizing NNI: done in 0.101697 secs using 3193% CPU
Optimizing NNI: done in 0.0433975 secs using 3153% CPU
Iteration 40 / LogL: -3162.056 / Time: 0h:0m:3s (0h:0m:6s left)
Optimizing NNI: done in 0.107504 secs using 3170% CPU
Optimizing NNI: done in 0.110603 secs using 3167% CPU
Optimizing NNI: done in 0.149131 secs using 3182% CPU
Optimizing NNI: done in 0.0537933 secs using 3197% CPU
Optimizing NNI: done in 0.0840117 secs using 3184% CPU
Optimizing NNI: done in 0.0751991 secs using 3177% CPU
Optimizing NNI: done in 0.0189387 secs using 3197% CPU
UPDATE BEST LOG-LIKELIHOOD: -3162.044
Optimizing NNI: done in 0.0465169 secs using 3149% CPU
Optimizing NNI: done in 0.0669521 secs using 3186% CPU
Optimizing NNI: done in 0.104211 secs using 3177% CPU
Iteration 50 / LogL: -3162.056 / Time: 0h:0m:4s (0h:0m:5s left)
Log-likelihood cutoff on original alignment: -3191.533
Optimizing NNI: done in 0.14393 secs using 3185% CPU
Optimizing NNI: done in 0.0396126 secs using 2992% CPU
UPDATE BEST LOG-LIKELIHOOD: -3162.043
Optimizing NNI: done in 0.076436 secs using 3166% CPU
Optimizing NNI: done in 0.0593598 secs using 3216% CPU
Optimizing NNI: done in 0.116622 secs using 3164% CPU
Optimizing NNI: done in 0.106165 secs using 3177% CPU
Optimizing NNI: done in 0.0607162 secs using 3196% CPU
Optimizing NNI: done in 0.0899432 secs using 3179% CPU
Optimizing NNI: done in 0.0685997 secs using 3201% CPU
Optimizing NNI: done in 0.0362498 secs using 3160% CPU
Iteration 60 / LogL: -3162.079 / Time: 0h:0m:5s (0h:0m:4s left)
Optimizing NNI: done in 0.069419 secs using 3206% CPU
Optimizing NNI: done in 0.0861271 secs using 3178% CPU
Optimizing NNI: done in 0.0612546 secs using 3218% CPU
Optimizing NNI: done in 0.0706892 secs using 3150% CPU
Optimizing NNI: done in 0.0152908 secs using 3124% CPU
Optimizing NNI: done in 0.0967405 secs using 3191% CPU
Optimizing NNI: done in 0.0638121 secs using 3188% CPU
Optimizing NNI: done in 0.0786845 secs using 3188% CPU
Optimizing NNI: done in 0.0449943 secs using 3176% CPU
Optimizing NNI: done in 0.0735857 secs using 3151% CPU
Iteration 70 / LogL: -3162.056 / Time: 0h:0m:6s (0h:0m:3s left)
Optimizing NNI: done in 0.0803765 secs using 3167% CPU
Optimizing NNI: done in 0.081439 secs using 3202% CPU
Optimizing NNI: done in 0.0166219 secs using 3064% CPU
Optimizing NNI: done in 0.0786128 secs using 3195% CPU
Optimizing NNI: done in 0.116307 secs using 3199% CPU
WARNING: NNI search needs unusual large number of steps (8) to converge!
Optimizing NNI: done in 0.0157553 secs using 3033% CPU
Optimizing NNI: done in 0.0172373 secs using 3141% CPU
Optimizing NNI: done in 0.0334112 secs using 3238% CPU
Optimizing NNI: done in 0.0901128 secs using 3178% CPU
Optimizing NNI: done in 0.0346247 secs using 3214% CPU
Iteration 80 / LogL: -3162.054 / Time: 0h:0m:6s (0h:0m:2s left)
Optimizing NNI: done in 0.0339063 secs using 3189% CPU
Optimizing NNI: done in 0.0335353 secs using 3218% CPU
Optimizing NNI: done in 0.0409481 secs using 3180% CPU
UPDATE BEST LOG-LIKELIHOOD: -3162.043
Optimizing NNI: done in 0.120693 secs using 3187% CPU
Optimizing NNI: done in 0.03267 secs using 3213% CPU
Optimizing NNI: done in 0.100706 secs using 3189% CPU
Optimizing NNI: done in 0.052525 secs using 3146% CPU
Optimizing NNI: done in 0.0342111 secs using 3254% CPU
Optimizing NNI: done in 0.0315544 secs using 3129% CPU
Optimizing NNI: done in 0.0338067 secs using 3193% CPU
Iteration 90 / LogL: -3162.055 / Time: 0h:0m:7s (0h:0m:1s left)
Optimizing NNI: done in 0.0798924 secs using 3185% CPU
Optimizing NNI: done in 0.126463 secs using 3194% CPU
WARNING: NNI search needs unusual large number of steps (8) to converge!
Optimizing NNI: done in 0.0339171 secs using 3185% CPU
Optimizing NNI: done in 0.104791 secs using 3186% CPU
Optimizing NNI: done in 0.0678044 secs using 3192% CPU
Optimizing NNI: done in 0.0669618 secs using 3185% CPU
Optimizing NNI: done in 0.0352261 secs using 3164% CPU
Optimizing NNI: done in 0.0813256 secs using 3168% CPU
Optimizing NNI: done in 0.0158282 secs using 3215% CPU
Optimizing NNI: done in 0.0766328 secs using 3194% CPU
Iteration 100 / LogL: -3162.055 / Time: 0h:0m:8s (0h:0m:0s left)
Log-likelihood cutoff on original alignment: -3191.048
NOTE: Bootstrap correlation coefficient of split occurrence frequencies: 0.998
Optimizing NNI: done in 0.018112 secs using 3157% CPU
Optimizing NNI: done in 0.0419119 secs using 3181% CPU
UPDATE BEST LOG-LIKELIHOOD: -3162.043
Optimizing NNI: done in 0.027226 secs using 3154% CPU
Optimizing NNI: done in 0.0160407 secs using 3174% CPU
Optimizing NNI: done in 0.0387547 secs using 3201% CPU
Optimizing NNI: done in 0.10924 secs using 3202% CPU
TREE SEARCH COMPLETED AFTER 106 ITERATIONS / Time: 0h:0m:8s

--------------------------------------------------------------------
|                    FINALIZING TREE SEARCH                        |
--------------------------------------------------------------------
Performs final model parameters optimization
Estimate model parameters (epsilon = 0.010)
1. Initial log-likelihood: -3162.043
Optimal log-likelihood: -3162.042
Gamma shape alpha: 0.381
Parameters optimization took 1 rounds (0.008 sec)
BEST SCORE FOUND : -3162.042
Creating bootstrap support values...
Split supports printed to NEXUS file 25958at5794_Uracil-DNA-align.faa/25958at5794_Uracil-DNA-align.faa.splits.nex
Total tree length: 11.993

Total number of iterations: 106
CPU time used for tree search: 256.999 sec (0h:4m:16s)
Wall-clock time used for tree search: 8.124 sec (0h:0m:8s)
Total CPU time used: 260.560 sec (0h:4m:20s)
Total wall-clock time used: 8.327 sec (0h:0m:8s)

Computing bootstrap consensus tree...
Reading input file 25958at5794_Uracil-DNA-align.faa/25958at5794_Uracil-DNA-align.faa.splits.nex...
8 taxa and 39 splits.
Consensus tree written to 25958at5794_Uracil-DNA-align.faa/25958at5794_Uracil-DNA-align.faa.contree
Reading input trees file 25958at5794_Uracil-DNA-align.faa/25958at5794_Uracil-DNA-align.faa.contree
Log-likelihood of consensus tree: -3162.055

Analysis results written to: 
  IQ-TREE report:                25958at5794_Uracil-DNA-align.faa/25958at5794_Uracil-DNA-align.faa.iqtree
  Maximum-likelihood tree:       25958at5794_Uracil-DNA-align.faa/25958at5794_Uracil-DNA-align.faa.treefile
  Likelihood distances:          25958at5794_Uracil-DNA-align.faa/25958at5794_Uracil-DNA-align.faa.mldist

Ultrafast bootstrap approximation results written to:
  Split support values:          25958at5794_Uracil-DNA-align.faa/25958at5794_Uracil-DNA-align.faa.splits.nex
  Consensus tree:                25958at5794_Uracil-DNA-align.faa/25958at5794_Uracil-DNA-align.faa.contree
  Screen log file:               25958at5794_Uracil-DNA-align.faa/25958at5794_Uracil-DNA-align.faa.log

Date and Time: Fri Mar  1 09:00:26 2024
