contig00002	Gallus gallus	9031	sp|Q90875|ACOC_CHICK	941	0.0	949	54.9
contig00007	Gallus gallus	9031	sp|Q5ZLX2|IF2A_CHICK	278	1.92e-63	204	50.0
contig00008	Gallus gallus	9031	sp|Q5ZIM5|MAP1_CHICK	653	4.69e-121	368	47.9
contig00016	Gallus gallus	9031	sp|Q5ZIU3|DYRK2_CHICK	1559	2.92e-14	81.3	30.9
contig00021	Gallus gallus	9031	sp|Q5ZHS3|C1D_CHICK	154	6.32e-07	49.3	31.7
contig00029	Gallus gallus	9031	sp|Q5ZJ85|PRPF3_CHICK	766	8.22e-26	117	34.6
contig00030	Gallus gallus	9031	sp|Q98TF8|RL22_CHICK	1562	7.74e-07	53.1	28.7
contig00030	Gallus gallus	9031	sp|Q5ZJL4|CLP1_CHICK	645	1.20e-16	86.3	40.0
contig00033	Coturnix japonica	93934	sp|Q05025|G3P_COTJA	301	7.57e-135	388	64.1
contig00035	Gallus gallus	9031	sp|Q5ZMA6|NADE_CHICK	988	8.11e-39	158	29.9
contig00036	Gallus gallus	9031	sp|Q5ZKM1|SPB1_CHICK	1730	1.50e-62	234	38.8
contig00037	Gallus gallus	9031	sp|Q5ZLC7|MARE1_CHICK	480	2.60e-30	121	45.9
contig00037	Coturnix coturnix	9091	sp|Q6V291|MARE1_COTCO	480	2.92e-30	121	45.9
contig00037	Coturnix japonica	93934	sp|Q66T82|MARE1_COTJA	480	2.92e-30	121	45.9
contig00048	Gallus gallus	9031	sp|P32429|RL7A_CHICK	598	1.51e-07	56.6	43.5
contig00058	Gallus gallus	9031	sp|I0IUP3|MCM8_CHICK	1874	2.25e-68	252	36.6
contig00059	Gallus gallus	9031	sp|P09652|TBB4_CHICK	505	6.84e-54	191	28.2
contig00064	Gallus gallus	9031	sp|Q5ZJJ2|RFA1_CHICK	2254	3.17e-48	187	28.2
contig00064	Gallus gallus	9031	sp|Q90Y35|ZN622_CHICK	308	2.75e-06	52.0	32.4
contig00065	Gallus gallus	9031	sp|Q5ZIW1|PEO1_CHICK	1727	5.81e-70	253	34.9
contig00068	Gallus gallus	9031	sp|Q7T2T1|CELF2_CHICK	1213	2.21e-09	65.1	30.0
contig00069	Gallus gallus	9031	sp|Q5F3N1|PIMT_CHICK	830	8.45e-11	66.2	42.1
contig00071	Gallus gallus	9031	sp|Q5ZJK8|TCPH_CHICK	534	2.08e-207	590	55.8
contig00077	Gallus gallus	9031	sp|Q5ZJL9|SAMH1_CHICK	1305	1.44e-43	172	29.6
contig00080	Gallus gallus	9031	sp|Q5ZHL0|VA0D2_CHICK	385	9.96e-85	264	38.4
contig00082	Gallus gallus	9031	sp|Q5H7N8|ZC3HF_CHICK	523	8.12e-41	155	43.0
contig00094	Gallus gallus	9031	sp|Q5ZKB9|DDX6_CHICK	133	1.24e-39	141	62.0
contig00094	Gallus gallus	9031	sp|Q5ZMD6|H2AZ_CHICK	1517	1.00e-39	147	46.5
contig00094	Gallus gallus	9031	sp|P02272|H2AV_CHICK	1517	1.37e-39	146	46.5
contig00108	Gallus gallus	9031	sp|Q5ZIV7|DESI2_CHICK	263	4.06e-06	49.7	32.0
contig00114	Gallus gallus	9031	sp|Q5ZLK7|HYOU1_CHICK	1075	1.49e-37	156	26.6
contig00114	Gallus gallus	9031	sp|Q5ZJX5|MEAK7_CHICK	749	7.81e-09	62.4	27.2
contig00117	Gallus gallus	9031	sp|Q9I920|BLM_CHICK	819	2.02e-65	241	37.1
contig00120	Gallus gallus	9031	sp|P11029|ACAC_CHICK	1246	2.52e-05	52.8	28.7
contig00122	Gallus gallus	9031	sp|Q9IAM7|MRE11_CHICK	1396	1.50e-40	164	42.9
contig00134	Gallus gallus	9031	sp|E1C6Q1|PCH2_CHICK	552	3.05e-23	105	40.7
contig00153	Taeniopygia guttata	59729	sp|B5FZY7|IF4A3_TAEGU	519	2.46e-191	543	66.7
contig00153	Gallus gallus	9031	sp|Q5ZM36|IF4A3_CHICK	519	2.65e-191	543	66.7
contig00171	Gallus gallus	9031	sp|Q5ZHP3|CFA20_CHICK	195	1.76e-13	68.9	41.5
contig00176	Gallus gallus	9031	sp|Q9YGL9|AT2A3_CHICK	942	4.00e-202	608	42.3
contig00176	Gallus gallus	9031	sp|P13585|AT2A1_CHICK	942	1.51e-200	603	44.0
contig00176	Gallus gallus	9031	sp|Q03669|AT2A2_CHICK	942	3.24e-199	602	43.2
contig00177	Gallus gallus	9031	sp|Q5ZIH0|INT11_CHICK	936	1.60e-27	122	39.5
contig00178	Gallus gallus	9031	sp|Q7T2T1|CELF2_CHICK	447	2.04e-05	50.4	42.9
contig00179	Gallus gallus	9031	sp|P47826|RLA0_CHICK	315	6.66e-83	256	48.1
contig00182	Gallus gallus	9031	sp|Q76I89|NDC80_CHICK	809	1.89e-05	52.0	27.7
contig00217	Gallus gallus	9031	sp|Q5ZIY4|SBDS_CHICK	839	1.10e-07	57.4	55.0
contig00219	Gallus gallus	9031	sp|Q5ZK10|NSF1C_CHICK	190	9.38e-24	99.4	33.9
contig00219	Gallus gallus	9031	sp|Q5ZLK2|UBX2B_CHICK	190	1.65e-21	93.2	33.8
contig00219	Gallus gallus	9031	sp|P00793|PEPA_CHICK	1548	2.15e-49	183	31.6
contig00230	Gallus gallus	9031	sp|Q9YHT2|SDHB_CHICK	1011	1.42e-105	333	65.1
contig00232	Gallus gallus	9031	sp|Q5ZL57|COPD_CHICK	502	4.48e-51	184	29.4
contig00235	Gallus gallus	9031	sp|P02597|CALMS_CHICK	254	2.81e-06	49.3	26.5
contig00235	Gallus gallus	9031	sp|P05419|CALN_CHICK	254	4.72e-05	45.4	25.0
contig00235	Gallus gallus	9031	sp|P84169|PSD13_CHICK	390	2.92e-32	128	24.9
contig00239	Gallus gallus	9031	sp|Q5ZJL8|ABHDD_CHICK	733	5.09e-29	122	33.0
contig00246	Gallus gallus	9031	sp|Q8JG64|PDIA3_CHICK	326	1.89e-17	86.3	48.9
contig00246	Gallus gallus	9031	sp|P09102|PDIA1_CHICK	401	1.45e-07	57.0	22.9
contig00255	Gallus gallus	9031	sp|Q5ZLK1|DCA13_CHICK	534	1.22e-78	256	31.5
contig00310	Gallus gallus	9031	sp|Q5ZHN9|PGPS1_CHICK	1726	6.74e-04	48.1	35.4
contig00310	Gallus gallus	9031	sp|Q5ZHN9|PGPS1_CHICK	332	1.90e-34	135	38.2
contig00314	Gallus gallus	9031	sp|O12944|RAD54_CHICK	2998	1.47e-129	430	36.9
contig00320	Gallus gallus	9031	sp|Q9YGQ1|EF1B_CHICK	267	9.33e-07	52.0	24.4
contig00339	Gallus gallus	9031	sp|Q5ZKY2|ATG7_CHICK	2857	1.82e-45	181	29.8
contig00346	Gallus gallus	9031	sp|Q90640|KIF4_CHICK	496	6.79e-13	75.1	26.2
contig00356	Gallus gallus	9031	sp|E1C7T6|TYW5_CHICK	1330	7.95e-17	86.7	33.8
contig00384	Gallus gallus	9031	sp|Q5ZJ01|AB17B_CHICK	922	5.08e-41	155	35.7
contig00397	Gallus gallus	9031	sp|E1C1L6|ENTP5_CHICK	912	3.81e-16	85.5	28.8
contig00410	Gallus gallus	9031	sp|Q9I8D1|MYO6_CHICK	1857	2.71e-69	261	26.9
contig00420	Gallus gallus	9031	sp|Q5ZIL2|VPS29_CHICK	191	1.30e-53	172	46.2
contig00423	Gallus gallus	9031	sp|E1C5V0|SMYD2_CHICK	309	5.13e-05	48.1	48.8
contig00425	Gallus gallus	9031	sp|Q9YHT1|SDHA_CHICK	635	1.80e-267	751	62.6
contig00435	Gallus gallus	9031	sp|P14105|MYH9_CHICK	1491	1.06e-48	195	25.5
contig00475	Gallus gallus	9031	sp|Q5F3N5|KLH14_CHICK	2888	2.30e-08	63.5	31.2
contig00477	Gallus gallus	9031	sp|Q5ZLT0|XPO7_CHICK	3148	1.36e-92	331	25.4
contig00485	Gallus gallus	9031	sp|O42131|TOP2B_CHICK	1608	0.0	1056	51.2
contig00485	Gallus gallus	9031	sp|O42130|TOP2A_CHICK	1608	0.0	1041	50.6
contig00522	Gallus gallus	9031	sp|Q5ZK35|MET14_CHICK	1077	1.97e-21	102	28.6
contig00524	Gallus gallus	9031	sp|Q5F3K0|TTC27_CHICK	1508	7.11e-27	122	32.5
contig00540	Gallus gallus	9031	sp|Q5ZJF4|PRDX6_CHICK	221	7.33e-67	208	49.5
contig00569	Gallus gallus	9031	sp|Q5F414|PNO1_CHICK	276	5.23e-62	198	51.4
contig00573	Gallus gallus	9031	sp|Q5F359|TPPC5_CHICK	185	4.12e-29	109	36.5
contig00578	Gallus gallus	9031	sp|Q04678|SSRP1_CHICK	506	1.14e-62	220	30.5
contig00589	Gallus gallus	9031	sp|Q8JIF5|ERAL1_CHICK	841	5.57e-16	85.1	39.0
contig00591	Gallus gallus	9031	sp|Q5F3Z1|PYRG2_CHICK	751	1.79e-143	436	37.3
contig00602	Gallus gallus	9031	sp|Q5ZK35|MET14_CHICK	857	3.13e-77	261	46.0
contig00606	Gallus gallus	9031	sp|Q5ZKC1|EIF2A_CHICK	2237	5.81e-12	74.7	24.5
contig00655	Gallus gallus	9031	sp|Q5ZML3|SRSF1_CHICK	282	1.08e-05	49.3	34.6
contig00661	Gallus gallus	9031	sp|P53033|RFC2_CHICK	464	3.80e-96	296	53.1
contig00743	Gallus gallus	9031	sp|Q5ZI72|HNRDL_CHICK	302	8.87e-04	43.9	51.4
contig00762	Gallus gallus	9031	sp|P02597|CALMS_CHICK	204	2.91e-05	45.8	24.0
contig00762	Gallus gallus	9031	sp|P05419|CALN_CHICK	204	7.86e-05	44.3	22.5
contig00770	Gallus gallus	9031	sp|Q5ZIN1|NUDC_CHICK	319	4.71e-46	162	48.9
contig00792	Gallus gallus	9031	sp|Q90WU3|DDX1_CHICK	867	4.10e-72	255	28.9
contig00794	Gallus gallus	9031	sp|Q5F408|SYCC_CHICK	665	6.15e-124	388	38.4
contig00799	Gallus gallus	9031	sp|Q5F3A1|SEC62_CHICK	342	2.49e-04	46.2	27.5
contig00807	Gallus gallus	9031	sp|Q6ITC7|RS13_CHICK	152	5.07e-69	208	66.9
contig00810	Gallus gallus	9031	sp|P08023|ACTA_CHICK	559	5.83e-31	127	24.3
contig00815	Gallus gallus	9031	sp|Q5ZJM9|SUMO2_CHICK	641	2.71e-05	46.6	54.8
contig00818	Gallus gallus	9031	sp|O42265|PSA1_CHICK	378	2.12e-45	159	42.1
contig00829	Gallus gallus	9031	sp|Q5F3Z5|DNJB6_CHICK	1357	1.90e-04	48.9	62.9
contig00890	Gallus gallus	9031	sp|Q5ZMA2|PRP19_CHICK	1335	1.12e-62	226	33.8
contig00891	Gallus gallus	9031	sp|Q98932|RAB5C_CHICK	1066	3.38e-06	52.8	50.9
contig00921	Gallus gallus	9031	sp|P15771|NUCL_CHICK	474	1.41e-04	48.1	35.7
contig00961	Gallus gallus	9031	sp|Q98932|RAB5C_CHICK	1724	3.52e-20	94.4	70.7
contig00961	Gallus gallus	9031	sp|Q5ZHW4|RAB5B_CHICK	1724	4.67e-20	94.0	70.7
contig00978	Gallus gallus	9031	sp|Q5ZLC5|ATPB_CHICK	541	2.25e-247	691	75.7
contig01008	Gallus gallus	9031	sp|Q5ZMS3|IF2G_CHICK	1012	2.17e-214	622	69.3
contig01030	Gallus gallus	9031	sp|Q5ZJ17|RBG1L_CHICK	951	9.73e-28	124	36.5
contig01050	Gallus gallus	9031	sp|Q5ZJH2|NCLN_CHICK	887	2.62e-05	51.6	24.6
contig01063	Gallus gallus	9031	sp|Q5ZHZ0|DX39B_CHICK	475	1.06e-173	497	55.0
contig01067	Gallus gallus	9031	sp|Q8AYS8|KCMA1_CHICK	1652	2.40e-05	53.1	20.3
contig01067	Gallus gallus	9031	sp|Q8QFV0|KCNT1_CHICK	1652	9.38e-05	51.2	22.6
contig01068	Gallus gallus	9031	sp|F1NW29|TYDP2_CHICK	518	2.45e-31	127	31.8
contig01093	Gallus gallus	9031	sp|Q5ZIV7|DESI2_CHICK	369	8.78e-04	43.5	29.0
contig01095	Gallus gallus	9031	sp|P56517|HDAC1_CHICK	456	4.99e-192	545	59.2
contig01227	Gallus gallus	9031	sp|P62846|RS15_CHICK	137	8.12e-63	191	68.4
contig01304	Gallus gallus	9031	sp|Q9PTJ6|CTDSL_CHICK	942	4.13e-28	118	37.7
contig01320	Gallus gallus	9031	sp|P30352|SRSF2_CHICK	1098	4.01e-14	76.3	39.0
contig01330	Gallus gallus	9031	sp|Q5ZL00|EMC1_CHICK	912	1.55e-12	75.5	25.1
contig01332	Gallus gallus	9031	sp|Q5ZIA5|COPB_CHICK	1377	4.26e-86	306	24.0
contig01458	Gallus gallus	9031	sp|P51027|NRAM1_CHICK	761	1.34e-43	169	29.0
contig01488	Gallus gallus	9031	sp|Q5ZI23|GLO2_CHICK	326	2.70e-35	133	31.8
contig01519	Gallus gallus	9031	sp|Q5ZIN1|NUDC_CHICK	282	1.05e-13	73.6	35.4
contig01529	Gallus gallus	9031	sp|F1N9S8|CARME_CHICK	877	2.34e-58	209	44.7
contig01560	Gallus gallus	9031	sp|Q5ZJN2|RB11A_CHICK	309	5.30e-64	204	73.8
contig01562	Gallus gallus	9031	sp|Q5ZKI2|DPH2_CHICK	832	3.27e-15	82.8	33.1
contig01565	Gallus gallus	9031	sp|Q5ZK01|PELO_CHICK	437	1.49e-76	246	35.9
contig01580	Gallus gallus	9031	sp|P09652|TBB4_CHICK	637	9.41e-13	74.3	91.4
contig01580	Gallus gallus	9031	sp|P09203|TBB1_CHICK	637	2.16e-12	73.2	88.6
contig01608	Gallus gallus	9031	sp|Q9DEE9|ARP6_CHICK	1129	5.23e-13	75.9	34.9
contig01611	Gallus gallus	9031	sp|Q5ZL72|CH60_CHICK	1178	3.07e-61	223	40.6
contig01628	Gallus gallus	9031	sp|Q5ZKE7|KCY_CHICK	1245	4.10e-06	52.4	65.6
contig01641	Gallus gallus	9031	sp|Q5ZKK7|ERCC3_CHICK	1152	5.50e-31	135	44.0
contig01647	Gallus gallus	9031	sp|Q5ZKT8|RM15_CHICK	492	3.36e-14	76.6	32.8
contig01658	Gallus gallus	9031	sp|Q5ZL98|RPC1_CHICK	1182	1.76e-172	549	41.2
contig01664	Gallus gallus	9031	sp|Q5F428|EIF3L_CHICK	829	8.81e-57	207	28.0
contig01703	Gallus gallus	9031	sp|Q5ZIG2|SLU7_CHICK	650	4.64e-37	149	43.7
contig01860	Gallus gallus	9031	sp|Q5ZMN0|AN32B_CHICK	284	3.57e-11	65.5	31.5
contig01894	Gallus gallus	9031	sp|P41125|RL13_CHICK	349	7.45e-15	75.9	51.3
contig01971	Columba livia	8932	sp|Q9YGD2|SUCA_COLLI	275	3.16e-111	326	62.5
contig02018	Gallus gallus	9031	sp|Q5F471|PP6R3_CHICK	1136	1.66e-04	49.7	41.5
contig02050	Gallus gallus	9031	sp|Q90988|SMC2_CHICK	1085	1.82e-78	284	28.0
contig02096	Gallus gallus	9031	sp|O57429|UBP2_CHICK	634	9.78e-10	64.3	29.6
contig02110	Gallus gallus	9031	sp|Q98TX3|PDCD4_CHICK	593	1.56e-12	73.6	26.1
contig02152	Gallus gallus	9031	sp|Q5R1S9|CAF1B_CHICK	863	1.14e-11	72.0	30.0
