IQ-TREE multicore version 2.2.6 COVID-edition for Linux 64-bit built Dec  8 2023
Developed by Bui Quang Minh, James Barbetti, Nguyen Lam Tung,
Olga Chernomor, Heiko Schmidt, Dominik Schrempf, Michael Woodhams, Ly Trong Nhan.

Host:    bioinf-serv2.cob.lu.se (AVX2, FMA3, 2003 GB RAM)
Command: iqtree2 -nt 32 -s ../14_PHYLO-ALIGN/27384at5794_Dim1-align.faa -m MFP -B 1000 --prefix 27384at5794_Dim1-align.faa/27384at5794_Dim1-align.faa
Seed:    770863 (Using SPRNG - Scalable Parallel Random Number Generator)
Time:    Fri Mar  1 09:00:26 2024
Kernel:  AVX+FMA - 32 threads (256 CPU cores detected)

Reading alignment file ../14_PHYLO-ALIGN/27384at5794_Dim1-align.faa ... Fasta format detected
Reading fasta file: done in 0.000203696 secs using 44.18% CPU
Alignment most likely contains protein sequences
Constructing alignment: done in 0.00141413 secs using 2164% CPU
Alignment has 8 sequences with 591 columns, 107 distinct patterns
4 parsimony-informative, 43 singleton sites, 544 constant sites
           Gap/Ambiguity  Composition  p-value
Analyzing sequences: done in 5.77727e-05 secs using 86.55% CPU
   1  1397_g_Ht   80.20%    passed     74.81%
   2  3840_g_Pb   75.97%    passed     95.01%
   3  2333_g_Pc   75.97%    passed     98.47%
   4  2320_g_Pf   75.97%    passed     92.90%
   5  2399_g_Pk   75.97%    passed     97.20%
   6  2292_g_Pv   75.97%    passed     98.47%
   7  1383_g_Py   75.97%    passed     95.01%
   8  7294_g_Tg    6.77%    failed      0.00%
WARNING: 7 sequences contain more than 50% gaps/ambiguity
****  TOTAL       67.85%  1 sequences failed composition chi2 test (p-value<5%; df=19)
NOTE: 1383_g_Py is identical to 3840_g_Pb but kept for subsequent analysis
NOTE: 2292_g_Pv is identical to 2333_g_Pc but kept for subsequent analysis
Checking for duplicate sequences: done in 9.02731e-05 secs using 89.73% CPU

WARNING: 32 threads for alignment length 107 will slow down analysis

Create initial parsimony tree by phylogenetic likelihood library (PLL)... 0.000 seconds
WARNING: Number of threads seems too high for short alignments. Use -T AUTO to determine best number of threads.
Perform fast likelihood tree search using LG+I+G model...
Estimate model parameters (epsilon = 5.000)
Perform nearest neighbor interchange...
Optimizing NNI: done in 0.0101803 secs using 1353% CPU
Estimate model parameters (epsilon = 1.000)
1. Initial log-likelihood: -1983.297
Optimal log-likelihood: -1983.246
Proportion of invariable sites: 0.459
Gamma shape alpha: 5.814
Parameters optimization took 1 rounds (0.012 sec)
Time for fast ML tree search: 0.059 seconds

NOTE: ModelFinder requires 2 MB RAM!
ModelFinder will test up to 1232 protein models (sample size: 591) ...
 No. Model         -LnL         df  AIC          AICc         BIC
WARNING: 32 threads for alignment length 107 will slow down analysis
WARNING: Number of threads seems too high for short alignments. Use -T AUTO to determine best number of threads.
  1  LG            1985.573     13  3997.146     3997.776     4054.109
WARNING: 32 threads for alignment length 107 will slow down analysis
WARNING: Number of threads seems too high for short alignments. Use -T AUTO to determine best number of threads.
  2  LG+I          1983.236     14  3994.472     3995.201     4055.817
WARNING: 32 threads for alignment length 107 will slow down analysis
WARNING: Number of threads seems too high for short alignments. Use -T AUTO to determine best number of threads.
  3  LG+G4         1983.139     14  3994.277     3995.007     4055.623
WARNING: 32 threads for alignment length 107 will slow down analysis
WARNING: Number of threads seems too high for short alignments. Use -T AUTO to determine best number of threads.
  4  LG+I+G4       1983.228     15  3996.457     3997.291     4062.184
WARNING: 32 threads for alignment length 107 will slow down analysis
WARNING: Number of threads seems too high for short alignments. Use -T AUTO to determine best number of threads.
  5  LG+R2         1983.887     15  3997.775     3998.609     4063.502
WARNING: 32 threads for alignment length 107 will slow down analysis
WARNING: Number of threads seems too high for short alignments. Use -T AUTO to determine best number of threads.
  6  LG+R3         1983.171     17  4000.343     4001.411     4074.833
WARNING: 32 threads for alignment length 107 will slow down analysis
WARNING: Number of threads seems too high for short alignments. Use -T AUTO to determine best number of threads.
 14  LG+I+R2       1983.278     16  3998.555     3999.503     4068.664
WARNING: 32 threads for alignment length 107 will slow down analysis
WARNING: Number of threads seems too high for short alignments. Use -T AUTO to determine best number of threads.
 15  LG+I+R3       1983.237     18  4002.475     4003.670     4081.347
WARNING: 32 threads for alignment length 107 will slow down analysis
WARNING: Number of threads seems too high for short alignments. Use -T AUTO to determine best number of threads.
 23  LG+F          2000.942     32  4065.884     4069.669     4206.102
WARNING: 32 threads for alignment length 107 will slow down analysis
WARNING: Number of threads seems too high for short alignments. Use -T AUTO to determine best number of threads.
 24  LG+F+I        1998.780     33  4063.560     4067.589     4208.160
WARNING: 32 threads for alignment length 107 will slow down analysis
WARNING: Number of threads seems too high for short alignments. Use -T AUTO to determine best number of threads.
 25  LG+F+G4       1998.808     33  4063.615     4067.644     4208.215
WARNING: 32 threads for alignment length 107 will slow down analysis
WARNING: Number of threads seems too high for short alignments. Use -T AUTO to determine best number of threads.
 26  LG+F+I+G4     1998.790     34  4065.581     4069.861     4214.562
WARNING: 32 threads for alignment length 107 will slow down analysis
WARNING: Number of threads seems too high for short alignments. Use -T AUTO to determine best number of threads.
 27  LG+F+R2       1999.397     34  4066.794     4071.074     4215.775
WARNING: 32 threads for alignment length 107 will slow down analysis
WARNING: Number of threads seems too high for short alignments. Use -T AUTO to determine best number of threads.
 45  WAG           1987.327     13  4000.653     4001.284     4057.617
WARNING: 32 threads for alignment length 107 will slow down analysis
WARNING: Number of threads seems too high for short alignments. Use -T AUTO to determine best number of threads.
 46  WAG+I         1986.018     14  4000.036     4000.765     4061.381
WARNING: 32 threads for alignment length 107 will slow down analysis
WARNING: Number of threads seems too high for short alignments. Use -T AUTO to determine best number of threads.
 47  WAG+G4        1986.040     14  4000.080     4000.809     4061.425
WARNING: 32 threads for alignment length 107 will slow down analysis
WARNING: Number of threads seems too high for short alignments. Use -T AUTO to determine best number of threads.
 48  WAG+I+G4      1986.112     15  4002.223     4003.058     4067.950
WARNING: 32 threads for alignment length 107 will slow down analysis
WARNING: Number of threads seems too high for short alignments. Use -T AUTO to determine best number of threads.
 49  WAG+R2        1986.271     15  4002.541     4003.376     4068.269
WARNING: 32 threads for alignment length 107 will slow down analysis
WARNING: Number of threads seems too high for short alignments. Use -T AUTO to determine best number of threads.
 67  WAG+F         2000.851     32  4065.701     4069.486     4205.920
WARNING: 32 threads for alignment length 107 will slow down analysis
WARNING: Number of threads seems too high for short alignments. Use -T AUTO to determine best number of threads.
 68  WAG+F+I       1999.486     33  4064.972     4069.001     4209.572
WARNING: 32 threads for alignment length 107 will slow down analysis
WARNING: Number of threads seems too high for short alignments. Use -T AUTO to determine best number of threads.
 69  WAG+F+G4      1999.538     33  4065.076     4069.105     4209.676
WARNING: 32 threads for alignment length 107 will slow down analysis
WARNING: Number of threads seems too high for short alignments. Use -T AUTO to determine best number of threads.
 70  WAG+F+I+G4    1999.561     34  4067.122     4071.402     4216.103
WARNING: 32 threads for alignment length 107 will slow down analysis
WARNING: Number of threads seems too high for short alignments. Use -T AUTO to determine best number of threads.
 71  WAG+F+R2      1999.774     34  4067.549     4071.830     4216.531
WARNING: 32 threads for alignment length 107 will slow down analysis
WARNING: Number of threads seems too high for short alignments. Use -T AUTO to determine best number of threads.
 89  JTT           1981.387     13  3988.774     3989.405     4045.738
WARNING: 32 threads for alignment length 107 will slow down analysis
WARNING: Number of threads seems too high for short alignments. Use -T AUTO to determine best number of threads.
 90  JTT+I         1979.236     14  3986.471     3987.200     4047.817
WARNING: 32 threads for alignment length 107 will slow down analysis
WARNING: Number of threads seems too high for short alignments. Use -T AUTO to determine best number of threads.
 91  JTT+G4        1979.147     14  3986.293     3987.022     4047.639
WARNING: 32 threads for alignment length 107 will slow down analysis
WARNING: Number of threads seems too high for short alignments. Use -T AUTO to determine best number of threads.
 92  JTT+I+G4      1979.255     15  3988.511     3989.345     4054.238
WARNING: 32 threads for alignment length 107 will slow down analysis
WARNING: Number of threads seems too high for short alignments. Use -T AUTO to determine best number of threads.
 93  JTT+R2        1979.753     15  3989.505     3990.340     4055.233
WARNING: 32 threads for alignment length 107 will slow down analysis
WARNING: Number of threads seems too high for short alignments. Use -T AUTO to determine best number of threads.
111  JTT+F         2002.056     32  4068.112     4071.897     4208.330
WARNING: 32 threads for alignment length 107 will slow down analysis
WARNING: Number of threads seems too high for short alignments. Use -T AUTO to determine best number of threads.
112  JTT+F+I       1999.661     33  4065.322     4069.350     4209.922
WARNING: 32 threads for alignment length 107 will slow down analysis
WARNING: Number of threads seems too high for short alignments. Use -T AUTO to determine best number of threads.
113  JTT+F+G4      1999.656     33  4065.311     4069.340     4209.911
WARNING: 32 threads for alignment length 107 will slow down analysis
WARNING: Number of threads seems too high for short alignments. Use -T AUTO to determine best number of threads.
114  JTT+F+I+G4    1999.668     34  4067.336     4071.616     4216.317
WARNING: 32 threads for alignment length 107 will slow down analysis
WARNING: Number of threads seems too high for short alignments. Use -T AUTO to determine best number of threads.
115  JTT+F+R2      2000.308     34  4068.616     4072.897     4217.598
WARNING: 32 threads for alignment length 107 will slow down analysis
WARNING: Normalizing state frequencies so that sum of them equals to 1
WARNING: Number of threads seems too high for short alignments. Use -T AUTO to determine best number of threads.
133  Q.pfam        1981.450     13  3988.899     3989.530     4045.863
WARNING: 32 threads for alignment length 107 will slow down analysis
WARNING: Normalizing state frequencies so that sum of them equals to 1
WARNING: Number of threads seems too high for short alignments. Use -T AUTO to determine best number of threads.
134  Q.pfam+I      1979.334     14  3986.668     3987.397     4048.014
WARNING: 32 threads for alignment length 107 will slow down analysis
WARNING: Normalizing state frequencies so that sum of them equals to 1
WARNING: Number of threads seems too high for short alignments. Use -T AUTO to determine best number of threads.
135  Q.pfam+G4     1979.341     14  3986.683     3987.412     4048.028
WARNING: 32 threads for alignment length 107 will slow down analysis
WARNING: Normalizing state frequencies so that sum of them equals to 1
WARNING: Number of threads seems too high for short alignments. Use -T AUTO to determine best number of threads.
136  Q.pfam+I+G4   1979.353     15  3988.706     3989.541     4054.433
WARNING: 32 threads for alignment length 107 will slow down analysis
WARNING: Normalizing state frequencies so that sum of them equals to 1
WARNING: Number of threads seems too high for short alignments. Use -T AUTO to determine best number of threads.
137  Q.pfam+R2     1979.902     15  3989.803     3990.638     4055.530
WARNING: 32 threads for alignment length 107 will slow down analysis
WARNING: Normalizing state frequencies so that sum of them equals to 1
WARNING: Number of threads seems too high for short alignments. Use -T AUTO to determine best number of threads.
155  Q.pfam+F      2000.639     32  4065.277     4069.062     4205.496
WARNING: 32 threads for alignment length 107 will slow down analysis
WARNING: Normalizing state frequencies so that sum of them equals to 1
WARNING: Number of threads seems too high for short alignments. Use -T AUTO to determine best number of threads.
156  Q.pfam+F+I    1998.663     33  4063.325     4067.354     4207.925
WARNING: 32 threads for alignment length 107 will slow down analysis
WARNING: Normalizing state frequencies so that sum of them equals to 1
WARNING: Number of threads seems too high for short alignments. Use -T AUTO to determine best number of threads.
157  Q.pfam+F+G4   1998.762     33  4063.524     4067.553     4208.124
WARNING: 32 threads for alignment length 107 will slow down analysis
WARNING: Normalizing state frequencies so that sum of them equals to 1
WARNING: Number of threads seems too high for short alignments. Use -T AUTO to determine best number of threads.
158  Q.pfam+F+I+G4 1998.690     34  4065.381     4069.661     4214.362
WARNING: 32 threads for alignment length 107 will slow down analysis
WARNING: Normalizing state frequencies so that sum of them equals to 1
WARNING: Number of threads seems too high for short alignments. Use -T AUTO to determine best number of threads.
159  Q.pfam+F+R2   1999.199     34  4066.397     4070.678     4215.379
WARNING: 32 threads for alignment length 107 will slow down analysis
WARNING: Normalizing state frequencies so that sum of them equals to 1
WARNING: Number of threads seems too high for short alignments. Use -T AUTO to determine best number of threads.
177  Q.bird        1984.214     13  3994.429     3995.059     4051.392
WARNING: 32 threads for alignment length 107 will slow down analysis
WARNING: Normalizing state frequencies so that sum of them equals to 1
WARNING: Number of threads seems too high for short alignments. Use -T AUTO to determine best number of threads.
178  Q.bird+I      1977.138     14  3982.275     3983.004     4043.620
WARNING: 32 threads for alignment length 107 will slow down analysis
WARNING: Normalizing state frequencies so that sum of them equals to 1
WARNING: Number of threads seems too high for short alignments. Use -T AUTO to determine best number of threads.
179  Q.bird+G4     1977.112     14  3982.223     3982.952     4043.569
WARNING: 32 threads for alignment length 107 will slow down analysis
WARNING: Normalizing state frequencies so that sum of them equals to 1
WARNING: Number of threads seems too high for short alignments. Use -T AUTO to determine best number of threads.
180  Q.bird+I+G4   1977.054     15  3984.108     3984.943     4049.835
WARNING: 32 threads for alignment length 107 will slow down analysis
WARNING: Normalizing state frequencies so that sum of them equals to 1
WARNING: Number of threads seems too high for short alignments. Use -T AUTO to determine best number of threads.
181  Q.bird+R2     1979.390     15  3988.780     3989.615     4054.507
WARNING: 32 threads for alignment length 107 will slow down analysis
WARNING: Normalizing state frequencies so that sum of them equals to 1
WARNING: Number of threads seems too high for short alignments. Use -T AUTO to determine best number of threads.
199  Q.bird+F      2012.809     32  4089.618     4093.403     4229.836
WARNING: 32 threads for alignment length 107 will slow down analysis
WARNING: Normalizing state frequencies so that sum of them equals to 1
WARNING: Number of threads seems too high for short alignments. Use -T AUTO to determine best number of threads.
200  Q.bird+F+I    2005.477     33  4076.955     4080.983     4221.554
WARNING: 32 threads for alignment length 107 will slow down analysis
WARNING: Normalizing state frequencies so that sum of them equals to 1
WARNING: Number of threads seems too high for short alignments. Use -T AUTO to determine best number of threads.
201  Q.bird+F+G4   2005.441     33  4076.883     4080.911     4221.482
WARNING: 32 threads for alignment length 107 will slow down analysis
WARNING: Normalizing state frequencies so that sum of them equals to 1
WARNING: Number of threads seems too high for short alignments. Use -T AUTO to determine best number of threads.
202  Q.bird+F+I+G4 2005.388     34  4078.775     4083.056     4227.757
WARNING: 32 threads for alignment length 107 will slow down analysis
WARNING: Normalizing state frequencies so that sum of them equals to 1
WARNING: Number of threads seems too high for short alignments. Use -T AUTO to determine best number of threads.
203  Q.bird+F+R2   2007.882     34  4083.765     4088.045     4232.746
WARNING: 32 threads for alignment length 107 will slow down analysis
WARNING: Normalizing state frequencies so that sum of them equals to 1
WARNING: Number of threads seems too high for short alignments. Use -T AUTO to determine best number of threads.
221  Q.mammal      1979.274     13  3984.548     3985.179     4041.512
WARNING: 32 threads for alignment length 107 will slow down analysis
WARNING: Normalizing state frequencies so that sum of them equals to 1
WARNING: Number of threads seems too high for short alignments. Use -T AUTO to determine best number of threads.
222  Q.mammal+I    1974.683     14  3977.366     3978.095     4038.711
WARNING: 32 threads for alignment length 107 will slow down analysis
WARNING: Normalizing state frequencies so that sum of them equals to 1
WARNING: Number of threads seems too high for short alignments. Use -T AUTO to determine best number of threads.
223  Q.mammal+G4   1974.688     14  3977.376     3978.105     4038.721
WARNING: 32 threads for alignment length 107 will slow down analysis
WARNING: Normalizing state frequencies so that sum of them equals to 1
WARNING: Number of threads seems too high for short alignments. Use -T AUTO to determine best number of threads.
224  Q.mammal+I+G4 1974.650     15  3979.300     3980.135     4045.028
WARNING: 32 threads for alignment length 107 will slow down analysis
WARNING: Normalizing state frequencies so that sum of them equals to 1
WARNING: Number of threads seems too high for short alignments. Use -T AUTO to determine best number of threads.
225  Q.mammal+R2   1976.048     15  3982.097     3982.931     4047.824
WARNING: 32 threads for alignment length 107 will slow down analysis
WARNING: Normalizing state frequencies so that sum of them equals to 1
WARNING: Number of threads seems too high for short alignments. Use -T AUTO to determine best number of threads.
243  Q.mammal+F    2007.985     32  4079.971     4083.756     4220.189
WARNING: 32 threads for alignment length 107 will slow down analysis
WARNING: Normalizing state frequencies so that sum of them equals to 1
WARNING: Number of threads seems too high for short alignments. Use -T AUTO to determine best number of threads.
244  Q.mammal+F+I  2003.311     33  4072.622     4076.651     4217.222
WARNING: 32 threads for alignment length 107 will slow down analysis
WARNING: Normalizing state frequencies so that sum of them equals to 1
WARNING: Number of threads seems too high for short alignments. Use -T AUTO to determine best number of threads.
245  Q.mammal+F+G4 2003.290     33  4072.579     4076.608     4217.179
WARNING: 32 threads for alignment length 107 will slow down analysis
WARNING: Normalizing state frequencies so that sum of them equals to 1
WARNING: Number of threads seems too high for short alignments. Use -T AUTO to determine best number of threads.
246  Q.mammal+F+I+G4 2003.269     34  4074.539     4078.819     4223.520
WARNING: 32 threads for alignment length 107 will slow down analysis
WARNING: Normalizing state frequencies so that sum of them equals to 1
WARNING: Number of threads seems too high for short alignments. Use -T AUTO to determine best number of threads.
247  Q.mammal+F+R2 2004.690     34  4077.381     4081.661     4226.362
WARNING: 32 threads for alignment length 107 will slow down analysis
WARNING: Number of threads seems too high for short alignments. Use -T AUTO to determine best number of threads.
265  Q.insect      1993.587     13  4013.174     4013.805     4070.137
WARNING: 32 threads for alignment length 107 will slow down analysis
WARNING: Number of threads seems too high for short alignments. Use -T AUTO to determine best number of threads.
266  Q.insect+I    1991.537     14  4011.073     4011.803     4072.419
WARNING: 32 threads for alignment length 107 will slow down analysis
WARNING: Number of threads seems too high for short alignments. Use -T AUTO to determine best number of threads.
267  Q.insect+G4   1991.458     14  4010.917     4011.646     4072.262
WARNING: 32 threads for alignment length 107 will slow down analysis
WARNING: Number of threads seems too high for short alignments. Use -T AUTO to determine best number of threads.
268  Q.insect+I+G4 1991.548     15  4013.095     4013.930     4078.823
WARNING: 32 threads for alignment length 107 will slow down analysis
WARNING: Number of threads seems too high for short alignments. Use -T AUTO to determine best number of threads.
269  Q.insect+R2   1992.090     15  4014.179     4015.014     4079.907
WARNING: 32 threads for alignment length 107 will slow down analysis
WARNING: Number of threads seems too high for short alignments. Use -T AUTO to determine best number of threads.
287  Q.insect+F    1999.504     32  4063.008     4066.793     4203.226
WARNING: 32 threads for alignment length 107 will slow down analysis
WARNING: Number of threads seems too high for short alignments. Use -T AUTO to determine best number of threads.
288  Q.insect+F+I  1997.846     33  4061.691     4065.720     4206.291
WARNING: 32 threads for alignment length 107 will slow down analysis
WARNING: Number of threads seems too high for short alignments. Use -T AUTO to determine best number of threads.
289  Q.insect+F+G4 1997.831     33  4061.661     4065.690     4206.261
WARNING: 32 threads for alignment length 107 will slow down analysis
WARNING: Number of threads seems too high for short alignments. Use -T AUTO to determine best number of threads.
290  Q.insect+F+I+G4 1997.893     34  4063.786     4068.067     4212.768
WARNING: 32 threads for alignment length 107 will slow down analysis
WARNING: Number of threads seems too high for short alignments. Use -T AUTO to determine best number of threads.
291  Q.insect+F+R2 1998.259     34  4064.519     4068.800     4213.501
WARNING: 32 threads for alignment length 107 will slow down analysis
WARNING: Normalizing state frequencies so that sum of them equals to 1
WARNING: Number of threads seems too high for short alignments. Use -T AUTO to determine best number of threads.
309  Q.plant       1991.835     13  4009.670     4010.301     4066.634
WARNING: 32 threads for alignment length 107 will slow down analysis
WARNING: Normalizing state frequencies so that sum of them equals to 1
WARNING: Number of threads seems too high for short alignments. Use -T AUTO to determine best number of threads.
310  Q.plant+I     1984.276     14  3996.551     3997.280     4057.897
WARNING: 32 threads for alignment length 107 will slow down analysis
WARNING: Normalizing state frequencies so that sum of them equals to 1
WARNING: Number of threads seems too high for short alignments. Use -T AUTO to determine best number of threads.
311  Q.plant+G4    1983.656     14  3995.311     3996.040     4056.656
WARNING: 32 threads for alignment length 107 will slow down analysis
WARNING: Normalizing state frequencies so that sum of them equals to 1
WARNING: Number of threads seems too high for short alignments. Use -T AUTO to determine best number of threads.
312  Q.plant+I+G4  1983.810     15  3997.620     3998.455     4063.347
WARNING: 32 threads for alignment length 107 will slow down analysis
WARNING: Normalizing state frequencies so that sum of them equals to 1
WARNING: Number of threads seems too high for short alignments. Use -T AUTO to determine best number of threads.
313  Q.plant+R2    1986.678     15  4003.355     4004.190     4069.083
WARNING: 32 threads for alignment length 107 will slow down analysis
WARNING: Normalizing state frequencies so that sum of them equals to 1
WARNING: Number of threads seems too high for short alignments. Use -T AUTO to determine best number of threads.
331  Q.plant+F     2009.854     32  4083.707     4087.492     4223.925
WARNING: 32 threads for alignment length 107 will slow down analysis
WARNING: Normalizing state frequencies so that sum of them equals to 1
WARNING: Number of threads seems too high for short alignments. Use -T AUTO to determine best number of threads.
332  Q.plant+F+I   2002.442     33  4070.885     4074.914     4215.485
WARNING: 32 threads for alignment length 107 will slow down analysis
WARNING: Normalizing state frequencies so that sum of them equals to 1
WARNING: Number of threads seems too high for short alignments. Use -T AUTO to determine best number of threads.
333  Q.plant+F+G4  2002.028     33  4070.056     4074.085     4214.656
WARNING: 32 threads for alignment length 107 will slow down analysis
WARNING: Normalizing state frequencies so that sum of them equals to 1
WARNING: Number of threads seems too high for short alignments. Use -T AUTO to determine best number of threads.
334  Q.plant+F+I+G4 2002.126     34  4072.253     4076.533     4221.234
WARNING: 32 threads for alignment length 107 will slow down analysis
WARNING: Normalizing state frequencies so that sum of them equals to 1
WARNING: Number of threads seems too high for short alignments. Use -T AUTO to determine best number of threads.
335  Q.plant+F+R2  2004.843     34  4077.686     4081.966     4226.668
WARNING: 32 threads for alignment length 107 will slow down analysis
WARNING: Normalizing state frequencies so that sum of them equals to 1
WARNING: Number of threads seems too high for short alignments. Use -T AUTO to determine best number of threads.
353  Q.yeast       2005.915     13  4037.831     4038.462     4094.794
WARNING: 32 threads for alignment length 107 will slow down analysis
WARNING: Normalizing state frequencies so that sum of them equals to 1
WARNING: Number of threads seems too high for short alignments. Use -T AUTO to determine best number of threads.
354  Q.yeast+I     2003.124     14  4034.248     4034.977     4095.593
WARNING: 32 threads for alignment length 107 will slow down analysis
WARNING: Normalizing state frequencies so that sum of them equals to 1
WARNING: Number of threads seems too high for short alignments. Use -T AUTO to determine best number of threads.
355  Q.yeast+G4    2003.014     14  4034.028     4034.757     4095.373
WARNING: 32 threads for alignment length 107 will slow down analysis
WARNING: Normalizing state frequencies so that sum of them equals to 1
WARNING: Number of threads seems too high for short alignments. Use -T AUTO to determine best number of threads.
356  Q.yeast+I+G4  2003.088     15  4036.176     4037.011     4101.904
WARNING: 32 threads for alignment length 107 will slow down analysis
WARNING: Normalizing state frequencies so that sum of them equals to 1
WARNING: Number of threads seems too high for short alignments. Use -T AUTO to determine best number of threads.
357  Q.yeast+R2    2003.959     15  4037.917     4038.752     4103.644
WARNING: 32 threads for alignment length 107 will slow down analysis
WARNING: Normalizing state frequencies so that sum of them equals to 1
WARNING: Number of threads seems too high for short alignments. Use -T AUTO to determine best number of threads.
375  Q.yeast+F     2001.055     32  4066.110     4069.895     4206.328
WARNING: 32 threads for alignment length 107 will slow down analysis
WARNING: Normalizing state frequencies so that sum of them equals to 1
WARNING: Number of threads seems too high for short alignments. Use -T AUTO to determine best number of threads.
376  Q.yeast+F+I   1998.636     33  4063.272     4067.300     4207.871
WARNING: 32 threads for alignment length 107 will slow down analysis
WARNING: Normalizing state frequencies so that sum of them equals to 1
WARNING: Number of threads seems too high for short alignments. Use -T AUTO to determine best number of threads.
377  Q.yeast+F+G4  1998.629     33  4063.258     4067.287     4207.858
WARNING: 32 threads for alignment length 107 will slow down analysis
WARNING: Normalizing state frequencies so that sum of them equals to 1
WARNING: Number of threads seems too high for short alignments. Use -T AUTO to determine best number of threads.
378  Q.yeast+F+I+G4 1998.643     34  4065.285     4069.566     4214.267
WARNING: 32 threads for alignment length 107 will slow down analysis
WARNING: Normalizing state frequencies so that sum of them equals to 1
WARNING: Number of threads seems too high for short alignments. Use -T AUTO to determine best number of threads.
379  Q.yeast+F+R2  1999.330     34  4066.660     4070.940     4215.641
WARNING: 32 threads for alignment length 107 will slow down analysis
WARNING: Number of threads seems too high for short alignments. Use -T AUTO to determine best number of threads.
397  JTTDCMut      1981.320     13  3988.639     3989.270     4045.603
WARNING: 32 threads for alignment length 107 will slow down analysis
WARNING: Number of threads seems too high for short alignments. Use -T AUTO to determine best number of threads.
398  JTTDCMut+I    1979.288     14  3986.576     3987.305     4047.921
WARNING: 32 threads for alignment length 107 will slow down analysis
WARNING: Number of threads seems too high for short alignments. Use -T AUTO to determine best number of threads.
399  JTTDCMut+G4   1979.184     14  3986.369     3987.098     4047.714
WARNING: 32 threads for alignment length 107 will slow down analysis
WARNING: Number of threads seems too high for short alignments. Use -T AUTO to determine best number of threads.
400  JTTDCMut+I+G4 1979.328     15  3988.657     3989.491     4054.384
WARNING: 32 threads for alignment length 107 will slow down analysis
WARNING: Number of threads seems too high for short alignments. Use -T AUTO to determine best number of threads.
401  JTTDCMut+R2   1979.749     15  3989.499     3990.333     4055.226
WARNING: 32 threads for alignment length 107 will slow down analysis
WARNING: Number of threads seems too high for short alignments. Use -T AUTO to determine best number of threads.
419  JTTDCMut+F    2001.832     32  4067.664     4071.448     4207.882
WARNING: 32 threads for alignment length 107 will slow down analysis
WARNING: Number of threads seems too high for short alignments. Use -T AUTO to determine best number of threads.
420  JTTDCMut+F+I  1999.521     33  4065.041     4069.070     4209.641
WARNING: 32 threads for alignment length 107 will slow down analysis
WARNING: Number of threads seems too high for short alignments. Use -T AUTO to determine best number of threads.
421  JTTDCMut+F+G4 1999.502     33  4065.005     4069.034     4209.605
WARNING: 32 threads for alignment length 107 will slow down analysis
WARNING: Number of threads seems too high for short alignments. Use -T AUTO to determine best number of threads.
422  JTTDCMut+F+I+G4 1999.540     34  4067.079     4071.360     4216.061
WARNING: 32 threads for alignment length 107 will slow down analysis
WARNING: Number of threads seems too high for short alignments. Use -T AUTO to determine best number of threads.
423  JTTDCMut+F+R2 2000.126     34  4068.252     4072.533     4217.234
WARNING: 32 threads for alignment length 107 will slow down analysis
WARNING: Number of threads seems too high for short alignments. Use -T AUTO to determine best number of threads.
441  DCMut         2003.095     13  4032.189     4032.820     4089.153
WARNING: 32 threads for alignment length 107 will slow down analysis
WARNING: Number of threads seems too high for short alignments. Use -T AUTO to determine best number of threads.
442  DCMut+I       1996.269     14  4020.539     4021.268     4081.884
WARNING: 32 threads for alignment length 107 will slow down analysis
WARNING: Number of threads seems too high for short alignments. Use -T AUTO to determine best number of threads.
443  DCMut+G4      1995.473     14  4018.945     4019.674     4080.291
WARNING: 32 threads for alignment length 107 will slow down analysis
WARNING: Number of threads seems too high for short alignments. Use -T AUTO to determine best number of threads.
444  DCMut+I+G4    1995.645     15  4021.291     4022.126     4087.018
WARNING: 32 threads for alignment length 107 will slow down analysis
WARNING: Number of threads seems too high for short alignments. Use -T AUTO to determine best number of threads.
445  DCMut+R2      1998.321     15  4026.643     4027.478     4092.370
WARNING: 32 threads for alignment length 107 will slow down analysis
WARNING: Number of threads seems too high for short alignments. Use -T AUTO to determine best number of threads.
463  DCMut+F       2013.375     32  4090.750     4094.534     4230.968
WARNING: 32 threads for alignment length 107 will slow down analysis
WARNING: Number of threads seems too high for short alignments. Use -T AUTO to determine best number of threads.
464  DCMut+F+I     2005.409     33  4076.818     4080.846     4221.418
WARNING: 32 threads for alignment length 107 will slow down analysis
WARNING: Number of threads seems too high for short alignments. Use -T AUTO to determine best number of threads.
465  DCMut+F+G4    2004.815     33  4075.629     4079.658     4220.229
WARNING: 32 threads for alignment length 107 will slow down analysis
WARNING: Number of threads seems too high for short alignments. Use -T AUTO to determine best number of threads.
466  DCMut+F+I+G4  2004.845     34  4077.690     4081.971     4226.672
WARNING: 32 threads for alignment length 107 will slow down analysis
WARNING: Number of threads seems too high for short alignments. Use -T AUTO to determine best number of threads.
467  DCMut+F+R2    2007.814     34  4083.629     4087.909     4232.610
WARNING: 32 threads for alignment length 107 will slow down analysis
WARNING: Number of threads seems too high for short alignments. Use -T AUTO to determine best number of threads.
485  VT            1980.973     13  3987.945     3988.576     4044.909
WARNING: 32 threads for alignment length 107 will slow down analysis
WARNING: Number of threads seems too high for short alignments. Use -T AUTO to determine best number of threads.
486  VT+I          1980.820     14  3989.640     3990.369     4050.986
WARNING: 32 threads for alignment length 107 will slow down analysis
WARNING: Number of threads seems too high for short alignments. Use -T AUTO to determine best number of threads.
487  VT+G4         1980.833     14  3989.665     3990.394     4051.011
WARNING: 32 threads for alignment length 107 will slow down analysis
WARNING: Number of threads seems too high for short alignments. Use -T AUTO to determine best number of threads.
488  VT+I+G4       1981.549     15  3993.099     3993.934     4058.826
WARNING: 32 threads for alignment length 107 will slow down analysis
WARNING: Number of threads seems too high for short alignments. Use -T AUTO to determine best number of threads.
489  VT+R2         1980.839     15  3991.679     3992.513     4057.406
WARNING: 32 threads for alignment length 107 will slow down analysis
WARNING: Number of threads seems too high for short alignments. Use -T AUTO to determine best number of threads.
507  VT+F          1997.405     32  4058.809     4062.594     4199.027
WARNING: 32 threads for alignment length 107 will slow down analysis
WARNING: Number of threads seems too high for short alignments. Use -T AUTO to determine best number of threads.
508  VT+F+I        1997.260     33  4060.520     4064.549     4205.120
WARNING: 32 threads for alignment length 107 will slow down analysis
WARNING: Number of threads seems too high for short alignments. Use -T AUTO to determine best number of threads.
509  VT+F+G4       1997.279     33  4060.559     4064.587     4205.159
WARNING: 32 threads for alignment length 107 will slow down analysis
WARNING: Number of threads seems too high for short alignments. Use -T AUTO to determine best number of threads.
510  VT+F+I+G4     1997.998     34  4063.996     4068.277     4212.978
WARNING: 32 threads for alignment length 107 will slow down analysis
WARNING: Number of threads seems too high for short alignments. Use -T AUTO to determine best number of threads.
511  VT+F+R2       1997.288     34  4062.577     4066.857     4211.558
WARNING: 32 threads for alignment length 107 will slow down analysis
WARNING: Number of threads seems too high for short alignments. Use -T AUTO to determine best number of threads.
529  PMB           1980.742     13  3987.483     3988.114     4044.447
WARNING: 32 threads for alignment length 107 will slow down analysis
WARNING: Number of threads seems too high for short alignments. Use -T AUTO to determine best number of threads.
530  PMB+I         1980.675     14  3989.351     3990.080     4050.696
WARNING: 32 threads for alignment length 107 will slow down analysis
WARNING: Number of threads seems too high for short alignments. Use -T AUTO to determine best number of threads.
531  PMB+G4        1980.689     14  3989.378     3990.107     4050.724
WARNING: 32 threads for alignment length 107 will slow down analysis
WARNING: Number of threads seems too high for short alignments. Use -T AUTO to determine best number of threads.
532  PMB+I+G4      1981.625     15  3993.250     3994.085     4058.977
WARNING: 32 threads for alignment length 107 will slow down analysis
WARNING: Number of threads seems too high for short alignments. Use -T AUTO to determine best number of threads.
533  PMB+R2        1980.737     15  3991.473     3992.308     4057.201
WARNING: 32 threads for alignment length 107 will slow down analysis
WARNING: Number of threads seems too high for short alignments. Use -T AUTO to determine best number of threads.
551  PMB+F         1998.780     32  4061.561     4065.346     4201.779
WARNING: 32 threads for alignment length 107 will slow down analysis
WARNING: Number of threads seems too high for short alignments. Use -T AUTO to determine best number of threads.
552  PMB+F+I       1998.705     33  4063.409     4067.438     4208.009
WARNING: 32 threads for alignment length 107 will slow down analysis
WARNING: Number of threads seems too high for short alignments. Use -T AUTO to determine best number of threads.
553  PMB+F+G4      1998.719     33  4063.438     4067.467     4208.038
WARNING: 32 threads for alignment length 107 will slow down analysis
WARNING: Number of threads seems too high for short alignments. Use -T AUTO to determine best number of threads.
554  PMB+F+I+G4    1999.592     34  4067.183     4071.464     4216.165
WARNING: 32 threads for alignment length 107 will slow down analysis
WARNING: Number of threads seems too high for short alignments. Use -T AUTO to determine best number of threads.
555  PMB+F+R2      1998.758     34  4065.517     4069.797     4214.498
WARNING: 32 threads for alignment length 107 will slow down analysis
WARNING: Number of threads seems too high for short alignments. Use -T AUTO to determine best number of threads.
573  Blosum62      1986.491     13  3998.983     3999.614     4055.946
WARNING: 32 threads for alignment length 107 will slow down analysis
WARNING: Number of threads seems too high for short alignments. Use -T AUTO to determine best number of threads.
574  Blosum62+I    1986.462     14  4000.923     4001.652     4062.268
WARNING: 32 threads for alignment length 107 will slow down analysis
WARNING: Number of threads seems too high for short alignments. Use -T AUTO to determine best number of threads.
575  Blosum62+G4   1986.472     14  4000.944     4001.674     4062.290
WARNING: 32 threads for alignment length 107 will slow down analysis
WARNING: Number of threads seems too high for short alignments. Use -T AUTO to determine best number of threads.
576  Blosum62+I+G4 1987.585     15  4005.169     4006.004     4070.897
WARNING: 32 threads for alignment length 107 will slow down analysis
WARNING: Number of threads seems too high for short alignments. Use -T AUTO to determine best number of threads.
577  Blosum62+R2   1986.558     15  4003.115     4003.950     4068.842
WARNING: 32 threads for alignment length 107 will slow down analysis
WARNING: Number of threads seems too high for short alignments. Use -T AUTO to determine best number of threads.
595  Blosum62+F    1997.427     32  4058.854     4062.639     4199.072
WARNING: 32 threads for alignment length 107 will slow down analysis
WARNING: Number of threads seems too high for short alignments. Use -T AUTO to determine best number of threads.
596  Blosum62+F+I  1997.415     33  4060.830     4064.859     4205.430
WARNING: 32 threads for alignment length 107 will slow down analysis
WARNING: Number of threads seems too high for short alignments. Use -T AUTO to determine best number of threads.
597  Blosum62+F+G4 1997.424     33  4060.848     4064.877     4205.448
WARNING: 32 threads for alignment length 107 will slow down analysis
WARNING: Number of threads seems too high for short alignments. Use -T AUTO to determine best number of threads.
598  Blosum62+F+I+G4 1998.592     34  4065.184     4069.465     4214.166
WARNING: 32 threads for alignment length 107 will slow down analysis
WARNING: Number of threads seems too high for short alignments. Use -T AUTO to determine best number of threads.
599  Blosum62+F+R2 1997.535     34  4063.070     4067.351     4212.052
WARNING: 32 threads for alignment length 107 will slow down analysis
WARNING: Number of threads seems too high for short alignments. Use -T AUTO to determine best number of threads.
617  Dayhoff       2003.073     13  4032.145     4032.776     4089.109
WARNING: 32 threads for alignment length 107 will slow down analysis
WARNING: Number of threads seems too high for short alignments. Use -T AUTO to determine best number of threads.
618  Dayhoff+I     1996.245     14  4020.490     4021.219     4081.835
WARNING: 32 threads for alignment length 107 will slow down analysis
WARNING: Number of threads seems too high for short alignments. Use -T AUTO to determine best number of threads.
619  Dayhoff+G4    1995.443     14  4018.886     4019.615     4080.231
WARNING: 32 threads for alignment length 107 will slow down analysis
WARNING: Number of threads seems too high for short alignments. Use -T AUTO to determine best number of threads.
620  Dayhoff+I+G4  1995.615     15  4021.229     4022.064     4086.957
WARNING: 32 threads for alignment length 107 will slow down analysis
WARNING: Number of threads seems too high for short alignments. Use -T AUTO to determine best number of threads.
621  Dayhoff+R2    1998.307     15  4026.613     4027.448     4092.340
WARNING: 32 threads for alignment length 107 will slow down analysis
WARNING: Number of threads seems too high for short alignments. Use -T AUTO to determine best number of threads.
639  Dayhoff+F     2013.343     32  4090.686     4094.471     4230.904
WARNING: 32 threads for alignment length 107 will slow down analysis
WARNING: Number of threads seems too high for short alignments. Use -T AUTO to determine best number of threads.
640  Dayhoff+F+I   2005.381     33  4076.762     4080.791     4221.362
WARNING: 32 threads for alignment length 107 will slow down analysis
WARNING: Number of threads seems too high for short alignments. Use -T AUTO to determine best number of threads.
641  Dayhoff+F+G4  2004.787     33  4075.574     4079.603     4220.174
WARNING: 32 threads for alignment length 107 will slow down analysis
WARNING: Number of threads seems too high for short alignments. Use -T AUTO to determine best number of threads.
642  Dayhoff+F+I+G4 2004.814     34  4077.628     4081.909     4226.610
WARNING: 32 threads for alignment length 107 will slow down analysis
WARNING: Number of threads seems too high for short alignments. Use -T AUTO to determine best number of threads.
643  Dayhoff+F+R2  2007.800     34  4083.599     4087.880     4232.581
WARNING: 32 threads for alignment length 107 will slow down analysis
WARNING: Number of threads seems too high for short alignments. Use -T AUTO to determine best number of threads.
661  mtREV         2136.560     13  4299.119     4299.750     4356.083
WARNING: 32 threads for alignment length 107 will slow down analysis
WARNING: Number of threads seems too high for short alignments. Use -T AUTO to determine best number of threads.
662  mtREV+I       2127.506     14  4283.011     4283.740     4344.356
WARNING: 32 threads for alignment length 107 will slow down analysis
WARNING: Number of threads seems too high for short alignments. Use -T AUTO to determine best number of threads.
663  mtREV+G4      2124.581     14  4277.163     4277.892     4338.508
WARNING: 32 threads for alignment length 107 will slow down analysis
WARNING: Number of threads seems too high for short alignments. Use -T AUTO to determine best number of threads.
664  mtREV+I+G4    2125.209     15  4280.418     4281.253     4346.145
WARNING: 32 threads for alignment length 107 will slow down analysis
WARNING: Number of threads seems too high for short alignments. Use -T AUTO to determine best number of threads.
665  mtREV+R2      2126.769     15  4283.538     4284.373     4349.265
WARNING: 32 threads for alignment length 107 will slow down analysis
WARNING: Number of threads seems too high for short alignments. Use -T AUTO to determine best number of threads.
683  mtREV+F       2022.814     32  4109.629     4113.414     4249.847
WARNING: 32 threads for alignment length 107 will slow down analysis
WARNING: Number of threads seems too high for short alignments. Use -T AUTO to determine best number of threads.
684  mtREV+F+I     2013.173     33  4092.347     4096.375     4236.947
WARNING: 32 threads for alignment length 107 will slow down analysis
WARNING: Number of threads seems too high for short alignments. Use -T AUTO to determine best number of threads.
685  mtREV+F+G4    2011.458     33  4088.916     4092.944     4233.516
WARNING: 32 threads for alignment length 107 will slow down analysis
WARNING: Number of threads seems too high for short alignments. Use -T AUTO to determine best number of threads.
686  mtREV+F+I+G4  2011.742     34  4091.484     4095.764     4240.466
WARNING: 32 threads for alignment length 107 will slow down analysis
WARNING: Number of threads seems too high for short alignments. Use -T AUTO to determine best number of threads.
687  mtREV+F+R2    2013.984     34  4095.969     4100.249     4244.951
WARNING: 32 threads for alignment length 107 will slow down analysis
WARNING: Number of threads seems too high for short alignments. Use -T AUTO to determine best number of threads.
705  mtART         2139.695     13  4305.391     4306.022     4362.354
WARNING: 32 threads for alignment length 107 will slow down analysis
WARNING: Number of threads seems too high for short alignments. Use -T AUTO to determine best number of threads.
706  mtART+I       2125.599     14  4279.198     4279.927     4340.543
WARNING: 32 threads for alignment length 107 will slow down analysis
WARNING: Number of threads seems too high for short alignments. Use -T AUTO to determine best number of threads.
707  mtART+G4      2121.572     14  4271.144     4271.873     4332.489
WARNING: 32 threads for alignment length 107 will slow down analysis
WARNING: Number of threads seems too high for short alignments. Use -T AUTO to determine best number of threads.
708  mtART+I+G4    2122.088     15  4274.176     4275.011     4339.904
WARNING: 32 threads for alignment length 107 will slow down analysis
WARNING: Number of threads seems too high for short alignments. Use -T AUTO to determine best number of threads.
709  mtART+R2      2127.242     15  4284.483     4285.318     4350.210
WARNING: 32 threads for alignment length 107 will slow down analysis
WARNING: Number of threads seems too high for short alignments. Use -T AUTO to determine best number of threads.
727  mtART+F       2023.926     32  4111.851     4115.636     4252.069
WARNING: 32 threads for alignment length 107 will slow down analysis
WARNING: Number of threads seems too high for short alignments. Use -T AUTO to determine best number of threads.
728  mtART+F+I     2010.263     33  4086.526     4090.554     4231.125
WARNING: 32 threads for alignment length 107 will slow down analysis
WARNING: Number of threads seems too high for short alignments. Use -T AUTO to determine best number of threads.
729  mtART+F+G4    2007.821     33  4081.643     4085.672     4226.243
WARNING: 32 threads for alignment length 107 will slow down analysis
WARNING: Number of threads seems too high for short alignments. Use -T AUTO to determine best number of threads.
730  mtART+F+I+G4  2008.010     34  4084.020     4088.301     4233.002
WARNING: 32 threads for alignment length 107 will slow down analysis
WARNING: Number of threads seems too high for short alignments. Use -T AUTO to determine best number of threads.
731  mtART+F+R2    2012.400     34  4092.800     4097.081     4241.782
WARNING: 32 threads for alignment length 107 will slow down analysis
WARNING: Number of threads seems too high for short alignments. Use -T AUTO to determine best number of threads.
749  mtZOA         2112.404     13  4250.808     4251.439     4307.772
WARNING: 32 threads for alignment length 107 will slow down analysis
WARNING: Number of threads seems too high for short alignments. Use -T AUTO to determine best number of threads.
750  mtZOA+I       2104.373     14  4236.746     4237.475     4298.092
WARNING: 32 threads for alignment length 107 will slow down analysis
WARNING: Number of threads seems too high for short alignments. Use -T AUTO to determine best number of threads.
751  mtZOA+G4      2102.036     14  4232.072     4232.801     4293.417
WARNING: 32 threads for alignment length 107 will slow down analysis
WARNING: Number of threads seems too high for short alignments. Use -T AUTO to determine best number of threads.
752  mtZOA+I+G4    2102.586     15  4235.172     4236.006     4300.899
WARNING: 32 threads for alignment length 107 will slow down analysis
WARNING: Number of threads seems too high for short alignments. Use -T AUTO to determine best number of threads.
753  mtZOA+R2      2106.230     15  4242.459     4243.294     4308.187
WARNING: 32 threads for alignment length 107 will slow down analysis
WARNING: Number of threads seems too high for short alignments. Use -T AUTO to determine best number of threads.
771  mtZOA+F       2013.650     32  4091.301     4095.086     4231.519
WARNING: 32 threads for alignment length 107 will slow down analysis
WARNING: Number of threads seems too high for short alignments. Use -T AUTO to determine best number of threads.
772  mtZOA+F+I     2005.374     33  4076.747     4080.776     4221.347
WARNING: 32 threads for alignment length 107 will slow down analysis
WARNING: Number of threads seems too high for short alignments. Use -T AUTO to determine best number of threads.
773  mtZOA+F+G4    2004.273     33  4074.545     4078.574     4219.145
WARNING: 32 threads for alignment length 107 will slow down analysis
WARNING: Number of threads seems too high for short alignments. Use -T AUTO to determine best number of threads.
774  mtZOA+F+I+G4  2004.461     34  4076.923     4081.203     4225.905
WARNING: 32 threads for alignment length 107 will slow down analysis
WARNING: Number of threads seems too high for short alignments. Use -T AUTO to determine best number of threads.
775  mtZOA+F+R2    2007.679     34  4083.357     4087.638     4232.339
WARNING: 32 threads for alignment length 107 will slow down analysis
WARNING: Number of threads seems too high for short alignments. Use -T AUTO to determine best number of threads.
793  mtMet         2146.208     13  4318.415     4319.046     4375.379
WARNING: 32 threads for alignment length 107 will slow down analysis
WARNING: Number of threads seems too high for short alignments. Use -T AUTO to determine best number of threads.
794  mtMet+I       2139.707     14  4307.413     4308.142     4368.759
WARNING: 32 threads for alignment length 107 will slow down analysis
WARNING: Number of threads seems too high for short alignments. Use -T AUTO to determine best number of threads.
795  mtMet+G4      2138.421     14  4304.842     4305.572     4366.188
WARNING: 32 threads for alignment length 107 will slow down analysis
WARNING: Number of threads seems too high for short alignments. Use -T AUTO to determine best number of threads.
796  mtMet+I+G4    2138.812     15  4307.624     4308.459     4373.352
WARNING: 32 threads for alignment length 107 will slow down analysis
WARNING: Number of threads seems too high for short alignments. Use -T AUTO to determine best number of threads.
797  mtMet+R2      2141.543     15  4313.085     4313.920     4378.813
WARNING: 32 threads for alignment length 107 will slow down analysis
WARNING: Number of threads seems too high for short alignments. Use -T AUTO to determine best number of threads.
815  mtMet+F       2013.811     32  4091.622     4095.407     4231.840
WARNING: 32 threads for alignment length 107 will slow down analysis
WARNING: Number of threads seems too high for short alignments. Use -T AUTO to determine best number of threads.
816  mtMet+F+I     2006.589     33  4079.178     4083.207     4223.778
WARNING: 32 threads for alignment length 107 will slow down analysis
WARNING: Number of threads seems too high for short alignments. Use -T AUTO to determine best number of threads.
817  mtMet+F+G4    2005.900     33  4077.800     4081.829     4222.400
WARNING: 32 threads for alignment length 107 will slow down analysis
WARNING: Number of threads seems too high for short alignments. Use -T AUTO to determine best number of threads.
818  mtMet+F+I+G4  2006.065     34  4080.129     4084.410     4229.111
WARNING: 32 threads for alignment length 107 will slow down analysis
WARNING: Number of threads seems too high for short alignments. Use -T AUTO to determine best number of threads.
819  mtMet+F+R2    2009.342     34  4086.683     4090.964     4235.665
WARNING: 32 threads for alignment length 107 will slow down analysis
WARNING: Number of threads seems too high for short alignments. Use -T AUTO to determine best number of threads.
837  mtVer         2160.442     13  4346.883     4347.514     4403.847
WARNING: 32 threads for alignment length 107 will slow down analysis
WARNING: Number of threads seems too high for short alignments. Use -T AUTO to determine best number of threads.
838  mtVer+I       2149.299     14  4326.599     4327.328     4387.944
WARNING: 32 threads for alignment length 107 will slow down analysis
WARNING: Number of threads seems too high for short alignments. Use -T AUTO to determine best number of threads.
839  mtVer+G4      2148.033     14  4324.066     4324.795     4385.411
WARNING: 32 threads for alignment length 107 will slow down analysis
WARNING: Number of threads seems too high for short alignments. Use -T AUTO to determine best number of threads.
840  mtVer+I+G4    2148.241     15  4326.482     4327.317     4392.209
WARNING: 32 threads for alignment length 107 will slow down analysis
WARNING: Number of threads seems too high for short alignments. Use -T AUTO to determine best number of threads.
841  mtVer+R2      2151.590     15  4333.179     4334.014     4398.906
WARNING: 32 threads for alignment length 107 will slow down analysis
WARNING: Number of threads seems too high for short alignments. Use -T AUTO to determine best number of threads.
859  mtVer+F       2023.241     32  4110.481     4114.266     4250.699
WARNING: 32 threads for alignment length 107 will slow down analysis
WARNING: Number of threads seems too high for short alignments. Use -T AUTO to determine best number of threads.
860  mtVer+F+I     2010.375     33  4086.750     4090.778     4231.350
WARNING: 32 threads for alignment length 107 will slow down analysis
WARNING: Number of threads seems too high for short alignments. Use -T AUTO to determine best number of threads.
861  mtVer+F+G4    2010.616     33  4087.232     4091.261     4231.832
WARNING: 32 threads for alignment length 107 will slow down analysis
WARNING: Number of threads seems too high for short alignments. Use -T AUTO to determine best number of threads.
862  mtVer+F+I+G4  2010.344     34  4088.689     4092.969     4237.671
WARNING: 32 threads for alignment length 107 will slow down analysis
WARNING: Number of threads seems too high for short alignments. Use -T AUTO to determine best number of threads.
863  mtVer+F+R2    2014.530     34  4097.060     4101.341     4246.042
WARNING: 32 threads for alignment length 107 will slow down analysis
WARNING: Number of threads seems too high for short alignments. Use -T AUTO to determine best number of threads.
881  mtInv         2171.434     13  4368.868     4369.499     4425.832
WARNING: 32 threads for alignment length 107 will slow down analysis
WARNING: Number of threads seems too high for short alignments. Use -T AUTO to determine best number of threads.
882  mtInv+I       2168.134     14  4364.268     4364.997     4425.613
WARNING: 32 threads for alignment length 107 will slow down analysis
WARNING: Number of threads seems too high for short alignments. Use -T AUTO to determine best number of threads.
883  mtInv+G4      2167.449     14  4362.898     4363.627     4424.243
WARNING: 32 threads for alignment length 107 will slow down analysis
WARNING: Number of threads seems too high for short alignments. Use -T AUTO to determine best number of threads.
884  mtInv+I+G4    2167.897     15  4365.794     4366.629     4431.521
WARNING: 32 threads for alignment length 107 will slow down analysis
WARNING: Number of threads seems too high for short alignments. Use -T AUTO to determine best number of threads.
885  mtInv+R2      2168.691     15  4367.382     4368.216     4433.109
WARNING: 32 threads for alignment length 107 will slow down analysis
WARNING: Number of threads seems too high for short alignments. Use -T AUTO to determine best number of threads.
903  mtInv+F       2006.129     32  4076.258     4080.043     4216.476
WARNING: 32 threads for alignment length 107 will slow down analysis
WARNING: Number of threads seems too high for short alignments. Use -T AUTO to determine best number of threads.
904  mtInv+F+I     2002.459     33  4070.917     4074.946     4215.517
WARNING: 32 threads for alignment length 107 will slow down analysis
WARNING: Number of threads seems too high for short alignments. Use -T AUTO to determine best number of threads.
905  mtInv+F+G4    2001.947     33  4069.893     4073.922     4214.493
WARNING: 32 threads for alignment length 107 will slow down analysis
WARNING: Number of threads seems too high for short alignments. Use -T AUTO to determine best number of threads.
906  mtInv+F+I+G4  2002.180     34  4072.359     4076.640     4221.341
WARNING: 32 threads for alignment length 107 will slow down analysis
WARNING: Number of threads seems too high for short alignments. Use -T AUTO to determine best number of threads.
907  mtInv+F+R2    2003.527     34  4075.054     4079.334     4224.035
WARNING: 32 threads for alignment length 107 will slow down analysis
WARNING: Number of threads seems too high for short alignments. Use -T AUTO to determine best number of threads.
925  mtMAM         2155.918     13  4337.837     4338.467     4394.800
WARNING: 32 threads for alignment length 107 will slow down analysis
WARNING: Number of threads seems too high for short alignments. Use -T AUTO to determine best number of threads.
926  mtMAM+I       2135.359     14  4298.717     4299.446     4360.063
WARNING: 32 threads for alignment length 107 will slow down analysis
WARNING: Number of threads seems too high for short alignments. Use -T AUTO to determine best number of threads.
927  mtMAM+G4      2131.467     14  4290.933     4291.662     4352.279
WARNING: 32 threads for alignment length 107 will slow down analysis
WARNING: Number of threads seems too high for short alignments. Use -T AUTO to determine best number of threads.
928  mtMAM+I+G4    2131.695     15  4293.389     4294.224     4359.116
WARNING: 32 threads for alignment length 107 will slow down analysis
WARNING: Number of threads seems too high for short alignments. Use -T AUTO to determine best number of threads.
929  mtMAM+R2      2139.081     15  4308.162     4308.997     4373.889
WARNING: 32 threads for alignment length 107 will slow down analysis
WARNING: Number of threads seems too high for short alignments. Use -T AUTO to determine best number of threads.
947  mtMAM+F       2038.324     32  4140.648     4144.432     4280.866
WARNING: 32 threads for alignment length 107 will slow down analysis
WARNING: Number of threads seems too high for short alignments. Use -T AUTO to determine best number of threads.
948  mtMAM+F+I     2017.393     33  4100.786     4104.815     4245.386
WARNING: 32 threads for alignment length 107 will slow down analysis
WARNING: Number of threads seems too high for short alignments. Use -T AUTO to determine best number of threads.
949  mtMAM+F+G4    2014.840     33  4095.681     4099.709     4240.281
WARNING: 32 threads for alignment length 107 will slow down analysis
WARNING: Number of threads seems too high for short alignments. Use -T AUTO to determine best number of threads.
950  mtMAM+F+I+G4  2014.471     34  4096.943     4101.223     4245.924
WARNING: 32 threads for alignment length 107 will slow down analysis
WARNING: Number of threads seems too high for short alignments. Use -T AUTO to determine best number of threads.
951  mtMAM+F+R2    2022.094     34  4112.188     4116.468     4261.170
WARNING: 32 threads for alignment length 107 will slow down analysis
WARNING: Normalizing state frequencies so that sum of them equals to 1
WARNING: Number of threads seems too high for short alignments. Use -T AUTO to determine best number of threads.
969  FLAVI         2019.823     13  4065.646     4066.277     4122.610
WARNING: 32 threads for alignment length 107 will slow down analysis
WARNING: Normalizing state frequencies so that sum of them equals to 1
WARNING: Number of threads seems too high for short alignments. Use -T AUTO to determine best number of threads.
970  FLAVI+I       2007.241     14  4042.482     4043.211     4103.827
WARNING: 32 threads for alignment length 107 will slow down analysis
WARNING: Normalizing state frequencies so that sum of them equals to 1
WARNING: Number of threads seems too high for short alignments. Use -T AUTO to determine best number of threads.
971  FLAVI+G4      2005.442     14  4038.885     4039.614     4100.230
WARNING: 32 threads for alignment length 107 will slow down analysis
WARNING: Normalizing state frequencies so that sum of them equals to 1
WARNING: Number of threads seems too high for short alignments. Use -T AUTO to determine best number of threads.
972  FLAVI+I+G4    2005.674     15  4041.349     4042.183     4107.076
WARNING: 32 threads for alignment length 107 will slow down analysis
WARNING: Normalizing state frequencies so that sum of them equals to 1
WARNING: Number of threads seems too high for short alignments. Use -T AUTO to determine best number of threads.
973  FLAVI+R2      2008.428     15  4046.855     4047.690     4112.582
WARNING: 32 threads for alignment length 107 will slow down analysis
WARNING: Normalizing state frequencies so that sum of them equals to 1
WARNING: Number of threads seems too high for short alignments. Use -T AUTO to determine best number of threads.
991  FLAVI+F       2022.985     32  4109.971     4113.756     4250.189
WARNING: 32 threads for alignment length 107 will slow down analysis
WARNING: Normalizing state frequencies so that sum of them equals to 1
WARNING: Number of threads seems too high for short alignments. Use -T AUTO to determine best number of threads.
992  FLAVI+F+I     2009.598     33  4085.196     4089.224     4229.796
WARNING: 32 threads for alignment length 107 will slow down analysis
WARNING: Normalizing state frequencies so that sum of them equals to 1
WARNING: Number of threads seems too high for short alignments. Use -T AUTO to determine best number of threads.
993  FLAVI+F+G4    2008.340     33  4082.680     4086.708     4227.280
WARNING: 32 threads for alignment length 107 will slow down analysis
WARNING: Normalizing state frequencies so that sum of them equals to 1
WARNING: Number of threads seems too high for short alignments. Use -T AUTO to determine best number of threads.
994  FLAVI+F+I+G4  2008.433     34  4084.867     4089.148     4233.849
WARNING: 32 threads for alignment length 107 will slow down analysis
WARNING: Normalizing state frequencies so that sum of them equals to 1
WARNING: Number of threads seems too high for short alignments. Use -T AUTO to determine best number of threads.
995  FLAVI+F+R2    2011.668     34  4091.336     4095.616     4240.317
WARNING: 32 threads for alignment length 107 will slow down analysis
WARNING: Number of threads seems too high for short alignments. Use -T AUTO to determine best number of threads.
1013  HIVb          2008.630     13  4043.261     4043.892     4100.224
WARNING: 32 threads for alignment length 107 will slow down analysis
WARNING: Number of threads seems too high for short alignments. Use -T AUTO to determine best number of threads.
1014  HIVb+I        2000.500     14  4029.000     4029.729     4090.346
WARNING: 32 threads for alignment length 107 will slow down analysis
WARNING: Number of threads seems too high for short alignments. Use -T AUTO to determine best number of threads.
1015  HIVb+G4       1999.467     14  4026.934     4027.664     4088.280
WARNING: 32 threads for alignment length 107 will slow down analysis
WARNING: Number of threads seems too high for short alignments. Use -T AUTO to determine best number of threads.
1016  HIVb+I+G4     1999.801     15  4029.603     4030.438     4095.330
WARNING: 32 threads for alignment length 107 will slow down analysis
WARNING: Number of threads seems too high for short alignments. Use -T AUTO to determine best number of threads.
1017  HIVb+R2       2001.434     15  4032.869     4033.704     4098.596
WARNING: 32 threads for alignment length 107 will slow down analysis
WARNING: Number of threads seems too high for short alignments. Use -T AUTO to determine best number of threads.
1035  HIVb+F        2016.442     32  4096.885     4100.670     4237.103
WARNING: 32 threads for alignment length 107 will slow down analysis
WARNING: Number of threads seems too high for short alignments. Use -T AUTO to determine best number of threads.
1036  HIVb+F+I      2007.591     33  4081.181     4085.210     4225.781
WARNING: 32 threads for alignment length 107 will slow down analysis
WARNING: Number of threads seems too high for short alignments. Use -T AUTO to determine best number of threads.
1037  HIVb+F+G4     2006.791     33  4079.583     4083.611     4224.183
WARNING: 32 threads for alignment length 107 will slow down analysis
WARNING: Number of threads seems too high for short alignments. Use -T AUTO to determine best number of threads.
1038  HIVb+F+I+G4   2007.042     34  4082.085     4086.365     4231.067
WARNING: 32 threads for alignment length 107 will slow down analysis
WARNING: Number of threads seems too high for short alignments. Use -T AUTO to determine best number of threads.
1039  HIVb+F+R2     2009.000     34  4085.999     4090.280     4234.981
WARNING: 32 threads for alignment length 107 will slow down analysis
WARNING: Number of threads seems too high for short alignments. Use -T AUTO to determine best number of threads.
1057  HIVw          2065.194     13  4156.389     4157.020     4213.352
WARNING: 32 threads for alignment length 107 will slow down analysis
WARNING: Number of threads seems too high for short alignments. Use -T AUTO to determine best number of threads.
1058  HIVw+I        2053.291     14  4134.583     4135.312     4195.928
WARNING: 32 threads for alignment length 107 will slow down analysis
WARNING: Number of threads seems too high for short alignments. Use -T AUTO to determine best number of threads.
1059  HIVw+G4       2052.275     14  4132.549     4133.278     4193.894
WARNING: 32 threads for alignment length 107 will slow down analysis
WARNING: Number of threads seems too high for short alignments. Use -T AUTO to determine best number of threads.
1060  HIVw+I+G4     2052.200     15  4134.400     4135.235     4200.128
WARNING: 32 threads for alignment length 107 will slow down analysis
WARNING: Number of threads seems too high for short alignments. Use -T AUTO to determine best number of threads.
1061  HIVw+R2       2055.120     15  4140.240     4141.075     4205.967
WARNING: 32 threads for alignment length 107 will slow down analysis
WARNING: Number of threads seems too high for short alignments. Use -T AUTO to determine best number of threads.
1079  HIVw+F        2030.218     32  4124.435     4128.220     4264.653
WARNING: 32 threads for alignment length 107 will slow down analysis
WARNING: Number of threads seems too high for short alignments. Use -T AUTO to determine best number of threads.
1080  HIVw+F+I      2017.671     33  4101.343     4105.372     4245.943
WARNING: 32 threads for alignment length 107 will slow down analysis
WARNING: Number of threads seems too high for short alignments. Use -T AUTO to determine best number of threads.
1081  HIVw+F+G4     2017.262     33  4100.523     4104.552     4245.123
WARNING: 32 threads for alignment length 107 will slow down analysis
WARNING: Number of threads seems too high for short alignments. Use -T AUTO to determine best number of threads.
1082  HIVw+F+I+G4   2017.038     34  4102.075     4106.356     4251.057
WARNING: 32 threads for alignment length 107 will slow down analysis
WARNING: Number of threads seems too high for short alignments. Use -T AUTO to determine best number of threads.
1083  HIVw+F+R2     2020.290     34  4108.579     4112.860     4257.561
WARNING: 32 threads for alignment length 107 will slow down analysis
WARNING: Number of threads seems too high for short alignments. Use -T AUTO to determine best number of threads.
1101  FLU           2019.892     13  4065.783     4066.414     4122.747
WARNING: 32 threads for alignment length 107 will slow down analysis
WARNING: Number of threads seems too high for short alignments. Use -T AUTO to determine best number of threads.
1102  FLU+I         2011.261     14  4050.521     4051.250     4111.867
WARNING: 32 threads for alignment length 107 will slow down analysis
WARNING: Number of threads seems too high for short alignments. Use -T AUTO to determine best number of threads.
1103  FLU+G4        2010.166     14  4048.332     4049.061     4109.678
WARNING: 32 threads for alignment length 107 will slow down analysis
WARNING: Number of threads seems too high for short alignments. Use -T AUTO to determine best number of threads.
1104  FLU+I+G4      2010.356     15  4050.711     4051.546     4116.439
WARNING: 32 threads for alignment length 107 will slow down analysis
WARNING: Number of threads seems too high for short alignments. Use -T AUTO to determine best number of threads.
1105  FLU+R2        2013.056     15  4056.111     4056.946     4121.839
WARNING: 32 threads for alignment length 107 will slow down analysis
WARNING: Number of threads seems too high for short alignments. Use -T AUTO to determine best number of threads.
1123  FLU+F         2021.401     32  4106.803     4110.588     4247.021
WARNING: 32 threads for alignment length 107 will slow down analysis
WARNING: Number of threads seems too high for short alignments. Use -T AUTO to determine best number of threads.
1124  FLU+F+I       2012.237     33  4090.475     4094.504     4235.075
WARNING: 32 threads for alignment length 107 will slow down analysis
WARNING: Number of threads seems too high for short alignments. Use -T AUTO to determine best number of threads.
1125  FLU+F+G4      2010.911     33  4087.822     4091.851     4232.422
WARNING: 32 threads for alignment length 107 will slow down analysis
WARNING: Number of threads seems too high for short alignments. Use -T AUTO to determine best number of threads.
1126  FLU+F+I+G4    2011.148     34  4090.296     4094.576     4239.277
WARNING: 32 threads for alignment length 107 will slow down analysis
WARNING: Number of threads seems too high for short alignments. Use -T AUTO to determine best number of threads.
1127  FLU+F+R2      2013.828     34  4095.655     4099.936     4244.637
WARNING: 32 threads for alignment length 107 will slow down analysis
WARNING: Number of threads seems too high for short alignments. Use -T AUTO to determine best number of threads.
1145  rtREV         2015.968     13  4057.936     4058.566     4114.899
WARNING: 32 threads for alignment length 107 will slow down analysis
WARNING: Number of threads seems too high for short alignments. Use -T AUTO to determine best number of threads.
1146  rtREV+I       2013.655     14  4055.309     4056.039     4116.655
WARNING: 32 threads for alignment length 107 will slow down analysis
WARNING: Number of threads seems too high for short alignments. Use -T AUTO to determine best number of threads.
1147  rtREV+G4      2013.610     14  4055.220     4055.949     4116.565
WARNING: 32 threads for alignment length 107 will slow down analysis
WARNING: Number of threads seems too high for short alignments. Use -T AUTO to determine best number of threads.
1148  rtREV+I+G4    2013.696     15  4057.393     4058.227     4123.120
WARNING: 32 threads for alignment length 107 will slow down analysis
WARNING: Number of threads seems too high for short alignments. Use -T AUTO to determine best number of threads.
1149  rtREV+R2      2014.211     15  4058.421     4059.256     4124.148
WARNING: 32 threads for alignment length 107 will slow down analysis
WARNING: Number of threads seems too high for short alignments. Use -T AUTO to determine best number of threads.
1167  rtREV+F       2002.314     32  4068.628     4072.413     4208.846
WARNING: 32 threads for alignment length 107 will slow down analysis
WARNING: Number of threads seems too high for short alignments. Use -T AUTO to determine best number of threads.
1168  rtREV+F+I     2000.166     33  4066.331     4070.360     4210.931
WARNING: 32 threads for alignment length 107 will slow down analysis
WARNING: Number of threads seems too high for short alignments. Use -T AUTO to determine best number of threads.
1169  rtREV+F+G4    2000.161     33  4066.321     4070.350     4210.921
WARNING: 32 threads for alignment length 107 will slow down analysis
WARNING: Number of threads seems too high for short alignments. Use -T AUTO to determine best number of threads.
1170  rtREV+F+I+G4  2000.205     34  4068.410     4072.690     4217.391
WARNING: 32 threads for alignment length 107 will slow down analysis
WARNING: Number of threads seems too high for short alignments. Use -T AUTO to determine best number of threads.
1171  rtREV+F+R2    2000.705     34  4069.410     4073.691     4218.392
WARNING: 32 threads for alignment length 107 will slow down analysis
WARNING: Number of threads seems too high for short alignments. Use -T AUTO to determine best number of threads.
1189  cpREV         1999.507     13  4025.014     4025.645     4081.978
WARNING: 32 threads for alignment length 107 will slow down analysis
WARNING: Number of threads seems too high for short alignments. Use -T AUTO to determine best number of threads.
1190  cpREV+I       1996.662     14  4021.323     4022.052     4082.669
WARNING: 32 threads for alignment length 107 will slow down analysis
WARNING: Number of threads seems too high for short alignments. Use -T AUTO to determine best number of threads.
1191  cpREV+G4      1996.702     14  4021.404     4022.133     4082.749
WARNING: 32 threads for alignment length 107 will slow down analysis
WARNING: Number of threads seems too high for short alignments. Use -T AUTO to determine best number of threads.
1192  cpREV+I+G4    1996.686     15  4023.371     4024.206     4089.099
WARNING: 32 threads for alignment length 107 will slow down analysis
WARNING: Number of threads seems too high for short alignments. Use -T AUTO to determine best number of threads.
1193  cpREV+R2      1997.413     15  4024.825     4025.660     4090.552
WARNING: 32 threads for alignment length 107 will slow down analysis
WARNING: Number of threads seems too high for short alignments. Use -T AUTO to determine best number of threads.
1211  cpREV+F       2005.492     32  4074.984     4078.769     4215.202
WARNING: 32 threads for alignment length 107 will slow down analysis
WARNING: Number of threads seems too high for short alignments. Use -T AUTO to determine best number of threads.
1212  cpREV+F+I     2001.575     33  4069.150     4073.179     4213.750
WARNING: 32 threads for alignment length 107 will slow down analysis
WARNING: Number of threads seems too high for short alignments. Use -T AUTO to determine best number of threads.
1213  cpREV+F+G4    2001.892     33  4069.785     4073.814     4214.385
WARNING: 32 threads for alignment length 107 will slow down analysis
WARNING: Number of threads seems too high for short alignments. Use -T AUTO to determine best number of threads.
1214  cpREV+F+I+G4  2001.581     34  4071.162     4075.443     4220.144
WARNING: 32 threads for alignment length 107 will slow down analysis
WARNING: Number of threads seems too high for short alignments. Use -T AUTO to determine best number of threads.
1215  cpREV+F+R2    2002.718     34  4073.435     4077.716     4222.417
Akaike Information Criterion:           Q.mammal+I
Corrected Akaike Information Criterion: Q.mammal+I
Bayesian Information Criterion:         Q.mammal+I
Best-fit model: Q.mammal+I chosen according to BIC

All model information printed to 27384at5794_Dim1-align.faa/27384at5794_Dim1-align.faa.model.gz
CPU time for ModelFinder: 101.342 seconds (0h:1m:41s)
Wall-clock time for ModelFinder: 7.639 seconds (0h:0m:7s)
Generating 1000 samples for ultrafast bootstrap (seed: 770863)...
WARNING: 32 threads for alignment length 107 will slow down analysis
WARNING: Normalizing state frequencies so that sum of them equals to 1

NOTE: 0 MB RAM (0 GB) is required!
WARNING: Number of threads seems too high for short alignments. Use -T AUTO to determine best number of threads.
Estimate model parameters (epsilon = 0.100)
1. Initial log-likelihood: -1974.683
Optimal log-likelihood: -1974.683
Proportion of invariable sites: 0.486
Parameters optimization took 1 rounds (0.003 sec)
Wrote distance file to... 
Computing ML distances based on estimated model parameters...
Calculating distance matrix: done in 0.00102171 secs using 3095% CPU
Computing ML distances took 0.003199 sec (of wall-clock time) 0.087146 sec (of CPU time)
Setting up auxiliary I and S matrices: done in 0.0148622 secs using 1193% CPU
Constructing RapidNJ tree: done in 0.0870769 secs using 1059% CPU
Computing RapidNJ tree took 0.102247 sec (of wall-clock time) 1.127285 sec (of CPU time)
Log-likelihood of RapidNJ tree: -1974.684
--------------------------------------------------------------------
|             INITIALIZING CANDIDATE TREE SET                      |
--------------------------------------------------------------------
Generating 98 parsimony trees... 0.017 second
Computing log-likelihood of 70 initial trees ... 0.157 seconds
Current best score: -1974.683

Do NNI search on 20 best initial trees
Optimizing NNI: done in 0.0313089 secs using 1690% CPU
Estimate model parameters (epsilon = 0.100)
BETTER TREE FOUND at iteration 1: -1974.683
Optimizing NNI: done in 0.03004 secs using 1858% CPU
Optimizing NNI: done in 0.0660226 secs using 1752% CPU
Optimizing NNI: done in 0.0621289 secs using 1823% CPU
Optimizing NNI: done in 0.0619266 secs using 1827% CPU
Optimizing NNI: done in 0.0554972 secs using 1715% CPU
Optimizing NNI: done in 0.0557281 secs using 1804% CPU
Optimizing NNI: done in 0.0603661 secs using 1816% CPU
Optimizing NNI: done in 0.0556893 secs using 1787% CPU
Optimizing NNI: done in 0.0919285 secs using 1730% CPU
UPDATE BEST LOG-LIKELIHOOD: -1974.683
Iteration 10 / LogL: -1974.683 / Time: 0h:0m:0s
Optimizing NNI: done in 0.092068 secs using 1787% CPU
BETTER TREE FOUND at iteration 11: -1974.683
Optimizing NNI: done in 0.0903222 secs using 1814% CPU
Optimizing NNI: done in 0.0932124 secs using 1804% CPU
Optimizing NNI: done in 0.091046 secs using 1790% CPU
Optimizing NNI: done in 0.0929935 secs using 1813% CPU
Optimizing NNI: done in 0.086212 secs using 1802% CPU
Optimizing NNI: done in 0.0881471 secs using 1743% CPU
Optimizing NNI: done in 0.0875164 secs using 1769% CPU
Optimizing NNI: done in 0.0875318 secs using 1790% CPU
Optimizing NNI: done in 0.0929018 secs using 1827% CPU
Iteration 20 / LogL: -1974.683 / Time: 0h:0m:1s
Finish initializing candidate tree set (7)
Current best tree score: -1974.683 / CPU time: 1.700
Number of iterations: 20
--------------------------------------------------------------------
|               OPTIMIZING CANDIDATE TREE SET                      |
--------------------------------------------------------------------
Optimizing NNI: done in 0.061049 secs using 1669% CPU
UPDATE BEST LOG-LIKELIHOOD: -1974.683
Optimizing NNI: done in 0.0570282 secs using 1772% CPU
Optimizing NNI: done in 0.0898183 secs using 1777% CPU
Optimizing NNI: done in 0.117772 secs using 1729% CPU
Optimizing NNI: done in 0.0786188 secs using 1659% CPU
Optimizing NNI: done in 0.147437 secs using 1753% CPU
Optimizing NNI: done in 0.0591269 secs using 1793% CPU
Optimizing NNI: done in 0.0785621 secs using 1737% CPU
Optimizing NNI: done in 0.0779847 secs using 1737% CPU
Optimizing NNI: done in 0.049048 secs using 1681% CPU
Iteration 30 / LogL: -1974.683 / Time: 0h:0m:2s (0h:0m:7s left)
Optimizing NNI: done in 0.0282009 secs using 1827% CPU
Optimizing NNI: done in 0.0279817 secs using 1771% CPU
Optimizing NNI: done in 0.02974 secs using 1849% CPU
Optimizing NNI: done in 0.028599 secs using 1851% CPU
Optimizing NNI: done in 0.0472487 secs using 1714% CPU
Optimizing NNI: done in 0.0299247 secs using 1793% CPU
UPDATE BEST LOG-LIKELIHOOD: -1974.683
Optimizing NNI: done in 0.0285952 secs using 1675% CPU
Optimizing NNI: done in 0.0580463 secs using 1788% CPU
Optimizing NNI: done in 0.0307846 secs using 1641% CPU
Optimizing NNI: done in 0.0288462 secs using 1837% CPU
Iteration 40 / LogL: -1974.683 / Time: 0h:0m:3s (0h:0m:5s left)
Optimizing NNI: done in 0.0831603 secs using 1750% CPU
Optimizing NNI: done in 0.115993 secs using 1779% CPU
Optimizing NNI: done in 0.0993141 secs using 1719% CPU
Optimizing NNI: done in 0.0866559 secs using 1750% CPU
Optimizing NNI: done in 0.0307044 secs using 1865% CPU
Optimizing NNI: done in 0.0296828 secs using 1738% CPU
Optimizing NNI: done in 0.0938591 secs using 1860% CPU
Optimizing NNI: done in 0.112052 secs using 1784% CPU
Optimizing NNI: done in 0.0594044 secs using 1800% CPU
UPDATE BEST LOG-LIKELIHOOD: -1974.683
Optimizing NNI: done in 0.0286619 secs using 1807% CPU
Iteration 50 / LogL: -1974.683 / Time: 0h:0m:3s (0h:0m:4s left)
Log-likelihood cutoff on original alignment: -1984.257
Optimizing NNI: done in 0.0919093 secs using 1756% CPU
Optimizing NNI: done in 0.0286822 secs using 1782% CPU
Optimizing NNI: done in 0.149954 secs using 1802% CPU
Optimizing NNI: done in 0.092449 secs using 1786% CPU
Optimizing NNI: done in 0.030057 secs using 1773% CPU
Optimizing NNI: done in 0.0587363 secs using 1754% CPU
Optimizing NNI: done in 0.0313681 secs using 1879% CPU
Optimizing NNI: done in 0.0294295 secs using 1717% CPU
Optimizing NNI: done in 0.0813958 secs using 1734% CPU
Optimizing NNI: done in 0.0287578 secs using 1679% CPU
Iteration 60 / LogL: -1974.683 / Time: 0h:0m:4s (0h:0m:3s left)
Optimizing NNI: done in 0.057926 secs using 1765% CPU
Optimizing NNI: done in 0.0453617 secs using 1845% CPU
Optimizing NNI: done in 0.0289737 secs using 1749% CPU
UPDATE BEST LOG-LIKELIHOOD: -1974.683
Optimizing NNI: done in 0.0601058 secs using 1773% CPU
Optimizing NNI: done in 0.0513394 secs using 1691% CPU
Optimizing NNI: done in 0.0843096 secs using 1781% CPU
Optimizing NNI: done in 0.0284433 secs using 1799% CPU
Optimizing NNI: done in 0.11536 secs using 1792% CPU
Optimizing NNI: done in 0.120333 secs using 1807% CPU
Optimizing NNI: done in 0.0774052 secs using 1683% CPU
Iteration 70 / LogL: -1974.683 / Time: 0h:0m:5s (0h:0m:3s left)
Optimizing NNI: done in 0.088404 secs using 1763% CPU
Optimizing NNI: done in 0.0552381 secs using 1793% CPU
Optimizing NNI: done in 0.0293159 secs using 1814% CPU
Optimizing NNI: done in 0.0298087 secs using 1858% CPU
UPDATE BEST LOG-LIKELIHOOD: -1974.683
Optimizing NNI: done in 0.0860767 secs using 1754% CPU
Optimizing NNI: done in 0.0430964 secs using 1731% CPU
Optimizing NNI: done in 0.030577 secs using 1764% CPU
Optimizing NNI: done in 0.0844034 secs using 1769% CPU
Optimizing NNI: done in 0.0497507 secs using 1749% CPU
Optimizing NNI: done in 0.0598293 secs using 1667% CPU
Iteration 80 / LogL: -1974.683 / Time: 0h:0m:5s (0h:0m:2s left)
Optimizing NNI: done in 0.0807406 secs using 1760% CPU
Optimizing NNI: done in 0.0297648 secs using 1785% CPU
Optimizing NNI: done in 0.0492925 secs using 1623% CPU
Optimizing NNI: done in 0.028356 secs using 1744% CPU
UPDATE BEST LOG-LIKELIHOOD: -1974.683
Optimizing NNI: done in 0.0299032 secs using 1786% CPU
Optimizing NNI: done in 0.124592 secs using 1799% CPU
Optimizing NNI: done in 0.0868451 secs using 1797% CPU
Optimizing NNI: done in 0.0294045 secs using 1804% CPU
Optimizing NNI: done in 0.052962 secs using 1782% CPU
Optimizing NNI: done in 0.0531505 secs using 1748% CPU
Iteration 90 / LogL: -1974.683 / Time: 0h:0m:6s (0h:0m:1s left)
Optimizing NNI: done in 0.055232 secs using 1679% CPU
Optimizing NNI: done in 0.0298054 secs using 1842% CPU
Optimizing NNI: done in 0.0295211 secs using 1839% CPU
Optimizing NNI: done in 0.0294478 secs using 1734% CPU
Optimizing NNI: done in 0.0301449 secs using 1810% CPU
Optimizing NNI: done in 0.0295887 secs using 1854% CPU
Optimizing NNI: done in 0.0557179 secs using 1727% CPU
Optimizing NNI: done in 0.122775 secs using 1747% CPU
Optimizing NNI: done in 0.0862263 secs using 1718% CPU
Optimizing NNI: done in 0.030188 secs using 1584% CPU
Iteration 100 / LogL: -1974.683 / Time: 0h:0m:7s (0h:0m:0s left)
Log-likelihood cutoff on original alignment: -1984.295
NOTE: Bootstrap correlation coefficient of split occurrence frequencies: 0.991
Optimizing NNI: done in 0.0589148 secs using 1706% CPU
Optimizing NNI: done in 0.0855453 secs using 1765% CPU
Optimizing NNI: done in 0.11386 secs using 1782% CPU
Optimizing NNI: done in 0.0294424 secs using 1893% CPU
Optimizing NNI: done in 0.0305976 secs using 1761% CPU
Optimizing NNI: done in 0.0846321 secs using 1751% CPU
Optimizing NNI: done in 0.0898414 secs using 1692% CPU
Optimizing NNI: done in 0.0618056 secs using 1729% CPU
Optimizing NNI: done in 0.0292121 secs using 1775% CPU
Optimizing NNI: done in 0.0288706 secs using 1783% CPU
Iteration 110 / LogL: -1974.683 / Time: 0h:0m:7s (0h:0m:6s left)
Optimizing NNI: done in 0.0788883 secs using 1724% CPU
Optimizing NNI: done in 0.0303501 secs using 1769% CPU
TREE SEARCH COMPLETED AFTER 112 ITERATIONS / Time: 0h:0m:7s

--------------------------------------------------------------------
|                    FINALIZING TREE SEARCH                        |
--------------------------------------------------------------------
Performs final model parameters optimization
Estimate model parameters (epsilon = 0.010)
1. Initial log-likelihood: -1974.683
Optimal log-likelihood: -1974.683
Proportion of invariable sites: 0.486
Parameters optimization took 1 rounds (0.004 sec)
BEST SCORE FOUND : -1974.683
Creating bootstrap support values...
Split supports printed to NEXUS file 27384at5794_Dim1-align.faa/27384at5794_Dim1-align.faa.splits.nex
Total tree length: 0.823

Total number of iterations: 112
CPU time used for tree search: 134.329 sec (0h:2m:14s)
Wall-clock time used for tree search: 7.727 sec (0h:0m:7s)
Total CPU time used: 136.419 sec (0h:2m:16s)
Total wall-clock time used: 7.908 sec (0h:0m:7s)

Computing bootstrap consensus tree...
Reading input file 27384at5794_Dim1-align.faa/27384at5794_Dim1-align.faa.splits.nex...
8 taxa and 71 splits.
Consensus tree written to 27384at5794_Dim1-align.faa/27384at5794_Dim1-align.faa.contree
Reading input trees file 27384at5794_Dim1-align.faa/27384at5794_Dim1-align.faa.contree
Log-likelihood of consensus tree: -1974.684

Analysis results written to: 
  IQ-TREE report:                27384at5794_Dim1-align.faa/27384at5794_Dim1-align.faa.iqtree
  Maximum-likelihood tree:       27384at5794_Dim1-align.faa/27384at5794_Dim1-align.faa.treefile
  Likelihood distances:          27384at5794_Dim1-align.faa/27384at5794_Dim1-align.faa.mldist

Ultrafast bootstrap approximation results written to:
  Split support values:          27384at5794_Dim1-align.faa/27384at5794_Dim1-align.faa.splits.nex
  Consensus tree:                27384at5794_Dim1-align.faa/27384at5794_Dim1-align.faa.contree
  Screen log file:               27384at5794_Dim1-align.faa/27384at5794_Dim1-align.faa.log

Date and Time: Fri Mar  1 09:00:42 2024
