IQ-TREE multicore version 2.2.6 COVID-edition for Linux 64-bit built Dec  8 2023
Developed by Bui Quang Minh, James Barbetti, Nguyen Lam Tung,
Olga Chernomor, Heiko Schmidt, Dominik Schrempf, Michael Woodhams, Ly Trong Nhan.

Host:    bioinf-serv2.cob.lu.se (AVX2, FMA3, 2003 GB RAM)
Command: iqtree2 -nt 32 -s ../14_PHYLO-ALIGN/24759at5794_tRNA-align.faa -m MFP -B 1000 --prefix 24759at5794_tRNA-align.faa/24759at5794_tRNA-align.faa
Seed:    479645 (Using SPRNG - Scalable Parallel Random Number Generator)
Time:    Fri Mar  1 08:59:34 2024
Kernel:  AVX+FMA - 32 threads (256 CPU cores detected)

Reading alignment file ../14_PHYLO-ALIGN/24759at5794_tRNA-align.faa ... Fasta format detected
Reading fasta file: done in 0.000107874 secs using 15.76% CPU
Alignment most likely contains protein sequences
Constructing alignment: done in 0.000809875 secs using 3436% CPU
Alignment has 8 sequences with 513 columns, 310 distinct patterns
105 parsimony-informative, 142 singleton sites, 266 constant sites
           Gap/Ambiguity  Composition  p-value
Analyzing sequences: done in 7.49128e-05 secs using 89.44% CPU
   1  548_g_Ht    44.83%    passed     55.26%
   2  3384_g_Pb   37.62%    passed     13.92%
   3  2031_g_Pc   36.65%    passed     98.02%
   4  153_g_Pf    38.40%    passed     35.80%
   5  2069_g_Pk   38.40%    passed     99.78%
   6  1988_g_Pv   26.90%    passed     57.92%
   7  1081_g_Py   38.01%    passed     13.02%
   8  3148_g_Tg   36.84%    failed      0.00%
****  TOTAL       37.21%  1 sequences failed composition chi2 test (p-value<5%; df=19)
Checking for duplicate sequences: done in 5.35324e-05 secs using 87.8% CPU


Create initial parsimony tree by phylogenetic likelihood library (PLL)... 0.000 seconds
WARNING: Number of threads seems too high for short alignments. Use -T AUTO to determine best number of threads.
Perform fast likelihood tree search using LG+I+G model...
Estimate model parameters (epsilon = 5.000)
Perform nearest neighbor interchange...
Optimizing NNI: done in 0.0416812 secs using 3131% CPU
Estimate model parameters (epsilon = 1.000)
1. Initial log-likelihood: -3801.040
2. Current log-likelihood: -3799.076
3. Current log-likelihood: -3797.822
Optimal log-likelihood: -3796.951
Proportion of invariable sites: 0.112
Gamma shape alpha: 0.740
Parameters optimization took 3 rounds (0.036 sec)
Time for fast ML tree search: 0.116 seconds

NOTE: ModelFinder requires 5 MB RAM!
ModelFinder will test up to 1232 protein models (sample size: 513) ...
 No. Model         -LnL         df  AIC          AICc         BIC
WARNING: Number of threads seems too high for short alignments. Use -T AUTO to determine best number of threads.
  1  LG            3897.469     13  7820.938     7821.667     7876.061
WARNING: Number of threads seems too high for short alignments. Use -T AUTO to determine best number of threads.
  2  LG+I          3864.673     14  7757.346     7758.189     7816.710
WARNING: Number of threads seems too high for short alignments. Use -T AUTO to determine best number of threads.
  3  LG+G4         3792.521     14  7613.043     7613.886     7672.406
WARNING: Number of threads seems too high for short alignments. Use -T AUTO to determine best number of threads.
  4  LG+I+G4       3793.680     15  7617.359     7618.325     7680.963
WARNING: Number of threads seems too high for short alignments. Use -T AUTO to determine best number of threads.
  5  LG+R2         3787.529     15  7605.058     7606.024     7668.662
WARNING: Number of threads seems too high for short alignments. Use -T AUTO to determine best number of threads.
  6  LG+R3         3779.554     17  7593.108     7594.345     7665.193
WARNING: Number of threads seems too high for short alignments. Use -T AUTO to determine best number of threads.
  7  LG+R4         3778.789     19  7595.577     7597.119     7676.142
WARNING: Number of threads seems too high for short alignments. Use -T AUTO to determine best number of threads.
 14  LG+I+R2       3784.145     16  7600.290     7601.387     7668.135
WARNING: Number of threads seems too high for short alignments. Use -T AUTO to determine best number of threads.
 15  LG+I+R3       3778.916     18  7593.832     7595.216     7670.157
WARNING: Number of threads seems too high for short alignments. Use -T AUTO to determine best number of threads.
 25  LG+F+G4       3779.285     33  7624.570     7629.255     7764.499
WARNING: Number of threads seems too high for short alignments. Use -T AUTO to determine best number of threads.
 27  LG+F+R2       3775.236     34  7618.471     7623.450     7762.641
WARNING: Number of threads seems too high for short alignments. Use -T AUTO to determine best number of threads.
 28  LG+F+R3       3766.941     36  7605.883     7611.479     7758.533
WARNING: Number of threads seems too high for short alignments. Use -T AUTO to determine best number of threads.
 36  LG+F+I+R2     3770.353     35  7610.705     7615.988     7759.115
WARNING: Number of threads seems too high for short alignments. Use -T AUTO to determine best number of threads.
 37  LG+F+I+R3     3766.967     37  7607.934     7613.854     7764.824
WARNING: Number of threads seems too high for short alignments. Use -T AUTO to determine best number of threads.
 47  WAG+G4        3795.570     14  7619.140     7619.984     7678.504
WARNING: Number of threads seems too high for short alignments. Use -T AUTO to determine best number of threads.
 49  WAG+R2        3790.188     15  7610.377     7611.343     7673.981
WARNING: Number of threads seems too high for short alignments. Use -T AUTO to determine best number of threads.
 50  WAG+R3        3785.380     17  7604.761     7605.997     7676.846
WARNING: Number of threads seems too high for short alignments. Use -T AUTO to determine best number of threads.
 58  WAG+I+R2      3787.905     16  7607.809     7608.906     7675.654
WARNING: Number of threads seems too high for short alignments. Use -T AUTO to determine best number of threads.
 59  WAG+I+R3      3785.975     18  7607.950     7609.334     7684.275
WARNING: Number of threads seems too high for short alignments. Use -T AUTO to determine best number of threads.
 69  WAG+F+G4      3785.826     33  7637.651     7642.336     7777.580
WARNING: Number of threads seems too high for short alignments. Use -T AUTO to determine best number of threads.
 71  WAG+F+R2      3781.569     34  7631.138     7636.117     7775.307
WARNING: Number of threads seems too high for short alignments. Use -T AUTO to determine best number of threads.
 72  WAG+F+R3      3775.937     36  7623.875     7629.471     7776.525
WARNING: Number of threads seems too high for short alignments. Use -T AUTO to determine best number of threads.
 80  WAG+F+I+R2    3777.618     35  7625.235     7630.518     7773.645
WARNING: Number of threads seems too high for short alignments. Use -T AUTO to determine best number of threads.
 81  WAG+F+I+R3    3776.403     37  7626.805     7632.725     7783.695
WARNING: Number of threads seems too high for short alignments. Use -T AUTO to determine best number of threads.
 91  JTT+G4        3780.849     14  7589.698     7590.541     7649.061
WARNING: Number of threads seems too high for short alignments. Use -T AUTO to determine best number of threads.
 93  JTT+R2        3779.361     15  7588.722     7589.688     7652.326
WARNING: Number of threads seems too high for short alignments. Use -T AUTO to determine best number of threads.
 94  JTT+R3        3774.176     17  7582.353     7583.589     7654.437
WARNING: Number of threads seems too high for short alignments. Use -T AUTO to determine best number of threads.
102  JTT+I+R2      3775.590     16  7583.180     7584.276     7651.024
WARNING: Number of threads seems too high for short alignments. Use -T AUTO to determine best number of threads.
103  JTT+I+R3      3774.556     18  7585.112     7586.496     7661.437
WARNING: Number of threads seems too high for short alignments. Use -T AUTO to determine best number of threads.
113  JTT+F+G4      3768.123     33  7602.247     7606.931     7742.176
WARNING: Number of threads seems too high for short alignments. Use -T AUTO to determine best number of threads.
115  JTT+F+R2      3766.709     34  7601.417     7606.396     7745.587
WARNING: Number of threads seems too high for short alignments. Use -T AUTO to determine best number of threads.
116  JTT+F+R3      3761.547     36  7595.094     7600.691     7747.744
WARNING: Number of threads seems too high for short alignments. Use -T AUTO to determine best number of threads.
124  JTT+F+I+R2    3761.848     35  7593.697     7598.980     7742.106
WARNING: Number of threads seems too high for short alignments. Use -T AUTO to determine best number of threads.
125  JTT+F+I+R3    3761.307     37  7596.614     7602.534     7753.505
WARNING: Normalizing state frequencies so that sum of them equals to 1
WARNING: Number of threads seems too high for short alignments. Use -T AUTO to determine best number of threads.
135  Q.pfam+G4     3798.285     14  7624.569     7625.413     7683.933
WARNING: Normalizing state frequencies so that sum of them equals to 1
WARNING: Number of threads seems too high for short alignments. Use -T AUTO to determine best number of threads.
137  Q.pfam+R2     3793.646     15  7617.293     7618.259     7680.897
WARNING: Normalizing state frequencies so that sum of them equals to 1
WARNING: Number of threads seems too high for short alignments. Use -T AUTO to determine best number of threads.
138  Q.pfam+R3     3785.620     17  7605.240     7606.477     7677.325
WARNING: Normalizing state frequencies so that sum of them equals to 1
WARNING: Number of threads seems too high for short alignments. Use -T AUTO to determine best number of threads.
146  Q.pfam+I+R2   3790.354     16  7612.707     7613.804     7680.551
WARNING: Normalizing state frequencies so that sum of them equals to 1
WARNING: Number of threads seems too high for short alignments. Use -T AUTO to determine best number of threads.
147  Q.pfam+I+R3   3785.268     18  7606.537     7607.921     7682.862
WARNING: Normalizing state frequencies so that sum of them equals to 1
WARNING: Number of threads seems too high for short alignments. Use -T AUTO to determine best number of threads.
157  Q.pfam+F+G4   3783.083     33  7632.165     7636.850     7772.094
WARNING: Normalizing state frequencies so that sum of them equals to 1
WARNING: Number of threads seems too high for short alignments. Use -T AUTO to determine best number of threads.
159  Q.pfam+F+R2   3779.058     34  7626.115     7631.095     7770.285
WARNING: Normalizing state frequencies so that sum of them equals to 1
WARNING: Number of threads seems too high for short alignments. Use -T AUTO to determine best number of threads.
160  Q.pfam+F+R3   3771.194     36  7614.389     7619.985     7767.039
WARNING: Normalizing state frequencies so that sum of them equals to 1
WARNING: Number of threads seems too high for short alignments. Use -T AUTO to determine best number of threads.
168  Q.pfam+F+I+R2 3774.320     35  7618.640     7623.923     7767.050
WARNING: Normalizing state frequencies so that sum of them equals to 1
WARNING: Number of threads seems too high for short alignments. Use -T AUTO to determine best number of threads.
169  Q.pfam+F+I+R3 3771.251     37  7616.503     7622.423     7773.393
WARNING: Normalizing state frequencies so that sum of them equals to 1
WARNING: Number of threads seems too high for short alignments. Use -T AUTO to determine best number of threads.
179  Q.bird+G4     3793.809     14  7615.618     7616.461     7674.981
WARNING: Normalizing state frequencies so that sum of them equals to 1
WARNING: Number of threads seems too high for short alignments. Use -T AUTO to determine best number of threads.
181  Q.bird+R2     3796.373     15  7622.745     7623.711     7686.349
WARNING: Normalizing state frequencies so that sum of them equals to 1
WARNING: Number of threads seems too high for short alignments. Use -T AUTO to determine best number of threads.
182  Q.bird+R3     3788.370     17  7610.739     7611.976     7682.824
WARNING: Normalizing state frequencies so that sum of them equals to 1
WARNING: Number of threads seems too high for short alignments. Use -T AUTO to determine best number of threads.
190  Q.bird+I+R2   3789.202     16  7610.404     7611.501     7678.248
WARNING: Normalizing state frequencies so that sum of them equals to 1
WARNING: Number of threads seems too high for short alignments. Use -T AUTO to determine best number of threads.
191  Q.bird+I+R3   3787.868     18  7611.735     7613.120     7688.060
WARNING: Normalizing state frequencies so that sum of them equals to 1
WARNING: Number of threads seems too high for short alignments. Use -T AUTO to determine best number of threads.
201  Q.bird+F+G4   3777.249     33  7620.498     7625.183     7760.427
WARNING: Normalizing state frequencies so that sum of them equals to 1
WARNING: Number of threads seems too high for short alignments. Use -T AUTO to determine best number of threads.
203  Q.bird+F+R2   3778.475     34  7624.949     7629.928     7769.119
WARNING: Normalizing state frequencies so that sum of them equals to 1
WARNING: Number of threads seems too high for short alignments. Use -T AUTO to determine best number of threads.
204  Q.bird+F+R3   3770.943     36  7613.886     7619.483     7766.536
WARNING: Normalizing state frequencies so that sum of them equals to 1
WARNING: Number of threads seems too high for short alignments. Use -T AUTO to determine best number of threads.
212  Q.bird+F+I+R2 3771.354     35  7612.707     7617.990     7761.117
WARNING: Normalizing state frequencies so that sum of them equals to 1
WARNING: Number of threads seems too high for short alignments. Use -T AUTO to determine best number of threads.
213  Q.bird+F+I+R3 3770.460     37  7614.921     7620.841     7771.811
WARNING: Normalizing state frequencies so that sum of them equals to 1
WARNING: Number of threads seems too high for short alignments. Use -T AUTO to determine best number of threads.
223  Q.mammal+G4   3797.369     14  7622.738     7623.581     7682.102
WARNING: Normalizing state frequencies so that sum of them equals to 1
WARNING: Number of threads seems too high for short alignments. Use -T AUTO to determine best number of threads.
225  Q.mammal+R2   3797.244     15  7624.488     7625.454     7688.092
WARNING: Normalizing state frequencies so that sum of them equals to 1
WARNING: Number of threads seems too high for short alignments. Use -T AUTO to determine best number of threads.
226  Q.mammal+R3   3790.657     17  7615.313     7616.550     7687.398
WARNING: Normalizing state frequencies so that sum of them equals to 1
WARNING: Number of threads seems too high for short alignments. Use -T AUTO to determine best number of threads.
234  Q.mammal+I+R2 3791.588     16  7615.175     7616.272     7683.020
WARNING: Normalizing state frequencies so that sum of them equals to 1
WARNING: Number of threads seems too high for short alignments. Use -T AUTO to determine best number of threads.
235  Q.mammal+I+R3 3790.503     18  7617.007     7618.391     7693.331
WARNING: Normalizing state frequencies so that sum of them equals to 1
WARNING: Number of threads seems too high for short alignments. Use -T AUTO to determine best number of threads.
245  Q.mammal+F+G4 3778.178     33  7622.356     7627.040     7762.285
WARNING: Normalizing state frequencies so that sum of them equals to 1
WARNING: Number of threads seems too high for short alignments. Use -T AUTO to determine best number of threads.
247  Q.mammal+F+R2 3777.088     34  7622.175     7627.154     7766.345
WARNING: Normalizing state frequencies so that sum of them equals to 1
WARNING: Number of threads seems too high for short alignments. Use -T AUTO to determine best number of threads.
248  Q.mammal+F+R3 3770.888     36  7613.775     7619.372     7766.425
WARNING: Normalizing state frequencies so that sum of them equals to 1
WARNING: Number of threads seems too high for short alignments. Use -T AUTO to determine best number of threads.
256  Q.mammal+F+I+R2 3771.310     35  7612.620     7617.903     7761.030
WARNING: Normalizing state frequencies so that sum of them equals to 1
WARNING: Number of threads seems too high for short alignments. Use -T AUTO to determine best number of threads.
257  Q.mammal+F+I+R3 3770.617     37  7615.235     7621.155     7772.125
WARNING: Number of threads seems too high for short alignments. Use -T AUTO to determine best number of threads.
267  Q.insect+G4   3785.293     14  7598.587     7599.430     7657.951
WARNING: Number of threads seems too high for short alignments. Use -T AUTO to determine best number of threads.
269  Q.insect+R2   3783.312     15  7596.624     7597.590     7660.228
WARNING: Number of threads seems too high for short alignments. Use -T AUTO to determine best number of threads.
270  Q.insect+R3   3775.269     17  7584.537     7585.774     7656.622
WARNING: Number of threads seems too high for short alignments. Use -T AUTO to determine best number of threads.
278  Q.insect+I+R2 3777.847     16  7587.694     7588.791     7655.539
WARNING: Number of threads seems too high for short alignments. Use -T AUTO to determine best number of threads.
279  Q.insect+I+R3 3775.501     18  7587.003     7588.387     7663.327
WARNING: Number of threads seems too high for short alignments. Use -T AUTO to determine best number of threads.
289  Q.insect+F+G4 3777.390     33  7620.780     7625.464     7760.709
WARNING: Number of threads seems too high for short alignments. Use -T AUTO to determine best number of threads.
291  Q.insect+F+R2 3775.815     34  7619.630     7624.609     7763.800
WARNING: Number of threads seems too high for short alignments. Use -T AUTO to determine best number of threads.
292  Q.insect+F+R3 3767.963     36  7607.926     7613.523     7760.576
WARNING: Number of threads seems too high for short alignments. Use -T AUTO to determine best number of threads.
300  Q.insect+F+I+R2 3769.779     35  7609.557     7614.840     7757.967
WARNING: Number of threads seems too high for short alignments. Use -T AUTO to determine best number of threads.
301  Q.insect+F+I+R3 3768.100     37  7610.200     7616.120     7767.090
WARNING: Normalizing state frequencies so that sum of them equals to 1
WARNING: Number of threads seems too high for short alignments. Use -T AUTO to determine best number of threads.
311  Q.plant+G4    3773.171     14  7574.341     7575.185     7633.705
WARNING: Normalizing state frequencies so that sum of them equals to 1
WARNING: Number of threads seems too high for short alignments. Use -T AUTO to determine best number of threads.
313  Q.plant+R2    3770.121     15  7570.241     7571.207     7633.845
WARNING: Normalizing state frequencies so that sum of them equals to 1
WARNING: Number of threads seems too high for short alignments. Use -T AUTO to determine best number of threads.
314  Q.plant+R3    3762.354     17  7558.709     7559.945     7630.794
WARNING: Normalizing state frequencies so that sum of them equals to 1
WARNING: Number of threads seems too high for short alignments. Use -T AUTO to determine best number of threads.
322  Q.plant+I+R2  3765.320     16  7562.640     7563.737     7630.485
WARNING: Normalizing state frequencies so that sum of them equals to 1
WARNING: Number of threads seems too high for short alignments. Use -T AUTO to determine best number of threads.
323  Q.plant+I+R3  3762.451     18  7560.901     7562.286     7637.226
WARNING: Normalizing state frequencies so that sum of them equals to 1
WARNING: Number of threads seems too high for short alignments. Use -T AUTO to determine best number of threads.
333  Q.plant+F+G4  3762.642     33  7591.283     7595.968     7731.212
WARNING: Normalizing state frequencies so that sum of them equals to 1
WARNING: Number of threads seems too high for short alignments. Use -T AUTO to determine best number of threads.
335  Q.plant+F+R2  3758.811     34  7585.622     7590.601     7729.792
WARNING: Normalizing state frequencies so that sum of them equals to 1
WARNING: Number of threads seems too high for short alignments. Use -T AUTO to determine best number of threads.
336  Q.plant+F+R3  3751.949     36  7575.897     7581.494     7728.547
WARNING: Normalizing state frequencies so that sum of them equals to 1
WARNING: Number of threads seems too high for short alignments. Use -T AUTO to determine best number of threads.
344  Q.plant+F+I+R2 3753.424     35  7576.847     7582.130     7725.257
WARNING: Normalizing state frequencies so that sum of them equals to 1
WARNING: Number of threads seems too high for short alignments. Use -T AUTO to determine best number of threads.
345  Q.plant+F+I+R3 3751.983     37  7577.966     7583.886     7734.857
WARNING: Normalizing state frequencies so that sum of them equals to 1
WARNING: Number of threads seems too high for short alignments. Use -T AUTO to determine best number of threads.
355  Q.yeast+G4    3782.075     14  7592.150     7592.993     7651.514
WARNING: Normalizing state frequencies so that sum of them equals to 1
WARNING: Number of threads seems too high for short alignments. Use -T AUTO to determine best number of threads.
357  Q.yeast+R2    3779.109     15  7588.218     7589.184     7651.822
WARNING: Normalizing state frequencies so that sum of them equals to 1
WARNING: Number of threads seems too high for short alignments. Use -T AUTO to determine best number of threads.
358  Q.yeast+R3    3770.527     17  7575.055     7576.291     7647.139
WARNING: Normalizing state frequencies so that sum of them equals to 1
WARNING: Number of threads seems too high for short alignments. Use -T AUTO to determine best number of threads.
366  Q.yeast+I+R2  3773.825     16  7579.651     7580.748     7647.495
WARNING: Normalizing state frequencies so that sum of them equals to 1
WARNING: Number of threads seems too high for short alignments. Use -T AUTO to determine best number of threads.
367  Q.yeast+I+R3  3770.435     18  7576.870     7578.254     7653.195
WARNING: Normalizing state frequencies so that sum of them equals to 1
WARNING: Number of threads seems too high for short alignments. Use -T AUTO to determine best number of threads.
377  Q.yeast+F+G4  3774.114     33  7614.229     7618.913     7754.158
WARNING: Normalizing state frequencies so that sum of them equals to 1
WARNING: Number of threads seems too high for short alignments. Use -T AUTO to determine best number of threads.
379  Q.yeast+F+R2  3771.560     34  7611.121     7616.100     7755.290
WARNING: Normalizing state frequencies so that sum of them equals to 1
WARNING: Number of threads seems too high for short alignments. Use -T AUTO to determine best number of threads.
380  Q.yeast+F+R3  3763.439     36  7598.877     7604.474     7751.527
WARNING: Normalizing state frequencies so that sum of them equals to 1
WARNING: Number of threads seems too high for short alignments. Use -T AUTO to determine best number of threads.
388  Q.yeast+F+I+R2 3765.869     35  7601.738     7607.021     7750.147
WARNING: Normalizing state frequencies so that sum of them equals to 1
WARNING: Number of threads seems too high for short alignments. Use -T AUTO to determine best number of threads.
389  Q.yeast+F+I+R3 3763.436     37  7600.872     7606.792     7757.762
WARNING: Number of threads seems too high for short alignments. Use -T AUTO to determine best number of threads.
399  JTTDCMut+G4   3781.556     14  7591.111     7591.955     7650.475
WARNING: Number of threads seems too high for short alignments. Use -T AUTO to determine best number of threads.
401  JTTDCMut+R2   3779.991     15  7589.981     7590.947     7653.585
WARNING: Number of threads seems too high for short alignments. Use -T AUTO to determine best number of threads.
402  JTTDCMut+R3   3774.821     17  7583.643     7584.879     7655.727
WARNING: Number of threads seems too high for short alignments. Use -T AUTO to determine best number of threads.
410  JTTDCMut+I+R2 3776.155     16  7584.310     7585.406     7652.154
WARNING: Number of threads seems too high for short alignments. Use -T AUTO to determine best number of threads.
411  JTTDCMut+I+R3 3775.189     18  7586.379     7587.763     7662.704
WARNING: Number of threads seems too high for short alignments. Use -T AUTO to determine best number of threads.
421  JTTDCMut+F+G4 3769.029     33  7604.057     7608.742     7743.986
WARNING: Number of threads seems too high for short alignments. Use -T AUTO to determine best number of threads.
423  JTTDCMut+F+R2 3767.755     34  7603.509     7608.488     7747.678
WARNING: Number of threads seems too high for short alignments. Use -T AUTO to determine best number of threads.
424  JTTDCMut+F+R3 3762.452     36  7596.903     7602.500     7749.553
WARNING: Number of threads seems too high for short alignments. Use -T AUTO to determine best number of threads.
432  JTTDCMut+F+I+R2 3762.695     35  7595.389     7600.672     7743.799
WARNING: Number of threads seems too high for short alignments. Use -T AUTO to determine best number of threads.
433  JTTDCMut+F+I+R3 3762.191     37  7598.382     7604.302     7755.273
WARNING: Number of threads seems too high for short alignments. Use -T AUTO to determine best number of threads.
443  DCMut+G4      3812.452     14  7652.904     7653.748     7712.268
WARNING: Number of threads seems too high for short alignments. Use -T AUTO to determine best number of threads.
445  DCMut+R2      3812.872     15  7655.744     7656.709     7719.348
WARNING: Number of threads seems too high for short alignments. Use -T AUTO to determine best number of threads.
446  DCMut+R3      3805.024     17  7644.048     7645.284     7716.133
WARNING: Number of threads seems too high for short alignments. Use -T AUTO to determine best number of threads.
454  DCMut+I+R2    3808.114     16  7648.228     7649.325     7716.073
WARNING: Number of threads seems too high for short alignments. Use -T AUTO to determine best number of threads.
455  DCMut+I+R3    3805.283     18  7646.567     7647.951     7722.892
WARNING: Number of threads seems too high for short alignments. Use -T AUTO to determine best number of threads.
465  DCMut+F+G4    3795.967     33  7657.933     7662.618     7797.862
WARNING: Number of threads seems too high for short alignments. Use -T AUTO to determine best number of threads.
467  DCMut+F+R2    3797.228     34  7662.455     7667.434     7806.624
WARNING: Number of threads seems too high for short alignments. Use -T AUTO to determine best number of threads.
468  DCMut+F+R3    3789.391     36  7650.782     7656.378     7803.431
WARNING: Number of threads seems too high for short alignments. Use -T AUTO to determine best number of threads.
476  DCMut+F+I+R2  3790.268     35  7650.536     7655.819     7798.945
WARNING: Number of threads seems too high for short alignments. Use -T AUTO to determine best number of threads.
477  DCMut+F+I+R3  3788.927     37  7651.854     7657.774     7808.744
WARNING: Number of threads seems too high for short alignments. Use -T AUTO to determine best number of threads.
487  VT+G4         3800.030     14  7628.060     7628.904     7687.424
WARNING: Number of threads seems too high for short alignments. Use -T AUTO to determine best number of threads.
489  VT+R2         3795.978     15  7621.955     7622.921     7685.559
WARNING: Number of threads seems too high for short alignments. Use -T AUTO to determine best number of threads.
490  VT+R3         3792.428     17  7618.856     7620.093     7690.941
WARNING: Number of threads seems too high for short alignments. Use -T AUTO to determine best number of threads.
498  VT+I+R2       3793.800     16  7619.600     7620.696     7687.444
WARNING: Number of threads seems too high for short alignments. Use -T AUTO to determine best number of threads.
499  VT+I+R3       3793.252     18  7622.504     7623.888     7698.829
WARNING: Number of threads seems too high for short alignments. Use -T AUTO to determine best number of threads.
509  VT+F+G4       3794.121     33  7654.242     7658.927     7794.171
WARNING: Number of threads seems too high for short alignments. Use -T AUTO to determine best number of threads.
511  VT+F+R2       3790.523     34  7649.047     7654.026     7793.216
WARNING: Number of threads seems too high for short alignments. Use -T AUTO to determine best number of threads.
512  VT+F+R3       3786.663     36  7645.326     7650.923     7797.976
WARNING: Number of threads seems too high for short alignments. Use -T AUTO to determine best number of threads.
520  VT+F+I+R2     3787.472     35  7644.944     7650.227     7793.354
WARNING: Number of threads seems too high for short alignments. Use -T AUTO to determine best number of threads.
521  VT+F+I+R3     3787.103     37  7648.207     7654.127     7805.097
WARNING: Number of threads seems too high for short alignments. Use -T AUTO to determine best number of threads.
531  PMB+G4        3841.072     14  7710.144     7710.988     7769.508
WARNING: Number of threads seems too high for short alignments. Use -T AUTO to determine best number of threads.
533  PMB+R2        3836.843     15  7703.687     7704.653     7767.291
WARNING: Number of threads seems too high for short alignments. Use -T AUTO to determine best number of threads.
534  PMB+R3        3834.499     17  7702.997     7704.234     7775.082
WARNING: Number of threads seems too high for short alignments. Use -T AUTO to determine best number of threads.
542  PMB+I+R2      3835.565     16  7703.131     7704.227     7770.975
WARNING: Number of threads seems too high for short alignments. Use -T AUTO to determine best number of threads.
543  PMB+I+R3      3835.226     18  7706.452     7707.837     7782.777
WARNING: Number of threads seems too high for short alignments. Use -T AUTO to determine best number of threads.
553  PMB+F+G4      3820.428     33  7706.856     7711.540     7846.785
WARNING: Number of threads seems too high for short alignments. Use -T AUTO to determine best number of threads.
555  PMB+F+R2      3816.820     34  7701.640     7706.619     7845.809
WARNING: Number of threads seems too high for short alignments. Use -T AUTO to determine best number of threads.
556  PMB+F+R3      3813.465     36  7698.931     7704.527     7851.581
WARNING: Number of threads seems too high for short alignments. Use -T AUTO to determine best number of threads.
564  PMB+F+I+R2    3814.342     35  7698.685     7703.968     7847.095
WARNING: Number of threads seems too high for short alignments. Use -T AUTO to determine best number of threads.
565  PMB+F+I+R3    3814.033     37  7702.066     7707.986     7858.956
WARNING: Number of threads seems too high for short alignments. Use -T AUTO to determine best number of threads.
575  Blosum62+G4   3836.097     14  7700.193     7701.037     7759.557
WARNING: Number of threads seems too high for short alignments. Use -T AUTO to determine best number of threads.
577  Blosum62+R2   3830.604     15  7691.208     7692.174     7754.812
WARNING: Number of threads seems too high for short alignments. Use -T AUTO to determine best number of threads.
578  Blosum62+R3   3828.354     17  7690.708     7691.945     7762.793
WARNING: Number of threads seems too high for short alignments. Use -T AUTO to determine best number of threads.
586  Blosum62+I+R2 3829.326     16  7690.652     7691.749     7758.496
WARNING: Number of threads seems too high for short alignments. Use -T AUTO to determine best number of threads.
587  Blosum62+I+R3 3828.998     18  7693.996     7695.381     7770.321
WARNING: Number of threads seems too high for short alignments. Use -T AUTO to determine best number of threads.
597  Blosum62+F+G4 3819.124     33  7704.248     7708.933     7844.177
WARNING: Number of threads seems too high for short alignments. Use -T AUTO to determine best number of threads.
599  Blosum62+F+R2 3814.380     34  7696.759     7701.738     7840.929
WARNING: Number of threads seems too high for short alignments. Use -T AUTO to determine best number of threads.
600  Blosum62+F+R3 3811.077     36  7694.153     7699.750     7846.803
WARNING: Number of threads seems too high for short alignments. Use -T AUTO to determine best number of threads.
608  Blosum62+F+I+R2 3812.202     35  7694.404     7699.687     7842.814
WARNING: Number of threads seems too high for short alignments. Use -T AUTO to determine best number of threads.
609  Blosum62+F+I+R3 3811.819     37  7697.638     7703.558     7854.528
WARNING: Number of threads seems too high for short alignments. Use -T AUTO to determine best number of threads.
619  Dayhoff+G4    3812.249     14  7652.497     7653.341     7711.861
WARNING: Number of threads seems too high for short alignments. Use -T AUTO to determine best number of threads.
621  Dayhoff+R2    3812.686     15  7655.372     7656.338     7718.977
WARNING: Number of threads seems too high for short alignments. Use -T AUTO to determine best number of threads.
622  Dayhoff+R3    3804.816     17  7643.632     7644.868     7715.716
WARNING: Number of threads seems too high for short alignments. Use -T AUTO to determine best number of threads.
630  Dayhoff+I+R2  3807.910     16  7647.821     7648.917     7715.665
WARNING: Number of threads seems too high for short alignments. Use -T AUTO to determine best number of threads.
631  Dayhoff+I+R3  3805.068     18  7646.137     7647.521     7722.462
WARNING: Number of threads seems too high for short alignments. Use -T AUTO to determine best number of threads.
641  Dayhoff+F+G4  3795.757     33  7657.515     7662.200     7797.444
WARNING: Number of threads seems too high for short alignments. Use -T AUTO to determine best number of threads.
643  Dayhoff+F+R2  3797.045     34  7662.090     7667.069     7806.259
WARNING: Number of threads seems too high for short alignments. Use -T AUTO to determine best number of threads.
644  Dayhoff+F+R3  3789.189     36  7650.378     7655.974     7803.028
WARNING: Number of threads seems too high for short alignments. Use -T AUTO to determine best number of threads.
652  Dayhoff+F+I+R2 3790.050     35  7650.099     7655.382     7798.509
WARNING: Number of threads seems too high for short alignments. Use -T AUTO to determine best number of threads.
653  Dayhoff+F+I+R3 3788.706     37  7651.412     7657.332     7808.302
WARNING: Number of threads seems too high for short alignments. Use -T AUTO to determine best number of threads.
663  mtREV+G4      4011.702     14  8051.405     8052.248     8110.769
WARNING: Number of threads seems too high for short alignments. Use -T AUTO to determine best number of threads.
665  mtREV+R2      4015.378     15  8060.756     8061.722     8124.360
WARNING: Number of threads seems too high for short alignments. Use -T AUTO to determine best number of threads.
666  mtREV+R3      4001.602     17  8037.204     8038.440     8109.288
WARNING: Number of threads seems too high for short alignments. Use -T AUTO to determine best number of threads.
674  mtREV+I+R2    4011.371     16  8054.742     8055.839     8122.586
WARNING: Number of threads seems too high for short alignments. Use -T AUTO to determine best number of threads.
675  mtREV+I+R3    4000.919     18  8037.839     8039.223     8114.164
WARNING: Number of threads seems too high for short alignments. Use -T AUTO to determine best number of threads.
685  mtREV+F+G4    3814.449     33  7694.898     7699.583     7834.828
WARNING: Number of threads seems too high for short alignments. Use -T AUTO to determine best number of threads.
687  mtREV+F+R2    3815.001     34  7698.002     7702.981     7842.171
WARNING: Number of threads seems too high for short alignments. Use -T AUTO to determine best number of threads.
688  mtREV+F+R3    3799.449     36  7670.898     7676.494     7823.547
WARNING: Number of threads seems too high for short alignments. Use -T AUTO to determine best number of threads.
696  mtREV+F+I+R2  3809.585     35  7689.170     7694.453     7837.580
WARNING: Number of threads seems too high for short alignments. Use -T AUTO to determine best number of threads.
697  mtREV+F+I+R3  3799.026     37  7672.052     7677.972     7828.942
WARNING: Number of threads seems too high for short alignments. Use -T AUTO to determine best number of threads.
707  mtART+G4      4046.533     14  8121.066     8121.910     8180.430
WARNING: Number of threads seems too high for short alignments. Use -T AUTO to determine best number of threads.
709  mtART+R2      4054.157     15  8138.313     8139.279     8201.917
WARNING: Number of threads seems too high for short alignments. Use -T AUTO to determine best number of threads.
710  mtART+R3      4038.978     17  8111.957     8113.193     8184.042
WARNING: Number of threads seems too high for short alignments. Use -T AUTO to determine best number of threads.
718  mtART+I+R2    4046.271     16  8124.541     8125.638     8192.385
WARNING: Number of threads seems too high for short alignments. Use -T AUTO to determine best number of threads.
719  mtART+I+R3    4038.968     18  8113.936     8115.321     8190.261
WARNING: Number of threads seems too high for short alignments. Use -T AUTO to determine best number of threads.
729  mtART+F+G4    3834.411     33  7734.822     7739.506     7874.751
WARNING: Number of threads seems too high for short alignments. Use -T AUTO to determine best number of threads.
731  mtART+F+R2    3834.983     34  7737.967     7742.946     7882.136
WARNING: Number of threads seems too high for short alignments. Use -T AUTO to determine best number of threads.
732  mtART+F+R3    3817.310     36  7706.619     7712.216     7859.269
WARNING: Number of threads seems too high for short alignments. Use -T AUTO to determine best number of threads.
740  mtART+F+I+R2  3827.788     35  7725.577     7730.860     7873.986
WARNING: Number of threads seems too high for short alignments. Use -T AUTO to determine best number of threads.
741  mtART+F+I+R3  3816.669     37  7707.338     7713.258     7864.228
WARNING: Number of threads seems too high for short alignments. Use -T AUTO to determine best number of threads.
751  mtZOA+G4      3992.492     14  8012.985     8013.828     8072.349
WARNING: Number of threads seems too high for short alignments. Use -T AUTO to determine best number of threads.
753  mtZOA+R2      3999.566     15  8029.133     8030.099     8092.737
WARNING: Number of threads seems too high for short alignments. Use -T AUTO to determine best number of threads.
754  mtZOA+R3      3983.580     17  8001.159     8002.396     8073.244
WARNING: Number of threads seems too high for short alignments. Use -T AUTO to determine best number of threads.
762  mtZOA+I+R2    3994.048     16  8020.097     8021.193     8087.941
WARNING: Number of threads seems too high for short alignments. Use -T AUTO to determine best number of threads.
763  mtZOA+I+R3    3982.671     18  8001.342     8002.726     8077.667
WARNING: Number of threads seems too high for short alignments. Use -T AUTO to determine best number of threads.
773  mtZOA+F+G4    3803.427     33  7672.855     7677.539     7812.784
WARNING: Number of threads seems too high for short alignments. Use -T AUTO to determine best number of threads.
775  mtZOA+F+R2    3803.883     34  7675.766     7680.745     7819.936
WARNING: Number of threads seems too high for short alignments. Use -T AUTO to determine best number of threads.
776  mtZOA+F+R3    3787.006     36  7646.012     7651.608     7798.662
WARNING: Number of threads seems too high for short alignments. Use -T AUTO to determine best number of threads.
784  mtZOA+F+I+R2  3796.214     35  7662.427     7667.710     7810.837
WARNING: Number of threads seems too high for short alignments. Use -T AUTO to determine best number of threads.
785  mtZOA+F+I+R3  3786.257     37  7646.513     7652.433     7803.403
WARNING: Number of threads seems too high for short alignments. Use -T AUTO to determine best number of threads.
795  mtMet+G4      3993.202     14  8014.404     8015.248     8073.768
WARNING: Number of threads seems too high for short alignments. Use -T AUTO to determine best number of threads.
797  mtMet+R2      3998.560     15  8027.121     8028.087     8090.725
WARNING: Number of threads seems too high for short alignments. Use -T AUTO to determine best number of threads.
798  mtMet+R3      3987.303     17  8008.607     8009.843     8080.692
WARNING: Number of threads seems too high for short alignments. Use -T AUTO to determine best number of threads.
806  mtMet+I+R2    3991.545     16  8015.090     8016.186     8082.934
WARNING: Number of threads seems too high for short alignments. Use -T AUTO to determine best number of threads.
807  mtMet+I+R3    3986.610     18  8009.220     8010.604     8085.544
WARNING: Number of threads seems too high for short alignments. Use -T AUTO to determine best number of threads.
817  mtMet+F+G4    3796.578     33  7659.156     7663.841     7799.086
WARNING: Number of threads seems too high for short alignments. Use -T AUTO to determine best number of threads.
819  mtMet+F+R2    3797.321     34  7662.642     7667.621     7806.811
WARNING: Number of threads seems too high for short alignments. Use -T AUTO to determine best number of threads.
820  mtMet+F+R3    3786.150     36  7644.300     7649.896     7796.950
WARNING: Number of threads seems too high for short alignments. Use -T AUTO to determine best number of threads.
828  mtMet+F+I+R2  3789.948     35  7649.895     7655.178     7798.305
WARNING: Number of threads seems too high for short alignments. Use -T AUTO to determine best number of threads.
829  mtMet+F+I+R3  3785.895     37  7645.790     7651.710     7802.680
WARNING: Number of threads seems too high for short alignments. Use -T AUTO to determine best number of threads.
839  mtVer+G4      4013.554     14  8055.108     8055.952     8114.472
WARNING: Number of threads seems too high for short alignments. Use -T AUTO to determine best number of threads.
841  mtVer+R2      4023.370     15  8076.741     8077.707     8140.345
WARNING: Number of threads seems too high for short alignments. Use -T AUTO to determine best number of threads.
842  mtVer+R3      4007.095     17  8048.190     8049.426     8120.275
WARNING: Number of threads seems too high for short alignments. Use -T AUTO to determine best number of threads.
850  mtVer+I+R2    4013.541     16  8059.083     8060.179     8126.927
WARNING: Number of threads seems too high for short alignments. Use -T AUTO to determine best number of threads.
851  mtVer+I+R3    4006.329     18  8048.658     8050.043     8124.983
WARNING: Number of threads seems too high for short alignments. Use -T AUTO to determine best number of threads.
861  mtVer+F+G4    3816.117     33  7698.233     7702.918     7838.162
WARNING: Number of threads seems too high for short alignments. Use -T AUTO to determine best number of threads.
863  mtVer+F+R2    3817.599     34  7703.198     7708.177     7847.367
WARNING: Number of threads seems too high for short alignments. Use -T AUTO to determine best number of threads.
864  mtVer+F+R3    3803.809     36  7679.619     7685.216     7832.269
WARNING: Number of threads seems too high for short alignments. Use -T AUTO to determine best number of threads.
872  mtVer+F+I+R2  3806.994     35  7683.987     7689.270     7832.397
WARNING: Number of threads seems too high for short alignments. Use -T AUTO to determine best number of threads.
873  mtVer+F+I+R3  3803.956     37  7681.912     7687.832     7838.803
WARNING: Number of threads seems too high for short alignments. Use -T AUTO to determine best number of threads.
883  mtInv+G4      4036.460     14  8100.920     8101.764     8160.284
WARNING: Number of threads seems too high for short alignments. Use -T AUTO to determine best number of threads.
885  mtInv+R2      4039.549     15  8109.099     8110.065     8172.703
WARNING: Number of threads seems too high for short alignments. Use -T AUTO to determine best number of threads.
886  mtInv+R3      4030.147     17  8094.294     8095.530     8166.378
WARNING: Number of threads seems too high for short alignments. Use -T AUTO to determine best number of threads.
894  mtInv+I+R2    4034.088     16  8100.176     8101.273     8168.020
WARNING: Number of threads seems too high for short alignments. Use -T AUTO to determine best number of threads.
895  mtInv+I+R3    4030.272     18  8096.544     8097.928     8172.868
WARNING: Number of threads seems too high for short alignments. Use -T AUTO to determine best number of threads.
905  mtInv+F+G4    3793.041     33  7652.082     7656.767     7792.012
WARNING: Number of threads seems too high for short alignments. Use -T AUTO to determine best number of threads.
907  mtInv+F+R2    3792.280     34  7652.561     7657.540     7796.730
WARNING: Number of threads seems too high for short alignments. Use -T AUTO to determine best number of threads.
908  mtInv+F+R3    3782.037     36  7636.075     7641.671     7788.725
WARNING: Number of threads seems too high for short alignments. Use -T AUTO to determine best number of threads.
916  mtInv+F+I+R2  3786.546     35  7643.091     7648.374     7791.501
WARNING: Number of threads seems too high for short alignments. Use -T AUTO to determine best number of threads.
917  mtInv+F+I+R3  3781.944     37  7637.889     7643.809     7794.779
WARNING: Number of threads seems too high for short alignments. Use -T AUTO to determine best number of threads.
927  mtMAM+G4      4032.553     14  8093.106     8093.949     8152.470
WARNING: Number of threads seems too high for short alignments. Use -T AUTO to determine best number of threads.
929  mtMAM+R2      4044.684     15  8119.369     8120.335     8182.973
WARNING: Number of threads seems too high for short alignments. Use -T AUTO to determine best number of threads.
930  mtMAM+R3      4027.097     17  8088.194     8089.431     8160.279
WARNING: Number of threads seems too high for short alignments. Use -T AUTO to determine best number of threads.
938  mtMAM+I+R2    4034.429     16  8100.858     8101.955     8168.702
WARNING: Number of threads seems too high for short alignments. Use -T AUTO to determine best number of threads.
939  mtMAM+I+R3    4026.927     18  8089.855     8091.239     8166.180
WARNING: Number of threads seems too high for short alignments. Use -T AUTO to determine best number of threads.
949  mtMAM+F+G4    3835.053     33  7736.105     7740.790     7876.035
WARNING: Number of threads seems too high for short alignments. Use -T AUTO to determine best number of threads.
951  mtMAM+F+R2    3838.839     34  7745.679     7750.658     7889.848
WARNING: Number of threads seems too high for short alignments. Use -T AUTO to determine best number of threads.
952  mtMAM+F+R3    3824.445     36  7720.890     7726.487     7873.540
WARNING: Number of threads seems too high for short alignments. Use -T AUTO to determine best number of threads.
960  mtMAM+F+I+R2  3829.901     35  7729.801     7735.084     7878.211
WARNING: Number of threads seems too high for short alignments. Use -T AUTO to determine best number of threads.
961  mtMAM+F+I+R3  3824.008     37  7722.016     7727.936     7878.906
WARNING: Normalizing state frequencies so that sum of them equals to 1
WARNING: Number of threads seems too high for short alignments. Use -T AUTO to determine best number of threads.
971  FLAVI+G4      3872.247     14  7772.494     7773.338     7831.858
WARNING: Normalizing state frequencies so that sum of them equals to 1
WARNING: Number of threads seems too high for short alignments. Use -T AUTO to determine best number of threads.
973  FLAVI+R2      3874.435     15  7778.871     7779.837     7842.475
WARNING: Normalizing state frequencies so that sum of them equals to 1
WARNING: Number of threads seems too high for short alignments. Use -T AUTO to determine best number of threads.
974  FLAVI+R3      3863.217     17  7760.435     7761.671     7832.519
WARNING: Normalizing state frequencies so that sum of them equals to 1
WARNING: Number of threads seems too high for short alignments. Use -T AUTO to determine best number of threads.
982  FLAVI+I+R2    3867.678     16  7767.356     7768.453     7835.200
WARNING: Normalizing state frequencies so that sum of them equals to 1
WARNING: Number of threads seems too high for short alignments. Use -T AUTO to determine best number of threads.
983  FLAVI+I+R3    3863.177     18  7762.354     7763.739     7838.679
WARNING: Normalizing state frequencies so that sum of them equals to 1
WARNING: Number of threads seems too high for short alignments. Use -T AUTO to determine best number of threads.
993  FLAVI+F+G4    3814.314     33  7694.629     7699.313     7834.558
WARNING: Normalizing state frequencies so that sum of them equals to 1
WARNING: Number of threads seems too high for short alignments. Use -T AUTO to determine best number of threads.
995  FLAVI+F+R2    3815.283     34  7698.566     7703.545     7842.735
WARNING: Normalizing state frequencies so that sum of them equals to 1
WARNING: Number of threads seems too high for short alignments. Use -T AUTO to determine best number of threads.
996  FLAVI+F+R3    3804.332     36  7680.664     7686.260     7833.314
WARNING: Normalizing state frequencies so that sum of them equals to 1
WARNING: Number of threads seems too high for short alignments. Use -T AUTO to determine best number of threads.
1004  FLAVI+F+I+R2  3807.170     35  7684.341     7689.624     7832.750
WARNING: Normalizing state frequencies so that sum of them equals to 1
WARNING: Number of threads seems too high for short alignments. Use -T AUTO to determine best number of threads.
1005  FLAVI+F+I+R3  3804.206     37  7682.412     7688.332     7839.302
WARNING: Number of threads seems too high for short alignments. Use -T AUTO to determine best number of threads.
1015  HIVb+G4       3811.601     14  7651.202     7652.046     7710.566
WARNING: Number of threads seems too high for short alignments. Use -T AUTO to determine best number of threads.
1017  HIVb+R2       3811.749     15  7653.498     7654.464     7717.102
WARNING: Number of threads seems too high for short alignments. Use -T AUTO to determine best number of threads.
1018  HIVb+R3       3802.047     17  7638.094     7639.331     7710.179
WARNING: Number of threads seems too high for short alignments. Use -T AUTO to determine best number of threads.
1026  HIVb+I+R2     3807.486     16  7646.973     7648.070     7714.817
WARNING: Number of threads seems too high for short alignments. Use -T AUTO to determine best number of threads.
1027  HIVb+I+R3     3801.333     18  7638.666     7640.051     7714.991
WARNING: Number of threads seems too high for short alignments. Use -T AUTO to determine best number of threads.
1037  HIVb+F+G4     3789.358     33  7644.716     7649.400     7784.645
WARNING: Number of threads seems too high for short alignments. Use -T AUTO to determine best number of threads.
1039  HIVb+F+R2     3789.352     34  7646.703     7651.682     7790.873
WARNING: Number of threads seems too high for short alignments. Use -T AUTO to determine best number of threads.
1040  HIVb+F+R3     3780.158     36  7632.316     7637.912     7784.966
WARNING: Number of threads seems too high for short alignments. Use -T AUTO to determine best number of threads.
1048  HIVb+F+I+R2   3783.758     35  7637.517     7642.800     7785.926
WARNING: Number of threads seems too high for short alignments. Use -T AUTO to determine best number of threads.
1049  HIVb+F+I+R3   3780.059     37  7634.118     7640.038     7791.009
WARNING: Number of threads seems too high for short alignments. Use -T AUTO to determine best number of threads.
1059  HIVw+G4       3877.328     14  7782.656     7783.500     7842.020
WARNING: Number of threads seems too high for short alignments. Use -T AUTO to determine best number of threads.
1061  HIVw+R2       3887.192     15  7804.384     7805.350     7867.989
WARNING: Number of threads seems too high for short alignments. Use -T AUTO to determine best number of threads.
1062  HIVw+R3       3874.275     17  7782.551     7783.787     7854.636
WARNING: Number of threads seems too high for short alignments. Use -T AUTO to determine best number of threads.
1070  HIVw+I+R2     3877.363     16  7786.726     7787.823     7854.570
WARNING: Number of threads seems too high for short alignments. Use -T AUTO to determine best number of threads.
1071  HIVw+I+R3     3873.846     18  7783.692     7785.077     7860.017
WARNING: Number of threads seems too high for short alignments. Use -T AUTO to determine best number of threads.
1081  HIVw+F+G4     3835.808     33  7737.616     7742.301     7877.546
WARNING: Number of threads seems too high for short alignments. Use -T AUTO to determine best number of threads.
1083  HIVw+F+R2     3844.198     34  7756.396     7761.375     7900.565
WARNING: Number of threads seems too high for short alignments. Use -T AUTO to determine best number of threads.
1084  HIVw+F+R3     3832.747     36  7737.494     7743.090     7890.144
WARNING: Number of threads seems too high for short alignments. Use -T AUTO to determine best number of threads.
1092  HIVw+F+I+R2   3833.874     35  7737.748     7743.031     7886.158
WARNING: Number of threads seems too high for short alignments. Use -T AUTO to determine best number of threads.
1093  HIVw+F+I+R3   3831.365     37  7736.730     7742.650     7893.620
WARNING: Number of threads seems too high for short alignments. Use -T AUTO to determine best number of threads.
1103  FLU+G4        3808.264     14  7644.529     7645.372     7703.892
WARNING: Number of threads seems too high for short alignments. Use -T AUTO to determine best number of threads.
1105  FLU+R2        3806.824     15  7643.648     7644.614     7707.252
WARNING: Number of threads seems too high for short alignments. Use -T AUTO to determine best number of threads.
1106  FLU+R3        3799.156     17  7632.311     7633.547     7704.396
WARNING: Number of threads seems too high for short alignments. Use -T AUTO to determine best number of threads.
1114  FLU+I+R2      3801.629     16  7635.257     7636.354     7703.102
WARNING: Number of threads seems too high for short alignments. Use -T AUTO to determine best number of threads.
1115  FLU+I+R3      3798.871     18  7633.743     7635.127     7710.068
WARNING: Number of threads seems too high for short alignments. Use -T AUTO to determine best number of threads.
1125  FLU+F+G4      3807.927     33  7681.855     7686.539     7821.784
WARNING: Number of threads seems too high for short alignments. Use -T AUTO to determine best number of threads.
1127  FLU+F+R2      3806.879     34  7681.757     7686.736     7825.927
WARNING: Number of threads seems too high for short alignments. Use -T AUTO to determine best number of threads.
1128  FLU+F+R3      3798.901     36  7669.802     7675.398     7822.452
WARNING: Number of threads seems too high for short alignments. Use -T AUTO to determine best number of threads.
1136  FLU+F+I+R2    3800.792     35  7671.585     7676.868     7819.994
WARNING: Number of threads seems too high for short alignments. Use -T AUTO to determine best number of threads.
1137  FLU+F+I+R3    3798.437     37  7670.875     7676.795     7827.765
WARNING: Number of threads seems too high for short alignments. Use -T AUTO to determine best number of threads.
1147  rtREV+G4      3843.563     14  7715.125     7715.968     7774.489
WARNING: Number of threads seems too high for short alignments. Use -T AUTO to determine best number of threads.
1149  rtREV+R2      3838.066     15  7706.133     7707.099     7769.737
WARNING: Number of threads seems too high for short alignments. Use -T AUTO to determine best number of threads.
1150  rtREV+R3      3829.415     17  7692.829     7694.065     7764.914
WARNING: Number of threads seems too high for short alignments. Use -T AUTO to determine best number of threads.
1158  rtREV+I+R2    3835.427     16  7702.854     7703.951     7770.698
WARNING: Number of threads seems too high for short alignments. Use -T AUTO to determine best number of threads.
1159  rtREV+I+R3    3829.179     18  7694.357     7695.742     7770.682
WARNING: Number of threads seems too high for short alignments. Use -T AUTO to determine best number of threads.
1169  rtREV+F+G4    3804.854     33  7675.708     7680.392     7815.637
WARNING: Number of threads seems too high for short alignments. Use -T AUTO to determine best number of threads.
1171  rtREV+F+R2    3801.618     34  7671.237     7676.216     7815.406
WARNING: Number of threads seems too high for short alignments. Use -T AUTO to determine best number of threads.
1172  rtREV+F+R3    3792.131     36  7656.261     7661.858     7808.911
WARNING: Number of threads seems too high for short alignments. Use -T AUTO to determine best number of threads.
1180  rtREV+F+I+R2  3796.343     35  7662.686     7667.969     7811.096
WARNING: Number of threads seems too high for short alignments. Use -T AUTO to determine best number of threads.
1181  rtREV+F+I+R3  3792.021     37  7658.042     7663.962     7814.932
WARNING: Number of threads seems too high for short alignments. Use -T AUTO to determine best number of threads.
1191  cpREV+G4      3806.976     14  7641.952     7642.795     7701.316
WARNING: Number of threads seems too high for short alignments. Use -T AUTO to determine best number of threads.
1193  cpREV+R2      3799.151     15  7628.302     7629.268     7691.906
WARNING: Number of threads seems too high for short alignments. Use -T AUTO to determine best number of threads.
1194  cpREV+R3      3793.914     17  7621.827     7623.064     7693.912
WARNING: Number of threads seems too high for short alignments. Use -T AUTO to determine best number of threads.
1202  cpREV+I+R2    3797.847     16  7627.695     7628.792     7695.539
WARNING: Number of threads seems too high for short alignments. Use -T AUTO to determine best number of threads.
1203  cpREV+I+R3    3794.085     18  7624.169     7625.554     7700.494
WARNING: Number of threads seems too high for short alignments. Use -T AUTO to determine best number of threads.
1213  cpREV+F+G4    3787.909     33  7641.818     7646.503     7781.747
WARNING: Number of threads seems too high for short alignments. Use -T AUTO to determine best number of threads.
1215  cpREV+F+R2    3780.701     34  7629.402     7634.381     7773.571
WARNING: Number of threads seems too high for short alignments. Use -T AUTO to determine best number of threads.
1216  cpREV+F+R3    3775.046     36  7622.092     7627.688     7774.742
WARNING: Number of threads seems too high for short alignments. Use -T AUTO to determine best number of threads.
1224  cpREV+F+I+R2  3778.047     35  7626.094     7631.377     7774.504
WARNING: Number of threads seems too high for short alignments. Use -T AUTO to determine best number of threads.
1225  cpREV+F+I+R3  3775.516     37  7625.031     7630.951     7781.922
Akaike Information Criterion:           Q.plant+R3
Corrected Akaike Information Criterion: Q.plant+R3
Bayesian Information Criterion:         Q.plant+I+R2
Best-fit model: Q.plant+I+R2 chosen according to BIC

All model information printed to 24759at5794_tRNA-align.faa/24759at5794_tRNA-align.faa.model.gz
CPU time for ModelFinder: 922.295 seconds (0h:15m:22s)
Wall-clock time for ModelFinder: 28.992 seconds (0h:0m:28s)
Generating 1000 samples for ultrafast bootstrap (seed: 479645)...
WARNING: Normalizing state frequencies so that sum of them equals to 1

NOTE: 2 MB RAM (0 GB) is required!
WARNING: Number of threads seems too high for short alignments. Use -T AUTO to determine best number of threads.
Estimate model parameters (epsilon = 0.100)
1. Initial log-likelihood: -3765.320
Optimal log-likelihood: -3765.295
Proportion of invariable sites: 0.111
Site proportion and rates:  (0.643,0.271) (0.246,3.353)
Parameters optimization took 1 rounds (0.013 sec)
Wrote distance file to... 
Computing ML distances based on estimated model parameters...
Calculating distance matrix: done in 0.00116486 secs using 2760% CPU
Computing ML distances took 0.001317 sec (of wall-clock time) 0.032306 sec (of CPU time)
Setting up auxiliary I and S matrices: done in 0.0140726 secs using 1087% CPU
Constructing RapidNJ tree: done in 0.0757017 secs using 1022% CPU
Computing RapidNJ tree took 0.089999 sec (of wall-clock time) 0.932077 sec (of CPU time)
Log-likelihood of RapidNJ tree: -3764.837
--------------------------------------------------------------------
|             INITIALIZING CANDIDATE TREE SET                      |
--------------------------------------------------------------------
Generating 98 parsimony trees... 0.034 second
Computing log-likelihood of 63 initial trees ... 0.308 seconds
Current best score: -3764.837

Do NNI search on 20 best initial trees
Optimizing NNI: done in 0.0343959 secs using 3118% CPU
Estimate model parameters (epsilon = 0.100)
BETTER TREE FOUND at iteration 1: -3763.385
Optimizing NNI: done in 0.0153408 secs using 3117% CPU
Optimizing NNI: done in 0.0703366 secs using 3171% CPU
Optimizing NNI: done in 0.0695555 secs using 3206% CPU
Optimizing NNI: done in 0.0509213 secs using 3192% CPU
Optimizing NNI: done in 0.0752026 secs using 3177% CPU
Optimizing NNI: done in 0.0535449 secs using 3211% CPU
Optimizing NNI: done in 0.0523354 secs using 3220% CPU
Optimizing NNI: done in 0.0516348 secs using 3202% CPU
Optimizing NNI: done in 0.035356 secs using 3239% CPU
Iteration 10 / LogL: -3767.613 / Time: 0h:0m:1s
Optimizing NNI: done in 0.0496974 secs using 3203% CPU
Optimizing NNI: done in 0.0689275 secs using 3187% CPU
Optimizing NNI: done in 0.0472677 secs using 3235% CPU
Optimizing NNI: done in 0.0693845 secs using 3213% CPU
Optimizing NNI: done in 0.036168 secs using 3168% CPU
Optimizing NNI: done in 0.0537323 secs using 3143% CPU
Optimizing NNI: done in 0.0509236 secs using 3182% CPU
Optimizing NNI: done in 0.0538864 secs using 3191% CPU
Optimizing NNI: done in 0.0708199 secs using 3186% CPU
Optimizing NNI: done in 0.0356665 secs using 3128% CPU
Iteration 20 / LogL: -3764.167 / Time: 0h:0m:1s
Finish initializing candidate tree set (5)
Current best tree score: -3763.385 / CPU time: 1.408
Number of iterations: 20
--------------------------------------------------------------------
|               OPTIMIZING CANDIDATE TREE SET                      |
--------------------------------------------------------------------
Optimizing NNI: done in 0.0389877 secs using 3187% CPU
Optimizing NNI: done in 0.0371477 secs using 3172% CPU
Optimizing NNI: done in 0.0354519 secs using 3143% CPU
Optimizing NNI: done in 0.0341706 secs using 3170% CPU
Optimizing NNI: done in 0.0356722 secs using 3127% CPU
Optimizing NNI: done in 0.037733 secs using 3207% CPU
Optimizing NNI: done in 0.0500099 secs using 3178% CPU
Optimizing NNI: done in 0.0313437 secs using 3150% CPU
Optimizing NNI: done in 0.0295796 secs using 3225% CPU
Optimizing NNI: done in 0.0358019 secs using 3115% CPU
Iteration 30 / LogL: -3765.923 / Time: 0h:0m:1s (0h:0m:4s left)
Optimizing NNI: done in 0.0531676 secs using 3171% CPU
Optimizing NNI: done in 0.0156085 secs using 3263% CPU
Optimizing NNI: done in 0.0377291 secs using 3209% CPU
Optimizing NNI: done in 0.0361652 secs using 3257% CPU
Optimizing NNI: done in 0.0358598 secs using 3108% CPU
Optimizing NNI: done in 0.0358587 secs using 3199% CPU
Optimizing NNI: done in 0.0537632 secs using 3199% CPU
Optimizing NNI: done in 0.0777474 secs using 3193% CPU
Optimizing NNI: done in 0.0355318 secs using 3228% CPU
Optimizing NNI: done in 0.0360528 secs using 3180% CPU
Iteration 40 / LogL: -3765.059 / Time: 0h:0m:2s (0h:0m:3s left)
Optimizing NNI: done in 0.0369678 secs using 3189% CPU
Optimizing NNI: done in 0.0157466 secs using 3235% CPU
Optimizing NNI: done in 0.0319621 secs using 3181% CPU
Optimizing NNI: done in 0.053366 secs using 3223% CPU
Optimizing NNI: done in 0.0505753 secs using 3152% CPU
Optimizing NNI: done in 0.0368841 secs using 3197% CPU
Optimizing NNI: done in 0.0335731 secs using 3221% CPU
Optimizing NNI: done in 0.0584797 secs using 3209% CPU
Optimizing NNI: done in 0.0501007 secs using 3180% CPU
Optimizing NNI: done in 0.065447 secs using 3163% CPU
Iteration 50 / LogL: -3765.385 / Time: 0h:0m:2s (0h:0m:2s left)
Log-likelihood cutoff on original alignment: -3791.686
Optimizing NNI: done in 0.0566089 secs using 3147% CPU
Optimizing NNI: done in 0.0355878 secs using 3220% CPU
Optimizing NNI: done in 0.0383138 secs using 3159% CPU
Optimizing NNI: done in 0.0567424 secs using 3141% CPU
Optimizing NNI: done in 0.0983569 secs using 3203% CPU
Optimizing NNI: done in 0.0635678 secs using 3157% CPU
Optimizing NNI: done in 0.121799 secs using 3189% CPU
Optimizing NNI: done in 0.096352 secs using 3206% CPU
Optimizing NNI: done in 0.0552048 secs using 3173% CPU
Optimizing NNI: done in 0.0352168 secs using 3165% CPU
Iteration 60 / LogL: -3763.661 / Time: 0h:0m:3s (0h:0m:2s left)
Optimizing NNI: done in 0.0524969 secs using 3216% CPU
Optimizing NNI: done in 0.0552325 secs using 3171% CPU
Optimizing NNI: done in 0.0636768 secs using 3199% CPU
Optimizing NNI: done in 0.0366917 secs using 3212% CPU
Optimizing NNI: done in 0.0528077 secs using 3137% CPU
Optimizing NNI: done in 0.0340441 secs using 3180% CPU
Optimizing NNI: done in 0.080802 secs using 3190% CPU
Optimizing NNI: done in 0.0379304 secs using 3192% CPU
Optimizing NNI: done in 0.0683534 secs using 3213% CPU
Optimizing NNI: done in 0.0334708 secs using 3140% CPU
Iteration 70 / LogL: -3763.720 / Time: 0h:0m:4s (0h:0m:1s left)
Optimizing NNI: done in 0.0380143 secs using 3184% CPU
Optimizing NNI: done in 0.0551166 secs using 3181% CPU
Optimizing NNI: done in 0.0352536 secs using 3162% CPU
Optimizing NNI: done in 0.0973193 secs using 3171% CPU
Optimizing NNI: done in 0.0640141 secs using 3178% CPU
Optimizing NNI: done in 0.0422483 secs using 3166% CPU
Optimizing NNI: done in 0.0422077 secs using 3245% CPU
Optimizing NNI: done in 0.0488227 secs using 3132% CPU
Optimizing NNI: done in 0.0435561 secs using 3144% CPU
Optimizing NNI: done in 0.0576928 secs using 3199% CPU
Iteration 80 / LogL: -3765.323 / Time: 0h:0m:4s (0h:0m:1s left)
Optimizing NNI: done in 0.0615686 secs using 3203% CPU
Optimizing NNI: done in 0.0457419 secs using 3201% CPU
Optimizing NNI: done in 0.0538519 secs using 3136% CPU
Optimizing NNI: done in 0.0895226 secs using 3166% CPU
Optimizing NNI: done in 0.0782386 secs using 3170% CPU
Optimizing NNI: done in 0.0790567 secs using 3183% CPU
Optimizing NNI: done in 0.139871 secs using 3187% CPU
Optimizing NNI: done in 0.0786996 secs using 3195% CPU
Optimizing NNI: done in 0.0519759 secs using 3187% CPU
Optimizing NNI: done in 0.0484664 secs using 3219% CPU
Iteration 90 / LogL: -3766.907 / Time: 0h:0m:5s (0h:0m:0s left)
Optimizing NNI: done in 0.0884408 secs using 3169% CPU
Optimizing NNI: done in 0.04166 secs using 3135% CPU
Optimizing NNI: done in 0.0546825 secs using 3143% CPU
Optimizing NNI: done in 0.14307 secs using 3181% CPU
Optimizing NNI: done in 0.10292 secs using 3185% CPU
Optimizing NNI: done in 0.0229992 secs using 3182% CPU
Optimizing NNI: done in 0.142125 secs using 3180% CPU
Optimizing NNI: done in 0.137166 secs using 3182% CPU
Optimizing NNI: done in 0.0840198 secs using 3181% CPU
Optimizing NNI: done in 0.0783334 secs using 3204% CPU
Iteration 100 / LogL: -3763.438 / Time: 0h:0m:6s (0h:0m:0s left)
Log-likelihood cutoff on original alignment: -3791.686
NOTE: Bootstrap correlation coefficient of split occurrence frequencies: 0.999
Optimizing NNI: done in 0.0715326 secs using 3202% CPU
Optimizing NNI: done in 0.0567843 secs using 3194% CPU
TREE SEARCH COMPLETED AFTER 102 ITERATIONS / Time: 0h:0m:6s

--------------------------------------------------------------------
|                    FINALIZING TREE SEARCH                        |
--------------------------------------------------------------------
Performs final model parameters optimization
Estimate model parameters (epsilon = 0.010)
1. Initial log-likelihood: -3763.385
2. Current log-likelihood: -3763.372
Optimal log-likelihood: -3763.366
Proportion of invariable sites: 0.104
Site proportion and rates:  (0.651,0.267) (0.245,3.369)
Parameters optimization took 2 rounds (0.025 sec)
BEST SCORE FOUND : -3763.366
Creating bootstrap support values...
Split supports printed to NEXUS file 24759at5794_tRNA-align.faa/24759at5794_tRNA-align.faa.splits.nex
Total tree length: 8.951

Total number of iterations: 102
CPU time used for tree search: 200.935 sec (0h:3m:20s)
Wall-clock time used for tree search: 6.365 sec (0h:0m:6s)
Total CPU time used: 204.651 sec (0h:3m:24s)
Total wall-clock time used: 6.577 sec (0h:0m:6s)

Computing bootstrap consensus tree...
Reading input file 24759at5794_tRNA-align.faa/24759at5794_tRNA-align.faa.splits.nex...
8 taxa and 39 splits.
Consensus tree written to 24759at5794_tRNA-align.faa/24759at5794_tRNA-align.faa.contree
Reading input trees file 24759at5794_tRNA-align.faa/24759at5794_tRNA-align.faa.contree
Log-likelihood of consensus tree: -3763.366

Analysis results written to: 
  IQ-TREE report:                24759at5794_tRNA-align.faa/24759at5794_tRNA-align.faa.iqtree
  Maximum-likelihood tree:       24759at5794_tRNA-align.faa/24759at5794_tRNA-align.faa.treefile
  Likelihood distances:          24759at5794_tRNA-align.faa/24759at5794_tRNA-align.faa.mldist

Ultrafast bootstrap approximation results written to:
  Split support values:          24759at5794_tRNA-align.faa/24759at5794_tRNA-align.faa.splits.nex
  Consensus tree:                24759at5794_tRNA-align.faa/24759at5794_tRNA-align.faa.contree
  Screen log file:               24759at5794_tRNA-align.faa/24759at5794_tRNA-align.faa.log

Date and Time: Fri Mar  1 09:00:10 2024
